BLOCK00/SES002/SA002S12	SES002	1.26931	3.90546	2.63615
BLOCK00/SES002/SA002S13	SES002	2.45683	4.36252	1.90569
BLOCK00/SES002/SA002S23	SES002	1.2999	3.8605	2.5606
BLOCK00/SES002/SA002S26	SES002	1.7653	4.23885	2.47355
BLOCK00/SES002/SA002S28	SES002	1.33576	3.54017	2.20441
BLOCK00/SES007/SA007S14	SES007	2.70014	5.96267	3.26254
BLOCK00/SES007/SA007S15	SES007	1.19495	4.34458	3.14963
BLOCK00/SES007/SA007S24	SES007	1.45554	4.43011	2.97457
BLOCK00/SES007/SA007S27	SES007	1.50277	3.78621	2.28344
BLOCK00/SES007/SA007S29	SES007	0.710877	4.22552	3.51464
BLOCK00/SES008/SA008S11	SES008	1.81638	5.16907	3.35269
BLOCK00/SES008/SA008S12	SES008	0.905776	4.44392	3.53815
BLOCK00/SES008/SA008S19	SES008	2.4339	6.2088	3.7749
BLOCK00/SES008/SA008S22	SES008	1.34197	3.52225	2.18028
BLOCK00/SES008/SA008S29	SES008	2.30945	5.69223	3.38277
BLOCK01/SES014/SA014S10	SES014	2.30376	5.39071	3.08694
BLOCK01/SES014/SA014S12	SES014	2.4752	6.64612	4.17093
BLOCK01/SES014/SA014S24	SES014	1.32062	4.43373	3.11311
BLOCK01/SES014/SA014S26	SES014	2.44367	6.774	4.33033
BLOCK01/SES014/SA014S28	SES014	3.2946	7.0764	3.7818
BLOCK01/SES016/SA016S12	SES016	1.65469	3.52332	1.86863
BLOCK01/SES016/SA016S13	SES016	2.16489	5.08803	2.92314
BLOCK01/SES016/SA016S22	SES016	2.25558	4.98381	2.72824
BLOCK01/SES016/SA016S25	SES016	2.59673	6.57819	3.98147
BLOCK01/SES016/SA016S27	SES016	2.56283	6.08436	3.52153
BLOCK01/SES019/SA019S13	SES019	3.1366	4.30225	1.16565
BLOCK01/SES019/SA019S14	SES019	2.26322	3.96015	1.69693
BLOCK01/SES019/SA019S22	SES019	3.12441	4.73996	1.61554
BLOCK01/SES019/SA019S25	SES019	3.37857	4.57505	1.19648
BLOCK01/SES019/SA019S29	SES019	3.69239	4.21527	0.522882
BLOCK02/SES029/SA029S11	SES029	2.19718	6.02245	3.82528
BLOCK02/SES029/SA029S12	SES029	1.13544	5.26361	4.12817
BLOCK02/SES029/SA029S20	SES029	1.43178	5.11303	3.68124
BLOCK02/SES029/SA029S25	SES029	1.15983	5.14201	3.98218
BLOCK02/SES029/SA029S28	SES029	1.07141	4.83849	3.76708
BLOCK04/SES042/SA042S12	SES042	2.67197	5.65537	2.9834
BLOCK04/SES042/SA042S15	SES042	2.74877	6.26661	3.51784
BLOCK04/SES042/SA042S22	SES042	3.43582	6.8625	3.42668
BLOCK04/SES042/SA042S25	SES042	1.63039	4.05807	2.42768
BLOCK04/SES042/SA042S27	SES042	2.17244	5.57142	3.39899
BLOCK04/SES048/SA048S11	SES048	1.6089	5.21502	3.60612
BLOCK04/SES048/SA048S12	SES048	1.01665	4.35027	3.33362
BLOCK04/SES048/SA048S20	SES048	0.771727	4.93231	4.16058
BLOCK04/SES048/SA048S23	SES048	1.85879	4.67543	2.81664
BLOCK04/SES048/SA048S27	SES048	1.13793	5.0047	3.86677
BLOCK06/SES060/SA060S11	SES060	2.41222	6.36678	3.95456
BLOCK06/SES060/SA060S12	SES060	1.12852	4.99802	3.86949
BLOCK06/SES060/SA060S22	SES060	0.234432	3.014	2.77957
BLOCK06/SES060/SA060S24	SES060	1.95139	5.95395	4.00256
BLOCK06/SES060/SA060S28	SES060	2.18642	7.05031	4.86389
BLOCK06/SES062/SA062S10	SES062	0.985936	4.73401	3.74807
BLOCK06/SES062/SA062S11	SES062	1.8774	4.69402	2.81663
BLOCK06/SES062/SA062S21	SES062	2.16988	6.73077	4.56089
BLOCK06/SES062/SA062S26	SES062	1.38677	5.67922	4.29245
BLOCK06/SES062/SA062S29	SES062	2.22381	6.51605	4.29224
BLOCK06/SES068/SA068S14	SES068	1.04515	4.52858	3.48343
BLOCK06/SES068/SA068S15	SES068	1.75999	5.4346	3.67462
BLOCK06/SES068/SA068S23	SES068	1.54985	4.53966	2.98981
BLOCK06/SES068/SA068S27	SES068	3.15139	6.49794	3.34655
BLOCK06/SES068/SA068S29	SES068	0.930704	4.65086	3.72016
BLOCK08/SES082/SA082S12	SES082	0.451653	2.90487	2.45321
BLOCK08/SES082/SA082S14	SES082	0.457065	2.92972	2.47266
BLOCK08/SES082/SA082S21	SES082	1.09748	3.53714	2.43966
BLOCK08/SES082/SA082S24	SES082	1.60463	4.61357	3.00894
BLOCK08/SES082/SA082S28	SES082	1.21821	3.72595	2.50774
BLOCK08/SES083/SA083S14	SES083	0.705688	4.55711	3.85142
BLOCK08/SES083/SA083S15	SES083	1.43277	5.28672	3.85396
BLOCK08/SES083/SA083S24	SES083	1.25187	4.50958	3.2577
BLOCK08/SES083/SA083S26	SES083	1.02363	4.01057	2.98694
BLOCK08/SES083/SA083S29	SES083	0.793146	4.59175	3.7986
BLOCK08/SES085/SA085S10	SES085	1.49204	5.46521	3.97317
BLOCK08/SES085/SA085S13	SES085	0.80584	4.30065	3.49481
BLOCK08/SES085/SA085S22	SES085	1.76531	5.44109	3.67577
BLOCK08/SES085/SA085S26	SES085	1.33535	5.26081	3.92547
BLOCK08/SES085/SA085S28	SES085	1.75866	5.60994	3.85128
BLOCK08/SES087/SA087S15	SES087	1.33542	3.9979	2.66248
BLOCK08/SES087/SA087S16	SES087	1.74329	4.09035	2.34706
BLOCK08/SES087/SA087S24	SES087	1.90428	4.82988	2.92559
BLOCK08/SES087/SA087S26	SES087	1.14138	5.03673	3.89535
BLOCK08/SES087/SA087S29	SES087	2.26175	5.07396	2.81221
BLOCK09/SES099/SA099S15	SES099	1.87484	3.71731	1.84247
BLOCK09/SES099/SA099S16	SES099	1.76547	3.95677	2.1913
BLOCK09/SES099/SA099S24	SES099	1.92522	4.38567	2.46045
BLOCK09/SES099/SA099S26	SES099	2.145	4.50354	2.35854
BLOCK09/SES099/SA099S29	SES099	1.95294	4.40597	2.45303
BLOCK10/SES101/SA101S11	SES101	1.18271	4.26157	3.07887
BLOCK10/SES101/SA101S13	SES101	2.54537	5.98469	3.43932
BLOCK10/SES101/SA101S22	SES101	2.00485	4.37034	2.36548
BLOCK10/SES101/SA101S24	SES101	1.90878	4.73937	2.83059
BLOCK10/SES101/SA101S28	SES101	1.96199	4.75436	2.79238
BLOCK10/SES104/SA104S11	SES104	2.0029	5.39442	3.39152
BLOCK10/SES104/SA104S12	SES104	1.92796	4.8047	2.87675
BLOCK10/SES104/SA104S21	SES104	1.60926	4.19711	2.58785
BLOCK10/SES104/SA104S24	SES104	1.23977	3.70739	2.46761
BLOCK10/SES104/SA104S28	SES104	1.69897	4.36664	2.66767
BLOCK10/SES105/SA105S12	SES105	1.81366	3.43193	1.61827
BLOCK10/SES105/SA105S13	SES105	1.55254	3.89294	2.3404
BLOCK10/SES105/SA105S22	SES105	0.668017	2.76236	2.09434
BLOCK10/SES105/SA105S26	SES105	1.65856	3.76025	2.10169
BLOCK10/SES105/SA105S29	SES105	2.03615	4.95475	2.91861
BLOCK10/SES106/SA106S09	SES106	1.72559	2.95476	1.22917
BLOCK10/SES106/SA106S11	SES106	1.57218	4.29847	2.72628
BLOCK10/SES106/SA106S22	SES106	3.24926	4.22052	0.97126
BLOCK10/SES106/SA106S27	SES106	2.31814	4.43488	2.11674
BLOCK10/SES106/SA106S29	SES106	1.57615	4.0078	2.43165
BLOCK11/SES117/SA117S12	SES117	1.43391	4.1465	2.71259
BLOCK11/SES117/SA117S13	SES117	0.666987	4.0151	3.34812
BLOCK11/SES117/SA117S23	SES117	1.91091	4.00215	2.09123
BLOCK11/SES117/SA117S25	SES117	1.66999	3.49368	1.82369
BLOCK11/SES117/SA117S28	SES117	1.73504	3.95996	2.22492
BLOCK12/SES120/SA120S08	SES120	1.27741	3.1758	1.89838
BLOCK12/SES120/SA120S11	SES120	0.715491	1.52354	0.808044
BLOCK12/SES120/SA120S22	SES120	0.665759	4.19325	3.52749
BLOCK12/SES120/SA120S24	SES120	0.900737	3.21836	2.31762
BLOCK12/SES120/SA120S28	SES120	0.372769	1.82179	1.44902
BLOCK12/SES125/SA125S13	SES125	1.93085	4.40204	2.47118
BLOCK12/SES125/SA125S14	SES125	1.24577	3.43003	2.18426
BLOCK12/SES125/SA125S25	SES125	1.83717	4.23388	2.39671
BLOCK12/SES125/SA125S27	SES125	2.49029	5.7861	3.29581
BLOCK12/SES125/SA125S29	SES125	1.74035	4.4282	2.68786
BLOCK12/SES127/SA127S11	SES127	1.39966	4.63959	3.23993
BLOCK12/SES127/SA127S12	SES127	0.798016	5.15605	4.35804
BLOCK12/SES127/SA127S23	SES127	1.19741	4.64309	3.44568
BLOCK12/SES127/SA127S25	SES127	0.659034	3.84512	3.18609
BLOCK12/SES127/SA127S27	SES127	1.68661	4.87269	3.18608
BLOCK12/SES129/SA129S11	SES129	1.98103	5.7265	3.74547
BLOCK12/SES129/SA129S12	SES129	2.04401	5.67436	3.63035
BLOCK12/SES129/SA129S22	SES129	1.30614	4.69485	3.38872
BLOCK12/SES129/SA129S27	SES129	2.00424	5.44	3.43576
BLOCK12/SES129/SA129S29	SES129	1.6524	5.15339	3.50099
BLOCK14/SES142/SA142S11	SES142	2.43379	5.28266	2.84888
BLOCK14/SES142/SA142S12	SES142	1.38058	4.178	2.79743
BLOCK14/SES142/SA142S24	SES142	1.92367	5.3228	3.39913
BLOCK14/SES142/SA142S27	SES142	1.90843	5.20039	3.29196
BLOCK14/SES142/SA142S29	SES142	1.81376	5.20908	3.39532
BLOCK14/SES143/SA143S12	SES143	1.43185	4.37141	2.93956
BLOCK14/SES143/SA143S13	SES143	1.19624	3.98256	2.78632
BLOCK14/SES143/SA143S23	SES143	1.67824	4.37242	2.69418
BLOCK14/SES143/SA143S25	SES143	2.12102	5.35398	3.23297
BLOCK14/SES143/SA143S28	SES143	1.60525	4.64324	3.03799
BLOCK14/SES144/SA144S09	SES144	1.57812	4.70396	3.12584
BLOCK14/SES144/SA144S11	SES144	1.58238	4.27857	2.69619
BLOCK14/SES144/SA144S21	SES144	0.162357	2.96356	2.8012
BLOCK14/SES144/SA144S25	SES144	0.681223	3.67676	2.99554
BLOCK14/SES144/SA144S29	SES144	0.607369	4.28828	3.68091
BLOCK14/SES146/SA146S14	SES146	1.34743	3.46035	2.11292
BLOCK14/SES146/SA146S15	SES146	1.22189	3.70702	2.48514
BLOCK14/SES146/SA146S24	SES146	1.74408	4.25557	2.51149
BLOCK14/SES146/SA146S26	SES146	2.41048	4.7099	2.29942
BLOCK14/SES146/SA146S29	SES146	1.54397	3.05736	1.5134
BLOCK14/SES147/SA147S11	SES147	2.30629	4.8545	2.54821
BLOCK14/SES147/SA147S13	SES147	2.50689	5.64284	3.13595
BLOCK14/SES147/SA147S23	SES147	1.22776	4.082	2.85424
BLOCK14/SES147/SA147S26	SES147	1.92389	4.62554	2.70165
BLOCK14/SES147/SA147S28	SES147	1.69333	4.3884	2.69507
BLOCK14/SES148/SA148S10	SES148	0.996247	4.59994	3.6037
BLOCK14/SES148/SA148S12	SES148	0.808017	3.70422	2.8962
BLOCK14/SES148/SA148S22	SES148	1.65898	5.61387	3.95489
BLOCK14/SES148/SA148S26	SES148	0.447014	4.70913	4.26212
BLOCK14/SES148/SA148S29	SES148	0.38582	3.84479	3.45897
BLOCK14/SES149/SA149S13	SES149	0.238937	3.40138	3.16244
BLOCK14/SES149/SA149S14	SES149	1.04813	4.93485	3.88672
BLOCK14/SES149/SA149S24	SES149	2.00976	5.46829	3.45852
BLOCK14/SES149/SA149S26	SES149	1.8629	5.87558	4.01267
BLOCK14/SES149/SA149S28	SES149	2.51803	6.62471	4.10668
BLOCK15/SES158/SA158S13	SES158	1.48163	3.5716	2.08997
BLOCK15/SES158/SA158S14	SES158	2.00182	3.24702	1.24521
BLOCK15/SES158/SA158S23	SES158	1.06416	3.4718	2.40764
BLOCK15/SES158/SA158S26	SES158	2.31533	3.29264	0.977308
BLOCK15/SES158/SA158S28	SES158	1.10689	3.39372	2.28682
BLOCK16/SES162/SA162S10	SES162	0.767072	2.88667	2.1196
BLOCK16/SES162/SA162S11	SES162	1.52429	4.70763	3.18334
BLOCK16/SES162/SA162S21	SES162	2.33969	5.01646	2.67677
BLOCK16/SES162/SA162S24	SES162	1.8609	4.37485	2.51395
BLOCK16/SES162/SA162S27	SES162	2.08678	4.04286	1.95609
BLOCK16/SES167/SA167S14	SES167	1.86299	6.38998	4.52699
BLOCK16/SES167/SA167S15	SES167	1.93341	5.80838	3.87497
BLOCK16/SES167/SA167S21	SES167	1.97304	5.81643	3.84339
BLOCK16/SES167/SA167S25	SES167	2.37862	5.89879	3.52017
BLOCK16/SES167/SA167S29	SES167	2.66412	6.98911	4.32499
BLOCK17/SES172/SA172S12	SES172	2.5676	5.11587	2.54826
BLOCK17/SES172/SA172S13	SES172	2.76515	5.02898	2.26383
BLOCK17/SES172/SA172S23	SES172	2.14854	5.45681	3.30826
BLOCK17/SES172/SA172S27	SES172	2.04408	4.55892	2.51484
BLOCK17/SES172/SA172S29	SES172	2.62726	5.31571	2.68845
BLOCK17/SES175/SA175S11	SES175	1.22097	4.80736	3.58639
BLOCK17/SES175/SA175S13	SES175	1.48027	5.36552	3.88526
BLOCK17/SES175/SA175S23	SES175	1.54837	5.33926	3.79089
BLOCK17/SES175/SA175S25	SES175	0.861787	3.49022	2.62843
BLOCK17/SES175/SA175S28	SES175	1.12979	5.15696	4.02717
BLOCK17/SES177/SA177S15	SES177	0.999287	3.8605	2.86121
BLOCK17/SES177/SA177S17	SES177	0.898309	3.96983	3.07152
BLOCK17/SES177/SA177S23	SES177	0.320096	3.09716	2.77706
BLOCK17/SES177/SA177S26	SES177	1.80213	5.91726	4.11513
BLOCK17/SES177/SA177S28	SES177	1.81137	4.89023	3.07886
BLOCK18/SES180/SA180S13	SES180	0.610817	3.61913	3.00831
BLOCK18/SES180/SA180S15	SES180	1.37526	3.93752	2.56226
BLOCK18/SES180/SA180S24	SES180	1.89097	5.39779	3.50682
BLOCK18/SES180/SA180S26	SES180	1.74638	5.09048	3.34411
BLOCK18/SES180/SA180S29	SES180	1.46072	4.63687	3.17615
BLOCK18/SES183/SA183S13	SES183	1.87979	4.47526	2.59547
BLOCK18/SES183/SA183S14	SES183	0.445174	3.28947	2.84429
BLOCK18/SES183/SA183S24	SES183	2.14122	3.98054	1.83932
BLOCK18/SES183/SA183S27	SES183	1.63459	4.05457	2.41998
BLOCK18/SES183/SA183S29	SES183	1.30346	4.13431	2.83085
BLOCK18/SES187/SA187S13	SES187	1.20325	4.11899	2.91574
BLOCK18/SES187/SA187S14	SES187	0.849544	3.56184	2.71229
BLOCK18/SES187/SA187S24	SES187	1.79051	4.43002	2.63951
BLOCK18/SES187/SA187S27	SES187	1.85289	4.16076	2.30788
BLOCK18/SES187/SA187S29	SES187	1.56469	4.2276	2.66291
BLOCK18/SES189/SA189S10	SES189	1.87761	4.33233	2.45472
BLOCK18/SES189/SA189S13	SES189	1.3084	3.56764	2.25924
BLOCK18/SES189/SA189S24	SES189	1.86555	4.84459	2.97903
BLOCK18/SES189/SA189S26	SES189	1.47171	4.92627	3.45456
BLOCK18/SES189/SA189S29	SES189	1.86192	4.92254	3.06062
BLOCK20/SES202/SA202S12	SES202	1.24885	4.02968	2.78083
BLOCK20/SES202/SA202S14	SES202	2.3888	4.88661	2.4978
BLOCK20/SES202/SA202S24	SES202	1.71639	4.389	2.67261
BLOCK20/SES202/SA202S27	SES202	2.06379	5.88774	3.82395
BLOCK20/SES202/SA202S29	SES202	1.73232	5.81294	4.08062
BLOCK20/SES206/SA206S15	SES206	0.063061	3.44147	3.37841
BLOCK20/SES206/SA206S17	SES206	1.88146	4.58567	2.70421
BLOCK20/SES206/SA206S24	SES206	2.40951	5.65386	3.24435
BLOCK20/SES206/SA206S27	SES206	1.89889	4.26611	2.36723
BLOCK20/SES206/SA206S29	SES206	1.72751	5.23713	3.50962
BLOCK22/SES226/SA226S12	SES226	1.34442	4.01371	2.66929
BLOCK22/SES226/SA226S13	SES226	-0.0554531	2.96571	3.02117
BLOCK22/SES226/SA226S20	SES226	1.54044	3.85855	2.31812
BLOCK22/SES226/SA226S23	SES226	1.54348	4.54547	3.00199
BLOCK22/SES226/SA226S28	SES226	1.77569	4.95062	3.17493
BLOCK25/SES259/SA259S13	SES259	3.54423	5.22235	1.67811
BLOCK25/SES259/SA259S14	SES259	1.9744	4.53251	2.55811
BLOCK25/SES259/SA259S22	SES259	2.26371	4.40389	2.14018
BLOCK25/SES259/SA259S24	SES259	2.40116	5.25085	2.84969
BLOCK25/SES259/SA259S28	SES259	2.51691	5.03586	2.51895
BLOCK27/SES270/SA270S14	SES270	2.33786	2.87843	0.540574
BLOCK27/SES270/SA270S16	SES270	0.783666	2.7047	1.92103
BLOCK27/SES270/SA270S22	SES270	2.8601	3.97437	1.11427
BLOCK27/SES270/SA270S26	SES270	1.06769	2.2612	1.19352
BLOCK27/SES270/SA270S28	SES270	1.43499	3.18307	1.74808
BLOCK27/SES275/SA275S17	SES275	1.44062	4.79826	3.35764
BLOCK27/SES275/SA275S18	SES275	1.18721	4.4186	3.23139
BLOCK27/SES275/SA275S24	SES275	1.12116	3.30391	2.18275
BLOCK27/SES275/SA275S26	SES275	1.48342	4.67158	3.18816
BLOCK27/SES275/SA275S28	SES275	1.2567	4.31966	3.06296
BLOCK29/SES292/SA292S10	SES292	0.791181	4.13088	3.3397
BLOCK29/SES292/SA292S12	SES292	1.09573	3.65819	2.56246
BLOCK29/SES292/SA292S22	SES292	1.11135	4.47195	3.36061
BLOCK29/SES292/SA292S24	SES292	1.04804	4.48537	3.43733
BLOCK29/SES292/SA292S27	SES292	0.954579	4.1845	3.22992
BLOCK00/SES001/SA001S14	SES062	-2.2124	1.0317	3.2441
BLOCK00/SES001/SA001S14	SES082	-1.49579	1.7483	3.2441
BLOCK00/SES001/SA001S14	SES106	-1.58625	1.65785	3.2441
BLOCK00/SES001/SA001S14	SES206	-1.77922	1.46488	3.2441
BLOCK00/SES001/SA001S15	SES062	-2.26638	1.45243	3.71881
BLOCK00/SES001/SA001S15	SES104	-2.32422	1.39459	3.71881
BLOCK00/SES001/SA001S15	SES106	-1.22213	2.49668	3.71881
BLOCK00/SES001/SA001S15	SES206	-1.61433	2.10448	3.71881
BLOCK00/SES001/SA001S24	SES062	-2.73223	-0.162818	2.56941
BLOCK00/SES001/SA001S24	SES082	-1.33892	1.23049	2.56941
BLOCK00/SES001/SA001S24	SES087	-2.20031	0.3691	2.56941
BLOCK00/SES001/SA001S24	SES206	-2.02621	0.543201	2.56941
BLOCK00/SES001/SA001S27	SES062	-1.74297	2.44793	4.19089
BLOCK00/SES001/SA001S27	SES082	-1.41359	2.7773	4.19089
BLOCK00/SES001/SA001S27	SES087	-1.20633	2.98456	4.19089
BLOCK00/SES001/SA001S27	SES206	-1.36874	2.82216	4.19089
BLOCK00/SES001/SA001S29	SES062	-3.03068	-0.201627	2.82906
BLOCK00/SES001/SA001S29	SES082	-0.938361	1.89069	2.82906
BLOCK00/SES001/SA001S29	SES158	-1.16286	1.66619	2.82906
BLOCK00/SES001/SA001S29	SES206	-2.26641	0.562647	2.82906
BLOCK00/SES003/SA003S11	SES002	-0.593003	1.81986	2.41286
BLOCK00/SES003/SA003S11	SES019	-1.3974	1.01546	2.41286
BLOCK00/SES003/SA003S11	SES082	-0.643801	1.76906	2.41286
BLOCK00/SES003/SA003S11	SES125	-1.57816	0.8347	2.41286
BLOCK00/SES003/SA003S15	SES016	-0.896549	2.71049	3.60704
BLOCK00/SES003/SA003S15	SES019	-2.02912	1.57792	3.60704
BLOCK00/SES003/SA003S15	SES062	-0.841948	2.76509	3.60704
BLOCK00/SES003/SA003S15	SES206	-1.20049	2.40655	3.60704
BLOCK00/SES003/SA003S22	SES002	-1.37187	1.66468	3.03655
BLOCK00/SES003/SA003S22	SES062	-0.822748	2.2138	3.03655
BLOCK00/SES003/SA003S22	SES082	-1.51884	1.51771	3.03655
BLOCK00/SES003/SA003S22	SES087	-1.5096	1.52696	3.03655
BLOCK00/SES003/SA003S25	SES062	-2.66805	-0.234454	2.4336
BLOCK00/SES003/SA003S25	SES082	-1.64729	0.786307	2.4336
BLOCK00/SES003/SA003S25	SES087	-0.926436	1.50716	2.4336
BLOCK00/SES003/SA003S25	SES206	-1.7006	0.732994	2.4336
BLOCK00/SES003/SA003S29	SES002	-1.3742	1.08391	2.45811
BLOCK00/SES003/SA003S29	SES062	-2.50251	-0.0443984	2.45811
BLOCK00/SES003/SA003S29	SES082	-1.2838	1.1743	2.45811
BLOCK00/SES003/SA003S29	SES087	-1.78266	0.67545	2.45811
BLOCK00/SES004/SA004S12	SES083	-0.837054	2.39094	3.22799
BLOCK00/SES004/SA004S12	SES148	-1.63609	1.5919	3.22799
BLOCK00/SES004/SA004S12	SES172	0.233617	3.46161	3.22799
BLOCK00/SES004/SA004S12	SES292	-1.036	2.192	3.22799
BLOCK00/SES004/SA004S17	SES083	-1.0509	1.85381	2.90471
BLOCK00/SES004/SA004S17	SES162	-0.59339	2.31132	2.90471
BLOCK00/SES004/SA004S17	SES172	-0.31976	2.58495	2.90471
BLOCK00/SES004/SA004S17	SES292	-0.892365	2.01235	2.90471
BLOCK00/SES004/SA004S24	SES083	-1.03399	2.17027	3.20426
BLOCK00/SES004/SA004S24	SES148	-1.26481	1.93944	3.20426
BLOCK00/SES004/SA004S24	SES172	0.202322	3.40658	3.20426
BLOCK00/SES004/SA004S24	SES292	-0.00754762	3.19671	3.20426
BLOCK00/SES004/SA004S26	SES083	-1.20058	1.54965	2.75023
BLOCK00/SES004/SA004S26	SES127	-0.930768	1.81947	2.75023
BLOCK00/SES004/SA004S26	SES148	-2.61861	0.13162	2.75023
BLOCK00/SES004/SA004S26	SES292	-1.60829	1.14194	2.75023
BLOCK00/SES004/SA004S28	SES083	-0.038003	3.3348	3.3728
BLOCK00/SES004/SA004S28	SES127	-0.161505	3.2113	3.3728
BLOCK00/SES004/SA004S28	SES187	0.793598	4.1664	3.3728
BLOCK00/SES004/SA004S28	SES292	-1.16197	2.21084	3.3728
BLOCK00/SES006/SA006S10	SES014	-2.09662	-1.44603	0.650591
BLOCK00/SES006/SA006S10	SES158	-1.80585	-1.15525	0.650591
BLOCK00/SES006/SA006S10	SES226	-3.57874	-2.92815	0.650591
BLOCK00/SES006/SA006S10	SES270	-0.945408	-0.294817	0.650591
BLOCK00/SES006/SA006S11	SES158	-1.72265	-0.640892	1.08176
BLOCK00/SES006/SA006S11	SES226	-2.59271	-1.51094	1.08176
BLOCK00/SES006/SA006S11	SES270	-1.22544	-0.143675	1.08176
BLOCK00/SES006/SA006S11	SES275	-2.81619	-1.73443	1.08176
BLOCK00/SES006/SA006S23	SES062	-3.17223	-0.990823	2.18141
BLOCK00/SES006/SA006S23	SES105	-2.97912	-0.797711	2.18141
BLOCK00/SES006/SA006S23	SES158	-2.25252	-0.0711188	2.18141
BLOCK00/SES006/SA006S23	SES275	-2.25301	-0.0716063	2.18141
BLOCK00/SES006/SA006S26	SES104	-3.68185	-1.63196	2.04989
BLOCK00/SES006/SA006S26	SES158	-1.98194	0.0679537	2.04989
BLOCK00/SES006/SA006S26	SES270	-0.989718	1.06018	2.04989
BLOCK00/SES006/SA006S26	SES275	-2.62819	-0.5783	2.04989
BLOCK00/SES006/SA006S28	SES007	-2.53015	-1.67145	0.858705
BLOCK00/SES006/SA006S28	SES105	-2.54502	-1.68632	0.858705
BLOCK00/SES006/SA006S28	SES158	-1.57453	-0.715823	0.858705
BLOCK00/SES006/SA006S28	SES275	-2.193	-1.33429	0.858705
BLOCK00/SES009/SA009S12	SES083	-2.70771	0.503145	3.21085
BLOCK00/SES009/SA009S12	SES148	-1.34709	1.86376	3.21085
BLOCK00/SES009/SA009S12	SES177	-0.38302	2.82783	3.21085
BLOCK00/SES009/SA009S12	SES292	-1.218	1.99285	3.21085
BLOCK00/SES009/SA009S15	SES007	0.45657	4.15016	3.69359
BLOCK00/SES009/SA009S15	SES099	-2.41206	1.28153	3.69359
BLOCK00/SES009/SA009S15	SES148	-0.780155	2.91344	3.69359
BLOCK00/SES009/SA009S15	SES172	-0.976537	2.71706	3.69359
BLOCK00/SES009/SA009S24	SES146	-0.717892	2.66326	3.38115
BLOCK00/SES009/SA009S24	SES148	-1.73686	1.64429	3.38115
BLOCK00/SES009/SA009S24	SES177	0.244138	3.62529	3.38115
BLOCK00/SES009/SA009S24	SES292	-0.98436	2.39679	3.38115
BLOCK00/SES009/SA009S26	SES083	-2.29133	0.609201	2.90053
BLOCK00/SES009/SA009S26	SES101	-2.32389	0.576639	2.90053
BLOCK00/SES009/SA009S26	SES120	-0.654652	2.24588	2.90053
BLOCK00/SES009/SA009S26	SES177	-0.0389311	2.8616	2.90053
BLOCK00/SES009/SA009S29	SES083	-1.80911	1.74867	3.55778
BLOCK00/SES009/SA009S29	SES101	-1.35227	2.20551	3.55778
BLOCK00/SES009/SA009S29	SES177	0.0273943	3.58517	3.55778
BLOCK00/SES009/SA009S29	SES292	-1.00344	2.55434	3.55778
BLOCK01/SES011/SA011S10	SES019	-0.981317	1.40212	2.38343
BLOCK01/SES011/SA011S10	SES042	0.832808	3.21624	2.38343
BLOCK01/SES011/SA011S10	SES082	-2.40801	-0.0245752	2.38343
BLOCK01/SES011/SA011S10	SES206	-1.42711	0.956322	2.38343
BLOCK01/SES011/SA011S11	SES019	-2.01066	0.208306	2.21897
BLOCK01/SES011/SA011S11	SES042	0.1912	2.41017	2.21897
BLOCK01/SES011/SA011S11	SES082	-1.95379	0.265177	2.21897
BLOCK01/SES011/SA011S11	SES206	-1.41045	0.808519	2.21897
BLOCK01/SES011/SA011S22	SES019	-0.797637	1.25326	2.05089
BLOCK01/SES011/SA011S22	SES042	1.00816	3.05905	2.05089
BLOCK01/SES011/SA011S22	SES082	-1.5513	0.499595	2.05089
BLOCK01/SES011/SA011S22	SES206	-1.48374	0.567155	2.05089
BLOCK01/SES011/SA011S24	SES019	-1.31223	1.24661	2.55884
BLOCK01/SES011/SA011S24	SES042	1.25851	3.81735	2.55884
BLOCK01/SES011/SA011S24	SES104	-1.26041	1.29843	2.55884
BLOCK01/SES011/SA011S24	SES206	-0.964025	1.59482	2.55884
BLOCK01/SES011/SA011S27	SES082	-0.40946	1.90384	2.3133
BLOCK01/SES011/SA011S27	SES087	-2.05737	0.255927	2.3133
BLOCK01/SES011/SA011S27	SES125	-1.23461	1.07869	2.3133
BLOCK01/SES011/SA011S27	SES206	-0.817217	1.49608	2.3133
BLOCK01/SES012/SA012S11	SES007	-0.208409	3.53524	3.74365
BLOCK01/SES012/SA012S11	SES082	-1.16692	2.57673	3.74365
BLOCK01/SES012/SA012S11	SES083	-1.12653	2.61712	3.74365
BLOCK01/SES012/SA012S11	SES206	-1.35896	2.3847	3.74365
BLOCK01/SES012/SA012S14	SES082	-0.62925	2.70407	3.33332
BLOCK01/SES012/SA012S14	SES087	-2.05001	1.28331	3.33332
BLOCK01/SES012/SA012S14	SES206	-1.10824	2.22508	3.33332
BLOCK01/SES012/SA012S14	SES292	-1.65207	1.68125	3.33332
BLOCK01/SES012/SA012S24	SES082	-0.59647	1.43752	2.03399
BLOCK01/SES012/SA012S24	SES087	-1.55529	0.478708	2.03399
BLOCK01/SES012/SA012S24	SES120	-1.74053	0.293465	2.03399
BLOCK01/SES012/SA012S24	SES206	-0.867299	1.16669	2.03399
BLOCK01/SES012/SA012S26	SES019	-4.15715	-0.63137	3.52578
BLOCK01/SES012/SA012S26	SES082	-2.19756	1.32823	3.52578
BLOCK01/SES012/SA012S26	SES206	-0.825001	2.70078	3.52578
BLOCK01/SES012/SA012S26	SES292	-1.12464	2.40114	3.52578
BLOCK01/SES012/SA012S29	SES062	-1.2079	2.14011	3.348
BLOCK01/SES012/SA012S29	SES082	-0.740068	2.60794	3.348
BLOCK01/SES012/SA012S29	SES083	-2.8133	0.534709	3.348
BLOCK01/SES012/SA012S29	SES206	-0.48231	2.86569	3.348
BLOCK01/SES013/SA013S16	SES062	-3.29008	-1.18608	2.10401
BLOCK01/SES013/SA013S16	SES106	-0.989118	1.11489	2.10401
BLOCK01/SES013/SA013S16	SES206	-1.18655	0.917452	2.10401
BLOCK01/SES013/SA013S16	SES226	-0.753334	1.35067	2.10401
BLOCK01/SES013/SA013S17	SES062	-1.75156	1.55382	3.30538
BLOCK01/SES013/SA013S17	SES106	-1.70156	1.60382	3.30538
BLOCK01/SES013/SA013S17	SES206	-0.0314946	3.27388	3.30538
BLOCK01/SES013/SA013S17	SES226	-0.104368	3.20101	3.30538
BLOCK01/SES013/SA013S23	SES104	-1.90607	-0.0187147	1.88736
BLOCK01/SES013/SA013S23	SES106	-0.541257	1.3461	1.88736
BLOCK01/SES013/SA013S23	SES206	-0.98176	0.905598	1.88736
BLOCK01/SES013/SA013S23	SES270	-0.125122	1.76224	1.88736
BLOCK01/SES013/SA013S25	SES042	-1.91387	0.573552	2.48742
BLOCK01/SES013/SA013S25	SES104	-1.70354	0.783878	2.48742
BLOCK01/SES013/SA013S25	SES106	-0.701089	1.78633	2.48742
BLOCK01/SES013/SA013S25	SES206	-1.23781	1.24962	2.48742
BLOCK01/SES013/SA013S29	SES062	-3.3499	-0.934786	2.41512
BLOCK01/SES013/SA013S29	SES104	-2.60175	-0.186632	2.41512
BLOCK01/SES013/SA013S29	SES106	-0.656475	1.75864	2.41512
BLOCK01/SES013/SA013S29	SES206	-1.42391	0.991209	2.41512
BLOCK02/SES021/SA021S13	SES016	-2.11385	1.14575	3.2596
BLOCK02/SES021/SA021S13	SES029	-1.11243	2.14716	3.2596
BLOCK02/SES021/SA021S13	SES087	-2.00203	1.25756	3.2596
BLOCK02/SES021/SA021S13	SES206	-1.73185	1.52775	3.2596
BLOCK02/SES021/SA021S15	SES087	-0.621358	3.33964	3.96099
BLOCK02/SES021/SA021S15	SES125	-0.754468	3.20653	3.96099
BLOCK02/SES021/SA021S15	SES206	-0.4272	3.53379	3.96099
BLOCK02/SES021/SA021S15	SES226	-1.5095	2.45149	3.96099
BLOCK02/SES021/SA021S23	SES062	-2.14652	-0.167207	1.97931
BLOCK02/SES021/SA021S23	SES087	-0.70543	1.27388	1.97931
BLOCK02/SES021/SA021S23	SES206	-0.793811	1.1855	1.97931
BLOCK02/SES021/SA021S23	SES226	-0.997016	0.982298	1.97931
BLOCK02/SES021/SA021S27	SES002	-0.387014	3.36638	3.75339
BLOCK02/SES021/SA021S27	SES016	-3.42644	0.326946	3.75339
BLOCK02/SES021/SA021S27	SES019	-1.59856	2.15483	3.75339
BLOCK02/SES021/SA021S27	SES062	-0.795388	2.958	3.75339
BLOCK02/SES021/SA021S29	SES087	-0.602522	2.45778	3.06031
BLOCK02/SES021/SA021S29	SES125	-0.599664	2.46064	3.06031
BLOCK02/SES021/SA021S29	SES206	-0.199198	2.86111	3.06031
BLOCK02/SES021/SA021S29	SES226	-1.60201	1.4583	3.06031
BLOCK04/SES043/SA043S09	SES083	-0.929933	1.77838	2.70831
BLOCK04/SES043/SA043S09	SES101	-0.963249	1.74506	2.70831
BLOCK04/SES043/SA043S09	SES144	-0.173364	2.53495	2.70831
BLOCK04/SES043/SA043S09	SES172	-1.5769	1.13141	2.70831
BLOCK04/SES043/SA043S11	SES083	-0.429175	3.11033	3.5395
BLOCK04/SES043/SA043S11	SES101	-0.450731	3.08877	3.5395
BLOCK04/SES043/SA043S11	SES144	0.506787	4.04629	3.5395
BLOCK04/SES043/SA043S11	SES172	-0.708804	2.8307	3.5395
BLOCK04/SES043/SA043S23	SES083	-0.770213	2.57993	3.35014
BLOCK04/SES043/SA043S23	SES144	0.290589	3.64073	3.35014
BLOCK04/SES043/SA043S23	SES177	-1.38114	1.969	3.35014
BLOCK04/SES043/SA043S23	SES275	-0.899237	2.4509	3.35014
BLOCK04/SES043/SA043S26	SES083	-1.22205	1.81794	3.03999
BLOCK04/SES043/SA043S26	SES101	-1.32758	1.7124	3.03999
BLOCK04/SES043/SA043S26	SES144	0.140492	3.18048	3.03999
BLOCK04/SES043/SA043S26	SES177	-1.4936	1.54639	3.03999
BLOCK04/SES043/SA043S28	SES016	-1.76065	1.704	3.46465
BLOCK04/SES043/SA043S28	SES083	-0.581439	2.88321	3.46465
BLOCK04/SES043/SA043S28	SES101	-0.36237	3.10228	3.46465
BLOCK04/SES043/SA043S28	SES144	-0.488379	2.97627	3.46465
BLOCK04/SES044/SA044S10	SES127	-2.21229	-0.586559	1.62573
BLOCK04/SES044/SA044S10	SES144	-0.659262	0.966468	1.62573
BLOCK04/SES044/SA044S10	SES147	-3.1586	-1.53287	1.62573
BLOCK04/SES044/SA044S10	SES148	-2.19421	-0.568476	1.62573
BLOCK04/SES044/SA044S11	SES101	-0.727186	1.59553	2.32271
BLOCK04/SES044/SA044S11	SES144	0.253597	2.57631	2.32271
BLOCK04/SES044/SA044S11	SES147	-2.00509	0.317624	2.32271
BLOCK04/SES044/SA044S11	SES177	-1.80222	0.520492	2.32271
BLOCK04/SES044/SA044S24	SES007	-2.74802	0.0187559	2.76678
BLOCK04/SES044/SA044S24	SES101	-0.870083	1.8967	2.76678
BLOCK04/SES044/SA044S24	SES147	-1.61671	1.15007	2.76678
BLOCK04/SES044/SA044S24	SES177	-1.48903	1.27775	2.76678
BLOCK04/SES044/SA044S26	SES007	-1.71359	1.08781	2.8014
BLOCK04/SES044/SA044S26	SES016	-1.27574	1.52566	2.8014
BLOCK04/SES044/SA044S26	SES101	-1.0349	1.7665	2.8014
BLOCK04/SES044/SA044S26	SES147	-1.02495	1.77645	2.8014
BLOCK04/SES044/SA044S29	SES007	-1.64616	1.86689	3.51305
BLOCK04/SES044/SA044S29	SES101	-0.03684	3.47621	3.51305
BLOCK04/SES044/SA044S29	SES147	-1.35634	2.15671	3.51305
BLOCK04/SES044/SA044S29	SES177	-2.08994	1.42311	3.51305
BLOCK04/SES046/SA046S13	SES101	-0.635693	2.34525	2.98094
BLOCK04/SES046/SA046S13	SES144	0.157187	3.13812	2.98094
BLOCK04/SES046/SA046S13	SES147	-1.20989	1.77105	2.98094
BLOCK04/SES046/SA046S13	SES177	-1.4422	1.53874	2.98094
BLOCK04/SES046/SA046S15	SES048	0.329179	4.40661	4.07743
BLOCK04/SES046/SA046S15	SES083	-0.362421	3.71501	4.07743
BLOCK04/SES046/SA046S15	SES120	-1.90615	2.17128	4.07743
BLOCK04/SES046/SA046S15	SES148	-1.33088	2.74655	4.07743
BLOCK04/SES046/SA046S22	SES101	-0.196057	2.74265	2.93871
BLOCK04/SES046/SA046S22	SES144	0.146315	3.08502	2.93871
BLOCK04/SES046/SA046S22	SES147	-1.39688	1.54183	2.93871
BLOCK04/SES046/SA046S22	SES172	-0.252015	2.68669	2.93871
BLOCK04/SES046/SA046S25	SES083	-0.538093	2.42021	2.9583
BLOCK04/SES046/SA046S25	SES127	-0.940889	2.01741	2.9583
BLOCK04/SES046/SA046S25	SES144	-1.03991	1.91839	2.9583
BLOCK04/SES046/SA046S25	SES148	-1.30113	1.65718	2.9583
BLOCK04/SES046/SA046S28	SES007	-1.21627	1.90291	3.11917
BLOCK04/SES046/SA046S28	SES105	-1.64043	1.47875	3.11917
BLOCK04/SES046/SA046S28	SES147	-0.806596	2.31258	3.11917
BLOCK04/SES046/SA046S28	SES148	-0.636394	2.48278	3.11917
BLOCK04/SES049/SA049S16	SES104	-0.745489	0.702293	1.44778
BLOCK04/SES049/SA049S16	SES106	-1.26576	0.18202	1.44778
BLOCK04/SES049/SA049S16	SES120	-1.83342	-0.385635	1.44778
BLOCK04/SES049/SA049S16	SES206	-0.671815	0.775967	1.44778
BLOCK04/SES049/SA049S18	SES099	-0.64081	0.557884	1.19869
BLOCK04/SES049/SA049S18	SES104	-1.94432	-0.745623	1.19869
BLOCK04/SES049/SA049S18	SES125	-2.38455	-1.18586	1.19869
BLOCK04/SES049/SA049S18	SES206	-1.03106	0.167634	1.19869
BLOCK04/SES049/SA049S25	SES087	-1.06531	0.333092	1.39841
BLOCK04/SES049/SA049S25	SES104	-0.389038	1.00937	1.39841
BLOCK04/SES049/SA049S25	SES125	-1.29369	0.104718	1.39841
BLOCK04/SES049/SA049S25	SES206	-0.274433	1.12397	1.39841
BLOCK04/SES049/SA049S27	SES099	-0.0811367	1.4029	1.48404
BLOCK04/SES049/SA049S27	SES104	0.0356765	1.51971	1.48404
BLOCK04/SES049/SA049S27	SES125	-1.38474	0.0993	1.48404
BLOCK04/SES049/SA049S27	SES206	-0.566666	0.917371	1.48404
BLOCK04/SES049/SA049S29	SES099	0.0986757	2.51645	2.41777
BLOCK04/SES049/SA049S29	SES104	0.235583	2.65335	2.41777
BLOCK04/SES049/SA049S29	SES125	-0.581282	1.83649	2.41777
BLOCK04/SES049/SA049S29	SES206	0.112706	2.53048	2.41777
BLOCK06/SES063/SA063S09	SES068	-1.57318	2.18708	3.76026
BLOCK06/SES063/SA063S09	SES083	-0.579257	3.181	3.76026
BLOCK06/SES063/SA063S09	SES177	-1.10101	2.65925	3.76026
BLOCK06/SES063/SA063S09	SES187	-0.990455	2.76981	3.76026
BLOCK06/SES063/SA063S10	SES068	-2.22821	1.17494	3.40316
BLOCK06/SES063/SA063S10	SES083	-1.59716	1.80599	3.40316
BLOCK06/SES063/SA063S10	SES172	-1.83125	1.57191	3.40316
BLOCK06/SES063/SA063S10	SES187	-0.878421	2.52474	3.40316
BLOCK06/SES063/SA063S20	SES068	-1.91585	1.54229	3.45815
BLOCK06/SES063/SA063S20	SES083	-0.171019	3.28713	3.45815
BLOCK06/SES063/SA063S20	SES172	-0.595352	2.86279	3.45815
BLOCK06/SES063/SA063S20	SES187	-0.775283	2.68286	3.45815
BLOCK06/SES063/SA063S24	SES029	-1.62747	2.02705	3.65452
BLOCK06/SES063/SA063S24	SES083	0.0211742	3.6757	3.65452
BLOCK06/SES063/SA063S24	SES177	-0.306393	3.34813	3.65452
BLOCK06/SES063/SA063S24	SES189	-0.0608912	3.59363	3.65452
BLOCK06/SES063/SA063S27	SES083	-0.710395	2.76381	3.47421
BLOCK06/SES063/SA063S27	SES172	-1.58634	1.88787	3.47421
BLOCK06/SES063/SA063S27	SES187	-0.731144	2.74306	3.47421
BLOCK06/SES063/SA063S27	SES292	-2.20644	1.26777	3.47421
BLOCK06/SES067/SA067S12	SES083	-1.13707	2.80979	3.94686
BLOCK06/SES067/SA067S12	SES172	-1.06087	2.88599	3.94686
BLOCK06/SES067/SA067S12	SES202	-0.707583	3.23927	3.94686
BLOCK06/SES067/SA067S12	SES292	-1.55458	2.39228	3.94686
BLOCK06/SES067/SA067S14	SES085	-1.38254	3.11949	4.50204
BLOCK06/SES067/SA067S14	SES177	-1.24833	3.25371	4.50204
BLOCK06/SES067/SA067S14	SES183	0.272429	4.77447	4.50204
BLOCK06/SES067/SA067S14	SES202	-0.704562	3.79748	4.50204
BLOCK06/SES067/SA067S21	SES144	-0.680639	2.87739	3.55803
BLOCK06/SES067/SA067S21	SES177	-0.424259	3.13377	3.55803
BLOCK06/SES067/SA067S21	SES183	-0.163589	3.39444	3.55803
BLOCK06/SES067/SA067S21	SES189	-0.636043	2.92198	3.55803
BLOCK06/SES067/SA067S25	SES085	-0.858442	2.98789	3.84633
BLOCK06/SES067/SA067S25	SES177	-1.39177	2.45457	3.84633
BLOCK06/SES067/SA067S25	SES183	-0.844898	3.00144	3.84633
BLOCK06/SES067/SA067S25	SES202	-1.36904	2.47729	3.84633
BLOCK06/SES067/SA067S29	SES085	-1.57076	1.90719	3.47795
BLOCK06/SES067/SA067S29	SES177	-1.51551	1.96244	3.47795
BLOCK06/SES067/SA067S29	SES183	0.0339072	3.51186	3.47795
BLOCK06/SES067/SA067S29	SES202	-0.0687802	3.40917	3.47795
BLOCK06/SES069/SA069S12	SES029	-1.9162	1.13058	3.04678
BLOCK06/SES069/SA069S12	SES082	-0.373478	2.6733	3.04678
BLOCK06/SES069/SA069S12	SES087	-1.3953	1.65147	3.04678
BLOCK06/SES069/SA069S12	SES206	-0.710383	2.33639	3.04678
BLOCK06/SES069/SA069S13	SES029	-2.64737	0.768091	3.41546
BLOCK06/SES069/SA069S13	SES087	-0.882944	2.53252	3.41546
BLOCK06/SES069/SA069S13	SES206	-0.560671	2.85479	3.41546
BLOCK06/SES069/SA069S13	SES226	0.0875499	3.50301	3.41546
BLOCK06/SES069/SA069S23	SES029	0.0350342	4.30004	4.26501
BLOCK06/SES069/SA069S23	SES087	-0.0464392	4.21857	4.26501
BLOCK06/SES069/SA069S23	SES206	-1.03527	3.22974	4.26501
BLOCK06/SES069/SA069S23	SES226	-0.132032	4.13298	4.26501
BLOCK06/SES069/SA069S25	SES087	-1.12145	3.14518	4.26663
BLOCK06/SES069/SA069S25	SES206	-2.16191	2.10472	4.26663
BLOCK06/SES069/SA069S25	SES226	-0.296402	3.97023	4.26663
BLOCK06/SES069/SA069S25	SES270	-1.2775	2.98913	4.26663
BLOCK06/SES069/SA069S27	SES087	-1.78586	2.00678	3.79264
BLOCK06/SES069/SA069S27	SES206	-1.10132	2.69132	3.79264
BLOCK06/SES069/SA069S27	SES226	0.25726	4.0499	3.79264
BLOCK06/SES069/SA069S27	SES270	-0.919414	2.87323	3.79264
BLOCK08/SES081/SA081S11	SES060	-1.20825	2.06381	3.27206
BLOCK08/SES081/SA081S11	SES062	-0.818655	2.4534	3.27206
BLOCK08/SES081/SA081S11	SES117	-2.0935	1.17856	3.27206
BLOCK08/SES081/SA081S11	SES162	-1.41916	1.8529	3.27206
BLOCK08/SES081/SA081S13	SES016	-0.353835	3.69412	4.04796
BLOCK08/SES081/SA081S13	SES060	0.478633	4.52659	4.04796
BLOCK08/SES081/SA081S13	SES068	0.0465126	4.09447	4.04796
BLOCK08/SES081/SA081S13	SES129	-1.13346	2.91449	4.04796
BLOCK08/SES081/SA081S24	SES060	-0.28508	3.29029	3.57537
BLOCK08/SES081/SA081S24	SES068	-0.0217555	3.55362	3.57537
BLOCK08/SES081/SA081S24	SES117	-1.70033	1.87504	3.57537
BLOCK08/SES081/SA081S24	SES275	-0.797092	2.77828	3.57537
BLOCK08/SES081/SA081S27	SES007	-0.537601	2.74431	3.28191
BLOCK08/SES081/SA081S27	SES060	-1.01287	2.26904	3.28191
BLOCK08/SES081/SA081S27	SES117	-0.305723	2.97618	3.28191
BLOCK08/SES081/SA081S27	SES275	-0.705234	2.57667	3.28191
BLOCK08/SES081/SA081S29	SES007	0.091748	3.46278	3.37103
BLOCK08/SES081/SA081S29	SES060	-0.26316	3.10787	3.37103
BLOCK08/SES081/SA081S29	SES117	-0.943217	2.42781	3.37103
BLOCK08/SES081/SA081S29	SES275	-0.612752	2.75828	3.37103
BLOCK08/SES086/SA086S11	SES029	-3.638	-1.70469	1.93332
BLOCK08/SES086/SA086S11	SES082	-1.81535	0.117964	1.93332
BLOCK08/SES086/SA086S11	SES087	-0.481819	1.4515	1.93332
BLOCK08/SES086/SA086S11	SES206	-1.81766	0.115656	1.93332
BLOCK08/SES086/SA086S12	SES029	-1.64649	0.882946	2.52944
BLOCK08/SES086/SA086S12	SES082	-1.688	0.841434	2.52944
BLOCK08/SES086/SA086S12	SES087	0.412589	2.94203	2.52944
BLOCK08/SES086/SA086S12	SES206	-0.635785	1.89365	2.52944
BLOCK08/SES086/SA086S20	SES029	-2.94853	0.444505	3.39303
BLOCK08/SES086/SA086S20	SES082	-2.01194	1.38109	3.39303
BLOCK08/SES086/SA086S20	SES087	0.631054	4.02409	3.39303
BLOCK08/SES086/SA086S20	SES206	-0.60516	2.78787	3.39303
BLOCK08/SES086/SA086S24	SES087	-0.0741017	2.09178	2.16588
BLOCK08/SES086/SA086S24	SES104	-1.37378	0.792094	2.16588
BLOCK08/SES086/SA086S24	SES120	-1.33116	0.834721	2.16588
BLOCK08/SES086/SA086S24	SES206	-0.215196	1.95068	2.16588
BLOCK08/SES086/SA086S28	SES029	-2.4851	0.859226	3.34433
BLOCK08/SES086/SA086S28	SES082	-1.76134	1.58299	3.34433
BLOCK08/SES086/SA086S28	SES087	-0.339311	3.00502	3.34433
BLOCK08/SES086/SA086S28	SES206	-0.808716	2.53561	3.34433
BLOCK08/SES089/SA089S13	SES087	-1.23461	0.90014	2.13475
BLOCK08/SES089/SA089S13	SES206	-1.17714	0.957607	2.13475
BLOCK08/SES089/SA089S13	SES226	-0.757359	1.37739	2.13475
BLOCK08/SES089/SA089S13	SES270	-1.96743	0.167319	2.13475
BLOCK08/SES089/SA089S14	SES062	-1.35135	1.44156	2.79292
BLOCK08/SES089/SA089S14	SES087	-0.360533	2.43238	2.79292
BLOCK08/SES089/SA089S14	SES206	-1.22386	1.56906	2.79292
BLOCK08/SES089/SA089S14	SES226	-0.932104	1.86081	2.79292
BLOCK08/SES089/SA089S23	SES087	-0.724453	0.500385	1.22484
BLOCK08/SES089/SA089S23	SES206	-1.02576	0.199083	1.22484
BLOCK08/SES089/SA089S23	SES226	-1.12649	0.0983437	1.22484
BLOCK08/SES089/SA089S23	SES270	-1.56287	-0.338034	1.22484
BLOCK08/SES089/SA089S25	SES062	-1.14808	1.64363	2.79171
BLOCK08/SES089/SA089S25	SES087	-0.362631	2.42908	2.79171
BLOCK08/SES089/SA089S25	SES206	-2.26319	0.528514	2.79171
BLOCK08/SES089/SA089S25	SES226	-0.498198	2.29351	2.79171
BLOCK08/SES089/SA089S28	SES062	-0.59199	2.00061	2.5926
BLOCK08/SES089/SA089S28	SES087	0.310523	2.90312	2.5926
BLOCK08/SES089/SA089S28	SES206	-0.562857	2.02974	2.5926
BLOCK08/SES089/SA089S28	SES226	-0.364429	2.22817	2.5926
BLOCK09/SES097/SA097S11	SES099	0.519802	2.76038	2.24058
BLOCK09/SES097/SA097S11	SES125	-1.65511	0.585468	2.24058
BLOCK09/SES097/SA097S11	SES206	-0.797066	1.44352	2.24058
BLOCK09/SES097/SA097S11	SES226	0.250996	2.49158	2.24058
BLOCK09/SES097/SA097S14	SES062	-1.00573	1.20376	2.2095
BLOCK09/SES097/SA097S14	SES099	-0.375297	1.8342	2.2095
BLOCK09/SES097/SA097S14	SES104	-0.745129	1.46437	2.2095
BLOCK09/SES097/SA097S14	SES206	-1.74429	0.465206	2.2095
BLOCK09/SES097/SA097S22	SES099	0.208421	2.20933	2.0009
BLOCK09/SES097/SA097S22	SES206	-1.13259	0.868313	2.0009
BLOCK09/SES097/SA097S22	SES226	-1.09679	0.904119	2.0009
BLOCK09/SES097/SA097S22	SES270	-0.153633	1.84727	2.0009
BLOCK09/SES097/SA097S26	SES099	0.0450361	2.07397	2.02893
BLOCK09/SES097/SA097S26	SES120	-0.724003	1.30493	2.02893
BLOCK09/SES097/SA097S26	SES206	-1.20386	0.825078	2.02893
BLOCK09/SES097/SA097S26	SES226	-1.808	0.220936	2.02893
BLOCK09/SES097/SA097S28	SES099	-0.388245	2.13221	2.52046
BLOCK09/SES097/SA097S28	SES120	-1.01787	1.50258	2.52046
BLOCK09/SES097/SA097S28	SES206	-1.82857	0.691886	2.52046
BLOCK09/SES097/SA097S28	SES226	-1.6382	0.882252	2.52046
BLOCK09/SES098/SA098S11	SES127	-1.04184	1.83391	2.87575
BLOCK09/SES098/SA098S11	SES144	-0.618316	2.25743	2.87575
BLOCK09/SES098/SA098S11	SES147	-0.80833	2.06742	2.87575
BLOCK09/SES098/SA098S11	SES148	-2.56581	0.309934	2.87575
BLOCK09/SES098/SA098S12	SES127	-2.1064	-0.00715048	2.09925
BLOCK09/SES098/SA098S12	SES144	-1.54388	0.555369	2.09925
BLOCK09/SES098/SA098S12	SES147	-1.19334	0.905907	2.09925
BLOCK09/SES098/SA098S12	SES189	-1.83561	0.263643	2.09925
BLOCK09/SES098/SA098S20	SES127	-2.72678	-0.0852521	2.64153
BLOCK09/SES098/SA098S20	SES147	-1.8072	0.834328	2.64153
BLOCK09/SES098/SA098S20	SES148	-2.43428	0.207246	2.64153
BLOCK09/SES098/SA098S20	SES292	-1.5131	1.12843	2.64153
BLOCK09/SES098/SA098S23	SES127	-1.67755	1.75856	3.43611
BLOCK09/SES098/SA098S23	SES147	-1.39817	2.03794	3.43611
BLOCK09/SES098/SA098S23	SES187	-1.17809	2.25803	3.43611
BLOCK09/SES098/SA098S23	SES292	-0.772426	2.66369	3.43611
BLOCK09/SES098/SA098S27	SES127	-3.24651	-0.834779	2.41173
BLOCK09/SES098/SA098S27	SES147	-2.69318	-0.281442	2.41173
BLOCK09/SES098/SA098S27	SES148	-3.58068	-1.16894	2.41173
BLOCK09/SES098/SA098S27	SES292	-0.538254	1.87348	2.41173
BLOCK10/SES102/SA102S13	SES101	-0.48479	2.00138	2.48617
BLOCK10/SES102/SA102S13	SES105	-1.14863	1.33754	2.48617
BLOCK10/SES102/SA102S13	SES120	-1.73672	0.749443	2.48617
BLOCK10/SES102/SA102S13	SES158	-1.27413	1.21204	2.48617
BLOCK10/SES102/SA102S14	SES007	0.223648	3.86567	3.64202
BLOCK10/SES102/SA102S14	SES101	0.730606	4.37263	3.64202
BLOCK10/SES102/SA102S14	SES105	0.272967	3.91499	3.64202
BLOCK10/SES102/SA102S14	SES147	-2.04321	1.59881	3.64202
BLOCK10/SES102/SA102S22	SES007	-1.17949	2.33172	3.51121
BLOCK10/SES102/SA102S22	SES101	-0.0597899	3.45142	3.51121
BLOCK10/SES102/SA102S22	SES105	-0.378658	3.13256	3.51121
BLOCK10/SES102/SA102S22	SES158	-1.45969	2.05152	3.51121
BLOCK10/SES102/SA102S25	SES007	-0.0692112	3.1515	3.22071
BLOCK10/SES102/SA102S25	SES101	0.624213	3.84492	3.22071
BLOCK10/SES102/SA102S25	SES105	-0.338103	2.88261	3.22071
BLOCK10/SES102/SA102S25	SES147	-2.23866	0.98205	3.22071
BLOCK10/SES102/SA102S27	SES007	-0.854894	2.08318	2.93808
BLOCK10/SES102/SA102S27	SES101	0.322571	3.26065	2.93808
BLOCK10/SES102/SA102S27	SES105	-0.937597	2.00048	2.93808
BLOCK10/SES102/SA102S27	SES147	-1.96106	0.977018	2.93808
BLOCK10/SES103/SA103S14	SES105	-2.64495	-0.9534	1.69155
BLOCK10/SES103/SA103S14	SES106	-1.53134	0.160206	1.69155
BLOCK10/SES103/SA103S14	SES120	-2.21713	-0.525585	1.69155
BLOCK10/SES103/SA103S14	SES206	-2.44957	-0.75802	1.69155
BLOCK10/SES103/SA103S15	SES099	-1.65708	-0.832158	0.824919
BLOCK10/SES103/SA103S15	SES101	-4.48048	-3.65556	0.824919
BLOCK10/SES103/SA103S15	SES104	-2.6579	-1.83298	0.824919
BLOCK10/SES103/SA103S15	SES125	-2.35213	-1.52721	0.824919
BLOCK10/SES103/SA103S24	SES104	-1.99377	0.0721927	2.06596
BLOCK10/SES103/SA103S24	SES125	-2.29809	-0.232121	2.06596
BLOCK10/SES103/SA103S24	SES148	-2.60857	-0.542602	2.06596
BLOCK10/SES103/SA103S24	SES158	-1.39933	0.666631	2.06596
BLOCK10/SES103/SA103S26	SES104	-1.53264	-0.051953	1.48069
BLOCK10/SES103/SA103S26	SES106	-1.08376	0.396925	1.48069
BLOCK10/SES103/SA103S26	SES125	-1.6999	-0.219209	1.48069
BLOCK10/SES103/SA103S26	SES148	-3.43998	-1.95929	1.48069
BLOCK10/SES103/SA103S28	SES104	-2.13198	-1.00206	1.12993
BLOCK10/SES103/SA103S28	SES106	-1.07493	0.0549964	1.12993
BLOCK10/SES103/SA103S28	SES125	-2.38662	-1.25669	1.12993
BLOCK10/SES103/SA103S28	SES206	-3.09675	-1.96683	1.12993
BLOCK12/SES121/SA121S12	SES042	-2.31034	-0.954733	1.35561
BLOCK12/SES121/SA121S12	SES087	-1.56595	-0.210345	1.35561
BLOCK12/SES121/SA121S12	SES105	-1.0791	0.276507	1.35561
BLOCK12/SES121/SA121S12	SES206	-2.1008	-0.745196	1.35561
BLOCK12/SES121/SA121S14	SES007	-2.37984	-1.76565	0.614192
BLOCK12/SES121/SA121S14	SES105	-2.54869	-1.93449	0.614192
BLOCK12/SES121/SA121S14	SES106	-2.10547	-1.49128	0.614192
BLOCK12/SES121/SA121S14	SES206	-1.68246	-1.06827	0.614192
BLOCK12/SES121/SA121S23	SES105	-2.16375	-1.532	0.631756
BLOCK12/SES121/SA121S23	SES106	-1.09821	-0.466456	0.631756
BLOCK12/SES121/SA121S23	SES120	-1.60905	-0.97729	0.631756
BLOCK12/SES121/SA121S23	SES206	-0.516118	0.115638	0.631756
BLOCK12/SES121/SA121S25	SES007	-1.54445	-1.0819	0.462546
BLOCK12/SES121/SA121S25	SES105	-2.7369	-2.27436	0.462546
BLOCK12/SES121/SA121S25	SES106	-2.02539	-1.56284	0.462546
BLOCK12/SES121/SA121S25	SES206	-1.74847	-1.28593	0.462546
BLOCK12/SES121/SA121S27	SES087	-0.805667	0.629051	1.43472
BLOCK12/SES121/SA121S27	SES105	-3.83489	-2.40017	1.43472
BLOCK12/SES121/SA121S27	SES120	-0.859542	0.575176	1.43472
BLOCK12/SES121/SA121S27	SES206	-1.05852	0.376203	1.43472
BLOCK12/SES124/SA124S16	SES042	-0.112176	2.27146	2.38364
BLOCK12/SES124/SA124S16	SES082	-2.08295	0.300692	2.38364
BLOCK12/SES124/SA124S16	SES183	-1.74631	0.637325	2.38364
BLOCK12/SES124/SA124S16	SES206	-2.21725	0.166388	2.38364
BLOCK12/SES124/SA124S17	SES105	-1.82828	-0.631557	1.19672
BLOCK12/SES124/SA124S17	SES149	-2.82284	-1.62612	1.19672
BLOCK12/SES124/SA124S17	SES158	-2.79151	-1.59479	1.19672
BLOCK12/SES124/SA124S17	SES275	-0.882573	0.314147	1.19672
BLOCK12/SES124/SA124S23	SES105	-2.01203	1.1671	3.17913
BLOCK12/SES124/SA124S23	SES125	0.103021	3.28215	3.17913
BLOCK12/SES124/SA124S23	SES129	-2.83938	0.339744	3.17913
BLOCK12/SES124/SA124S23	SES158	-0.36189	2.81724	3.17913
BLOCK12/SES124/SA124S26	SES105	-2.6678	-0.711228	1.95657
BLOCK12/SES124/SA124S26	SES125	-1.34222	0.614353	1.95657
BLOCK12/SES124/SA124S26	SES129	-2.62902	-0.672453	1.95657
BLOCK12/SES124/SA124S26	SES158	-1.16025	0.796318	1.95657
BLOCK12/SES124/SA124S28	SES104	-0.247309	2.39187	2.63918
BLOCK12/SES124/SA124S28	SES106	-0.694301	1.94487	2.63918
BLOCK12/SES124/SA124S28	SES125	0.117071	2.75625	2.63918
BLOCK12/SES124/SA124S28	SES275	-1.94107	0.698102	2.63918
BLOCK12/SES126/SA126S13	SES007	-0.697591	2.48014	3.17773
BLOCK12/SES126/SA126S13	SES162	-1.1319	2.04583	3.17773
BLOCK12/SES126/SA126S13	SES177	-0.803866	2.37386	3.17773
BLOCK12/SES126/SA126S13	SES180	-0.92745	2.25028	3.17773
BLOCK12/SES126/SA126S14	SES144	-1.07411	2.71415	3.78825
BLOCK12/SES126/SA126S14	SES148	-1.4424	2.34585	3.78825
BLOCK12/SES126/SA126S14	SES177	-0.844437	2.94381	3.78825
BLOCK12/SES126/SA126S14	SES180	-1.64369	2.14457	3.78825
BLOCK12/SES126/SA126S20	SES007	-0.575768	3.1267	3.70246
BLOCK12/SES126/SA126S20	SES162	-1.71437	1.98809	3.70246
BLOCK12/SES126/SA126S20	SES172	-2.0622	1.64026	3.70246
BLOCK12/SES126/SA126S20	SES180	-1.85746	1.845	3.70246
BLOCK12/SES126/SA126S24	SES120	-0.0390787	3.8707	3.90978
BLOCK12/SES126/SA126S24	SES162	-1.40745	2.50233	3.90978
BLOCK12/SES126/SA126S24	SES177	-0.240146	3.66963	3.90978
BLOCK12/SES126/SA126S24	SES180	-0.77914	3.13064	3.90978
BLOCK12/SES126/SA126S26	SES120	0.0776987	3.26214	3.18444
BLOCK12/SES126/SA126S26	SES177	-0.908209	2.27623	3.18444
BLOCK12/SES126/SA126S26	SES180	-0.814595	2.36985	3.18444
BLOCK12/SES126/SA126S26	SES202	-1.95635	1.22809	3.18444
BLOCK12/SES128/SA128S10	SES087	-2.3212	0.289355	2.61056
BLOCK12/SES128/SA128S10	SES206	-1.38136	1.2292	2.61056
BLOCK12/SES128/SA128S10	SES226	-0.844979	1.76558	2.61056
BLOCK12/SES128/SA128S10	SES270	-0.329237	2.28132	2.61056
BLOCK12/SES128/SA128S12	SES120	-0.715405	1.71692	2.43233
BLOCK12/SES128/SA128S12	SES158	-2.04674	0.385583	2.43233
BLOCK12/SES128/SA128S12	SES206	-1.43535	0.996981	2.43233
BLOCK12/SES128/SA128S12	SES226	-1.97138	0.460945	2.43233
BLOCK12/SES128/SA128S21	SES106	-1.29251	0.794929	2.08744
BLOCK12/SES128/SA128S21	SES120	-1.75314	0.334307	2.08744
BLOCK12/SES128/SA128S21	SES206	-1.13836	0.949079	2.08744
BLOCK12/SES128/SA128S21	SES226	-0.550269	1.53717	2.08744
BLOCK12/SES128/SA128S24	SES087	-1.42498	1.20777	2.63275
BLOCK12/SES128/SA128S24	SES120	-0.58678	2.04597	2.63275
BLOCK12/SES128/SA128S24	SES206	-0.70077	1.93198	2.63275
BLOCK12/SES128/SA128S24	SES226	-1.63569	0.997062	2.63275
BLOCK12/SES128/SA128S27	SES099	-0.222234	3.18698	3.40921
BLOCK12/SES128/SA128S27	SES120	-0.210681	3.19853	3.40921
BLOCK12/SES128/SA128S27	SES206	-0.833399	2.57581	3.40921
BLOCK12/SES128/SA128S27	SES226	-0.710531	2.69868	3.40921
BLOCK13/SES130/SA130S13	SES143	0.223054	2.33043	2.10738
BLOCK13/SES130/SA130S13	SES144	0.729457	2.83683	2.10738
BLOCK13/SES130/SA130S13	SES146	-0.800044	1.30733	2.10738
BLOCK13/SES130/SA130S13	SES275	-1.36914	0.738231	2.10738
BLOCK13/SES130/SA130S15	SES143	-0.659745	2.7473	3.40705
BLOCK13/SES130/SA130S15	SES144	0.508184	3.91523	3.40705
BLOCK13/SES130/SA130S15	SES146	-0.42027	2.98678	3.40705
BLOCK13/SES130/SA130S15	SES275	-0.4008	3.00625	3.40705
BLOCK13/SES130/SA130S23	SES127	-0.693288	1.26811	1.9614
BLOCK13/SES130/SA130S23	SES144	-0.588577	1.37282	1.9614
BLOCK13/SES130/SA130S23	SES146	-0.656619	1.30478	1.9614
BLOCK13/SES130/SA130S23	SES162	-0.0238503	1.93755	1.9614
BLOCK13/SES130/SA130S25	SES127	0.00447083	2.9407	2.93623
BLOCK13/SES130/SA130S25	SES144	0.0910797	3.02731	2.93623
BLOCK13/SES130/SA130S25	SES146	-0.279905	2.65632	2.93623
BLOCK13/SES130/SA130S25	SES275	-0.00504136	2.93119	2.93623
BLOCK13/SES130/SA130S28	SES127	-0.555367	2.20975	2.76512
BLOCK13/SES130/SA130S28	SES144	-0.435906	2.32921	2.76512
BLOCK13/SES130/SA130S28	SES146	-0.628665	2.13645	2.76512
BLOCK13/SES130/SA130S28	SES275	0.00794578	2.77307	2.76512
BLOCK13/SES131/SA131S13	SES002	-2.4042	-1.80989	0.594306
BLOCK13/SES131/SA131S13	SES007	-2.44445	-1.85014	0.594306
BLOCK13/SES131/SA131S13	SES099	-1.37421	-0.779905	0.594306
BLOCK13/SES131/SA131S13	SES105	-1.98111	-1.3868	0.594306
BLOCK13/SES131/SA131S14	SES104	-0.449448	2.09148	2.54093
BLOCK13/SES131/SA131S14	SES106	-1.52243	1.01849	2.54093
BLOCK13/SES131/SA131S14	SES125	-1.45273	1.0882	2.54093
BLOCK13/SES131/SA131S14	SES148	-0.762547	1.77838	2.54093
BLOCK13/SES131/SA131S20	SES104	-2.52586	-1.36806	1.1578
BLOCK13/SES131/SA131S20	SES106	-2.05497	-0.897177	1.1578
BLOCK13/SES131/SA131S20	SES125	-3.05892	-1.90112	1.1578
BLOCK13/SES131/SA131S20	SES148	-1.98256	-0.824759	1.1578
BLOCK13/SES131/SA131S22	SES099	-1.54971	0.81164	2.36135
BLOCK13/SES131/SA131S22	SES104	-1.85714	0.504204	2.36135
BLOCK13/SES131/SA131S22	SES125	-2.12665	0.234694	2.36135
BLOCK13/SES131/SA131S22	SES206	-2.2439	0.117452	2.36135
BLOCK13/SES131/SA131S29	SES087	-2.27547	-0.801439	1.47403
BLOCK13/SES131/SA131S29	SES104	-2.52023	-1.04619	1.47403
BLOCK13/SES131/SA131S29	SES125	-2.89555	-1.42152	1.47403
BLOCK13/SES131/SA131S29	SES206	-2.29586	-0.821824	1.47403
BLOCK13/SES132/SA132S11	SES083	-2.23175	1.26767	3.49942
BLOCK13/SES132/SA132S11	SES120	0.289705	3.78912	3.49942
BLOCK13/SES132/SA132S11	SES127	-1.51595	1.98347	3.49942
BLOCK13/SES132/SA132S11	SES275	-1.05654	2.44287	3.49942
BLOCK13/SES132/SA132S12	SES083	-1.50741	2.48447	3.99188
BLOCK13/SES132/SA132S12	SES143	-1.65364	2.33824	3.99188
BLOCK13/SES132/SA132S12	SES144	-1.013	2.97888	3.99188
BLOCK13/SES132/SA132S12	SES148	-0.422167	3.56972	3.99188
BLOCK13/SES132/SA132S22	SES062	-0.731517	2.8882	3.61971
BLOCK13/SES132/SA132S22	SES083	-1.94453	1.67519	3.61971
BLOCK13/SES132/SA132S22	SES127	-0.808988	2.81073	3.61971
BLOCK13/SES132/SA132S22	SES275	-0.637872	2.98184	3.61971
BLOCK13/SES132/SA132S24	SES007	-0.598725	3.78076	4.37948
BLOCK13/SES132/SA132S24	SES083	-1.69378	2.6857	4.37948
BLOCK13/SES132/SA132S24	SES127	-1.57064	2.80884	4.37948
BLOCK13/SES132/SA132S24	SES275	-0.421534	3.95795	4.37948
BLOCK13/SES132/SA132S27	SES083	-2.62818	0.358297	2.98648
BLOCK13/SES132/SA132S27	SES120	0.372002	3.35848	2.98648
BLOCK13/SES132/SA132S27	SES127	-1.86951	1.11696	2.98648
BLOCK13/SES132/SA132S27	SES275	-1.44517	1.54131	2.98648
BLOCK14/SES141/SA141S09	SES143	-1.06281	2.874	3.93681
BLOCK14/SES141/SA141S09	SES144	-0.663887	3.27292	3.93681
BLOCK14/SES141/SA141S09	SES162	-1.56337	2.37344	3.93681
BLOCK14/SES141/SA141S09	SES180	-1.11065	2.82616	3.93681
BLOCK14/SES141/SA141S15	SES127	-0.98496	2.32156	3.30652
BLOCK14/SES141/SA141S15	SES144	-1.04011	2.26641	3.30652
BLOCK14/SES141/SA141S15	SES162	-1.50774	1.79878	3.30652
BLOCK14/SES141/SA141S15	SES180	-0.557822	2.7487	3.30652
BLOCK14/SES141/SA141S24	SES127	-0.66022	2.94717	3.60739
BLOCK14/SES141/SA141S24	SES144	-1.01812	2.58928	3.60739
BLOCK14/SES141/SA141S24	SES162	-1.12611	2.48129	3.60739
BLOCK14/SES141/SA141S24	SES183	-1.43916	2.16823	3.60739
BLOCK14/SES141/SA141S26	SES142	-0.374309	2.81982	3.19413
BLOCK14/SES141/SA141S26	SES144	-1.08674	2.10739	3.19413
BLOCK14/SES141/SA141S26	SES172	-0.622437	2.57169	3.19413
BLOCK14/SES141/SA141S26	SES180	-0.979156	2.21498	3.19413
BLOCK14/SES141/SA141S29	SES127	-0.311077	3.27049	3.58157
BLOCK14/SES141/SA141S29	SES142	-0.0511105	3.53046	3.58157
BLOCK14/SES141/SA141S29	SES144	-0.848019	2.73355	3.58157
BLOCK14/SES141/SA141S29	SES180	-0.605808	2.97576	3.58157
BLOCK15/SES157/SA157S08	SES083	-2.028	0.939591	2.96759
BLOCK15/SES157/SA157S08	SES127	-0.850279	2.11731	2.96759
BLOCK15/SES157/SA157S08	SES148	-1.49817	1.46942	2.96759
BLOCK15/SES157/SA157S08	SES292	-2.02441	0.943177	2.96759
BLOCK15/SES157/SA157S11	SES083	-1.6971	1.11484	2.81193
BLOCK15/SES157/SA157S11	SES127	-0.722165	2.08977	2.81193
BLOCK15/SES157/SA157S11	SES148	-1.74911	1.06282	2.81193
BLOCK15/SES157/SA157S11	SES292	-1.54922	1.26272	2.81193
BLOCK15/SES157/SA157S21	SES127	-0.0899971	2.86018	2.95018
BLOCK15/SES157/SA157S21	SES148	0.422692	3.37287	2.95018
BLOCK15/SES157/SA157S21	SES158	-4.59712	-1.64694	2.95018
BLOCK15/SES157/SA157S21	SES292	-1.39061	1.55956	2.95018
BLOCK15/SES157/SA157S24	SES127	-0.306056	2.68719	2.99325
BLOCK15/SES157/SA157S24	SES148	-0.84174	2.15151	2.99325
BLOCK15/SES157/SA157S24	SES183	-1.34808	1.64517	2.99325
BLOCK15/SES157/SA157S24	SES292	-1.81762	1.17562	2.99325
BLOCK15/SES157/SA157S26	SES007	-0.271253	2.86372	3.13497
BLOCK15/SES157/SA157S26	SES127	-0.183559	2.95141	3.13497
BLOCK15/SES157/SA157S26	SES147	-1.17926	1.95571	3.13497
BLOCK15/SES157/SA157S26	SES148	-0.61036	2.52461	3.13497
BLOCK16/SES161/SA161S10	SES007	-1.46996	0.382577	1.85254
BLOCK16/SES161/SA161S10	SES105	-1.26089	0.591645	1.85254
BLOCK16/SES161/SA161S10	SES158	-1.52665	0.325887	1.85254
BLOCK16/SES161/SA161S10	SES275	-0.887599	0.964941	1.85254
BLOCK16/SES161/SA161S12	SES007	-2.26797	-0.0293784	2.23859
BLOCK16/SES161/SA161S12	SES105	-2.85723	-0.618636	2.23859
BLOCK16/SES161/SA161S12	SES158	-1.97084	0.267751	2.23859
BLOCK16/SES161/SA161S12	SES275	-1.43983	0.798759	2.23859
BLOCK16/SES161/SA161S20	SES007	-2.10048	-0.240449	1.86003
BLOCK16/SES161/SA161S20	SES105	-2.57762	-0.717597	1.86003
BLOCK16/SES161/SA161S20	SES158	-1.04168	0.818351	1.86003
BLOCK16/SES161/SA161S20	SES275	-1.7824	0.077627	1.86003
BLOCK16/SES161/SA161S23	SES007	-2.29805	0.154763	2.45282
BLOCK16/SES161/SA161S23	SES105	-1.36306	1.08976	2.45282
BLOCK16/SES161/SA161S23	SES148	-1.72148	0.731341	2.45282
BLOCK16/SES161/SA161S23	SES158	-1.56267	0.890151	2.45282
BLOCK16/SES161/SA161S28	SES007	-2.40096	-0.162984	2.23798
BLOCK16/SES161/SA161S28	SES105	-2.68496	-0.446981	2.23798
BLOCK16/SES161/SA161S28	SES158	-0.937303	1.30067	2.23798
BLOCK16/SES161/SA161S28	SES206	-1.0981	1.13987	2.23798
BLOCK16/SES164/SA164S11	SES104	-1.84206	0.441749	2.28381
BLOCK16/SES164/SA164S11	SES125	-1.51672	0.767082	2.28381
BLOCK16/SES164/SA164S11	SES158	-0.786095	1.49771	2.28381
BLOCK16/SES164/SA164S11	SES206	-1.91801	0.365799	2.28381
BLOCK16/SES164/SA164S13	SES099	-1.54214	-0.0993614	1.44278
BLOCK16/SES164/SA164S13	SES104	-1.8038	-0.361021	1.44278
BLOCK16/SES164/SA164S13	SES125	-1.55231	-0.109535	1.44278
BLOCK16/SES164/SA164S13	SES206	-1.71368	-0.270901	1.44278
BLOCK16/SES164/SA164S24	SES002	-0.0962083	1.67197	1.76817
BLOCK16/SES164/SA164S24	SES099	-1.23233	0.535848	1.76817
BLOCK16/SES164/SA164S24	SES125	-1.72338	0.0447956	1.76817
BLOCK16/SES164/SA164S24	SES226	0.0273049	1.79548	1.76817
BLOCK16/SES164/SA164S27	SES087	-2.08329	-1.01229	1.071
BLOCK16/SES164/SA164S27	SES125	-1.8871	-0.8161	1.071
BLOCK16/SES164/SA164S27	SES206	-2.37568	-1.30468	1.071
BLOCK16/SES164/SA164S27	SES226	-1.71521	-0.644214	1.071
BLOCK16/SES164/SA164S29	SES002	-0.129568	1.33544	1.46501
BLOCK16/SES164/SA164S29	SES019	-1.95587	-0.490861	1.46501
BLOCK16/SES164/SA164S29	SES125	-1.68491	-0.219903	1.46501
BLOCK16/SES164/SA164S29	SES226	-1.95656	-0.491551	1.46501
BLOCK16/SES169/SA169S13	SES117	-0.817708	1.74271	2.56042
BLOCK16/SES169/SA169S13	SES144	-0.652996	1.90743	2.56042
BLOCK16/SES169/SA169S13	SES146	-0.69109	1.86933	2.56042
BLOCK16/SES169/SA169S13	SES162	-0.383631	2.17679	2.56042
BLOCK16/SES169/SA169S14	SES144	-1.04114	2.60517	3.64631
BLOCK16/SES169/SA169S14	SES148	-1.09269	2.55362	3.64631
BLOCK16/SES169/SA169S14	SES177	-0.101909	3.5444	3.64631
BLOCK16/SES169/SA169S14	SES180	-0.804116	2.84219	3.64631
BLOCK16/SES169/SA169S24	SES117	-0.618034	1.06303	1.68106
BLOCK16/SES169/SA169S24	SES144	-0.270955	1.41011	1.68106
BLOCK16/SES169/SA169S24	SES146	-0.387879	1.29318	1.68106
BLOCK16/SES169/SA169S24	SES162	-0.661196	1.01986	1.68106
BLOCK16/SES169/SA169S27	SES127	-0.511158	2.19498	2.70614
BLOCK16/SES169/SA169S27	SES129	-0.588992	2.11715	2.70614
BLOCK16/SES169/SA169S27	SES144	-1.05504	1.6511	2.70614
BLOCK16/SES169/SA169S27	SES146	0.0819378	2.78808	2.70614
BLOCK16/SES169/SA169S29	SES144	0.0590413	3.56705	3.508
BLOCK16/SES169/SA169S29	SES162	-0.100184	3.40782	3.508
BLOCK16/SES169/SA169S29	SES177	-1.21441	2.29359	3.508
BLOCK16/SES169/SA169S29	SES180	-0.580397	2.92761	3.508
BLOCK17/SES171/SA171S12	SES083	-1.77874	0.437985	2.21672
BLOCK17/SES171/SA171S12	SES148	-1.68629	0.530428	2.21672
BLOCK17/SES171/SA171S12	SES172	-1.41037	0.806356	2.21672
BLOCK17/SES171/SA171S12	SES292	-2.95084	-0.734114	2.21672
BLOCK17/SES171/SA171S15	SES148	-1.53171	0.620092	2.1518
BLOCK17/SES171/SA171S15	SES177	-1.13456	1.01723	2.1518
BLOCK17/SES171/SA171S15	SES180	-2.43422	-0.282427	2.1518
BLOCK17/SES171/SA171S15	SES292	-1.63119	0.520612	2.1518
BLOCK17/SES171/SA171S22	SES007	-1.38037	1.92306	3.30344
BLOCK17/SES171/SA171S22	SES148	-1.39931	1.90412	3.30344
BLOCK17/SES171/SA171S22	SES177	-0.635928	2.66751	3.30344
BLOCK17/SES171/SA171S22	SES180	-2.16518	1.13825	3.30344
BLOCK17/SES171/SA171S25	SES101	-0.817442	1.53933	2.35678
BLOCK17/SES171/SA171S25	SES120	-2.50286	-0.146084	2.35678
BLOCK17/SES171/SA171S25	SES177	-0.94282	1.41396	2.35678
BLOCK17/SES171/SA171S25	SES180	-1.72	0.636775	2.35678
BLOCK17/SES171/SA171S27	SES177	-0.742273	1.92666	2.66893
BLOCK17/SES171/SA171S27	SES180	-2.18787	0.481061	2.66893
BLOCK17/SES171/SA171S27	SES189	-0.186574	2.48236	2.66893
BLOCK17/SES171/SA171S27	SES292	-1.972	0.696933	2.66893
BLOCK17/SES173/SA173S13	SES162	-3.57805	-0.295416	3.28263
BLOCK17/SES173/SA173S13	SES177	-1.3628	1.91983	3.28263
BLOCK17/SES173/SA173S13	SES180	-3.17937	0.103258	3.28263
BLOCK17/SES173/SA173S13	SES292	-0.576031	2.7066	3.28263
BLOCK17/SES173/SA173S14	SES007	-1.25047	1.72869	2.97916
BLOCK17/SES173/SA173S14	SES162	-2.98917	-0.0100102	2.97916
BLOCK17/SES173/SA173S14	SES177	-0.783892	2.19527	2.97916
BLOCK17/SES173/SA173S14	SES180	-2.53961	0.439546	2.97916
BLOCK17/SES173/SA173S24	SES144	-2.05651	0.250806	2.30731
BLOCK17/SES173/SA173S24	SES162	-2.53528	-0.227964	2.30731
BLOCK17/SES173/SA173S24	SES177	-1.02174	1.28557	2.30731
BLOCK17/SES173/SA173S24	SES180	-2.28055	0.0267592	2.30731
BLOCK17/SES173/SA173S27	SES162	-3.57902	-0.261221	3.3178
BLOCK17/SES173/SA173S27	SES177	-1.94034	1.37746	3.3178
BLOCK17/SES173/SA173S27	SES180	-2.20731	1.11048	3.3178
BLOCK17/SES173/SA173S27	SES292	-0.223061	3.09474	3.3178
BLOCK17/SES173/SA173S29	SES162	-2.49019	0.556766	3.04695
BLOCK17/SES173/SA173S29	SES175	-0.939775	2.10718	3.04695
BLOCK17/SES173/SA173S29	SES177	-0.180676	2.86628	3.04695
BLOCK17/SES173/SA173S29	SES292	-1.12989	1.91706	3.04695
BLOCK18/SES182/SA182S10	SES144	-0.729236	1.72595	2.45518
BLOCK18/SES182/SA182S10	SES177	-0.765153	1.69003	2.45518
BLOCK18/SES182/SA182S10	SES180	-1.82949	0.625689	2.45518
BLOCK18/SES182/SA182S10	SES275	0.255878	2.71106	2.45518
BLOCK18/SES182/SA182S12	SES144	0.27864	3.85103	3.57239
BLOCK18/SES182/SA182S12	SES177	-0.384257	3.18813	3.57239
BLOCK18/SES182/SA182S12	SES180	-0.873878	2.69851	3.57239
BLOCK18/SES182/SA182S12	SES275	0.202176	3.77456	3.57239
BLOCK18/SES182/SA182S21	SES117	-1.63351	0.833333	2.46684
BLOCK18/SES182/SA182S21	SES144	-0.970588	1.49625	2.46684
BLOCK18/SES182/SA182S21	SES162	-0.874026	1.59281	2.46684
BLOCK18/SES182/SA182S21	SES180	-1.96893	0.497907	2.46684
BLOCK18/SES182/SA182S23	SES117	-1.47753	1.21294	2.69046
BLOCK18/SES182/SA182S23	SES144	-1.00706	1.6834	2.69046
BLOCK18/SES182/SA182S23	SES180	-2.34302	0.347444	2.69046
BLOCK18/SES182/SA182S23	SES275	-0.130741	2.55972	2.69046
BLOCK18/SES182/SA182S25	SES007	0.57206	2.64069	2.06863
BLOCK18/SES182/SA182S25	SES162	-0.171096	1.89753	2.06863
BLOCK18/SES182/SA182S25	SES177	-0.503688	1.56494	2.06863
BLOCK18/SES182/SA182S25	SES180	-1.39968	0.668944	2.06863
BLOCK18/SES184/SA184S12	SES177	-1.56865	1.10584	2.6745
BLOCK18/SES184/SA184S12	SES180	-0.735009	1.93949	2.6745
BLOCK18/SES184/SA184S12	SES189	-0.767308	1.90719	2.6745
BLOCK18/SES184/SA184S12	SES292	-0.475154	2.19935	2.6745
BLOCK18/SES184/SA184S13	SES101	-0.927383	1.40155	2.32894
BLOCK18/SES184/SA184S13	SES177	-1.31076	1.01817	2.32894
BLOCK18/SES184/SA184S13	SES180	-1.10888	1.22006	2.32894
BLOCK18/SES184/SA184S13	SES292	-1.65033	0.678601	2.32894
BLOCK18/SES184/SA184S22	SES177	-1.20024	1.95946	3.1597
BLOCK18/SES184/SA184S22	SES180	-0.738864	2.42084	3.1597
BLOCK18/SES184/SA184S22	SES189	-1.07545	2.08425	3.1597
BLOCK18/SES184/SA184S22	SES292	-1.36915	1.79055	3.1597
BLOCK18/SES184/SA184S25	SES101	-0.457942	2.8982	3.35614
BLOCK18/SES184/SA184S25	SES177	-1.67481	1.68133	3.35614
BLOCK18/SES184/SA184S25	SES180	-0.803108	2.55303	3.35614
BLOCK18/SES184/SA184S25	SES292	-1.22179	2.13436	3.35614
BLOCK18/SES184/SA184S27	SES083	-1.086	1.35607	2.44207
BLOCK18/SES184/SA184S27	SES177	-0.976059	1.46601	2.44207
BLOCK18/SES184/SA184S27	SES202	-1.21231	1.22976	2.44207
BLOCK18/SES184/SA184S27	SES292	-1.0082	1.43387	2.44207
BLOCK20/SES204/SA204S12	SES062	0.00392413	3.60138	3.59745
BLOCK20/SES204/SA204S12	SES083	-2.47135	1.1261	3.59745
BLOCK20/SES204/SA204S12	SES206	-1.04778	2.54967	3.59745
BLOCK20/SES204/SA204S12	SES226	-1.40653	2.19092	3.59745
BLOCK20/SES204/SA204S14	SES068	-0.386718	4.26498	4.6517
BLOCK20/SES204/SA204S14	SES087	0.450978	5.10268	4.6517
BLOCK20/SES204/SA204S14	SES206	-0.721112	3.93059	4.6517
BLOCK20/SES204/SA204S14	SES226	-1.60548	3.04623	4.6517
BLOCK20/SES204/SA204S22	SES068	-0.879434	2.94307	3.8225
BLOCK20/SES204/SA204S22	SES082	-2.07479	1.74772	3.8225
BLOCK20/SES204/SA204S22	SES083	-2.9537	0.868802	3.8225
BLOCK20/SES204/SA204S22	SES206	-1.28585	2.53665	3.8225
BLOCK20/SES204/SA204S25	SES062	-0.938801	2.98487	3.92367
BLOCK20/SES204/SA204S25	SES083	-2.80062	1.12306	3.92367
BLOCK20/SES204/SA204S25	SES206	-0.988652	2.93502	3.92367
BLOCK20/SES204/SA204S25	SES226	-1.59403	2.32964	3.92367
BLOCK20/SES204/SA204S27	SES068	-1.1387	2.04042	3.17912
BLOCK20/SES204/SA204S27	SES082	-2.05326	1.12586	3.17912
BLOCK20/SES204/SA204S27	SES087	-0.65398	2.52514	3.17912
BLOCK20/SES204/SA204S27	SES206	-1.48416	1.69497	3.17912
BLOCK20/SES207/SA207S10	SES127	-1.91033	0.995853	2.90618
BLOCK20/SES207/SA207S10	SES183	-1.39205	1.51414	2.90618
BLOCK20/SES207/SA207S10	SES189	-1.23239	1.6738	2.90618
BLOCK20/SES207/SA207S10	SES292	-1.25732	1.64887	2.90618
BLOCK20/SES207/SA207S11	SES127	-2.01769	0.863691	2.88138
BLOCK20/SES207/SA207S11	SES183	-1.7129	1.16848	2.88138
BLOCK20/SES207/SA207S11	SES187	-1.53526	1.34612	2.88138
BLOCK20/SES207/SA207S11	SES292	-0.706325	2.17505	2.88138
BLOCK20/SES207/SA207S25	SES068	-1.29272	1.70422	2.99694
BLOCK20/SES207/SA207S25	SES083	-1.30646	1.69048	2.99694
BLOCK20/SES207/SA207S25	SES127	-0.602661	2.39428	2.99694
BLOCK20/SES207/SA207S25	SES187	-0.843475	2.15347	2.99694
BLOCK20/SES207/SA207S27	SES127	-1.37992	0.873301	2.25322
BLOCK20/SES207/SA207S27	SES183	-1.36692	0.886305	2.25322
BLOCK20/SES207/SA207S27	SES187	-1.09628	1.15695	2.25322
BLOCK20/SES207/SA207S27	SES292	-1.35743	0.895794	2.25322
BLOCK20/SES207/SA207S29	SES083	-1.68818	1.8436	3.53178
BLOCK20/SES207/SA207S29	SES085	-1.03812	2.49365	3.53178
BLOCK20/SES207/SA207S29	SES172	-0.153804	3.37797	3.53178
BLOCK20/SES207/SA207S29	SES189	-1.74238	1.78939	3.53178
BLOCK22/SES221/SA221S12	SES068	0.0318208	4.38569	4.35387
BLOCK22/SES221/SA221S12	SES143	-2.01339	2.34047	4.35387
BLOCK22/SES221/SA221S12	SES175	-0.982974	3.37089	4.35387
BLOCK22/SES221/SA221S12	SES202	-1.32445	3.02941	4.35387
BLOCK22/SES221/SA221S15	SES085	-0.748949	2.63176	3.3807
BLOCK22/SES221/SA221S15	SES143	-2.14214	1.23856	3.3807
BLOCK22/SES221/SA221S15	SES175	-1.07484	2.30587	3.3807
BLOCK22/SES221/SA221S15	SES187	-1.49051	1.89019	3.3807
BLOCK22/SES221/SA221S23	SES068	-0.0138404	3.66061	3.67445
BLOCK22/SES221/SA221S23	SES143	-1.55666	2.11779	3.67445
BLOCK22/SES221/SA221S23	SES175	-0.168763	3.50569	3.67445
BLOCK22/SES221/SA221S23	SES189	-0.71765	2.9568	3.67445
BLOCK22/SES221/SA221S27	SES085	0.866481	4.55413	3.68765
BLOCK22/SES221/SA221S27	SES143	-1.21634	2.47131	3.68765
BLOCK22/SES221/SA221S27	SES175	-0.729361	2.95829	3.68765
BLOCK22/SES221/SA221S27	SES189	-0.164274	3.52337	3.68765
BLOCK22/SES221/SA221S29	SES085	0.724026	4.23428	3.51026
BLOCK22/SES221/SA221S29	SES143	-0.92116	2.5891	3.51026
BLOCK22/SES221/SA221S29	SES175	-0.218154	3.2921	3.51026
BLOCK22/SES221/SA221S29	SES187	-1.32366	2.1866	3.51026
BLOCK22/SES223/SA223S11	SES143	-1.40128	0.817757	2.21904
BLOCK22/SES223/SA223S11	SES144	-2.40897	-0.189935	2.21904
BLOCK22/SES223/SA223S11	SES175	-0.999792	1.21925	2.21904
BLOCK22/SES223/SA223S11	SES187	-2.39614	-0.177104	2.21904
BLOCK22/SES223/SA223S13	SES068	-0.39547	1.85422	2.24969
BLOCK22/SES223/SA223S13	SES143	-2.52737	-0.277678	2.24969
BLOCK22/SES223/SA223S13	SES146	-2.8774	-0.627712	2.24969
BLOCK22/SES223/SA223S13	SES202	-2.35736	-0.107666	2.24969
BLOCK22/SES223/SA223S22	SES143	-1.68975	0.847549	2.53729
BLOCK22/SES223/SA223S22	SES144	-3.03346	-0.496162	2.53729
BLOCK22/SES223/SA223S22	SES175	-0.998871	1.53842	2.53729
BLOCK22/SES223/SA223S22	SES187	-1.2924	1.2449	2.53729
BLOCK22/SES223/SA223S25	SES068	-0.111837	3.01272	3.12456
BLOCK22/SES223/SA223S25	SES143	-2.00774	1.11682	3.12456
BLOCK22/SES223/SA223S25	SES175	-1.0864	2.03815	3.12456
BLOCK22/SES223/SA223S25	SES187	-1.63792	1.48664	3.12456
BLOCK22/SES223/SA223S27	SES143	-0.356712	1.92691	2.28362
BLOCK22/SES223/SA223S27	SES146	-1.36804	0.915578	2.28362
BLOCK22/SES223/SA223S27	SES187	-2.06485	0.218774	2.28362
BLOCK22/SES223/SA223S27	SES292	-0.121662	2.16196	2.28362
BLOCK27/SES273/SA273S12	SES099	-0.23626	3.1774	3.41366
BLOCK27/SES273/SA273S12	SES104	-0.733498	2.68017	3.41366
BLOCK27/SES273/SA273S12	SES125	-1.5639	1.84976	3.41366
BLOCK27/SES273/SA273S12	SES206	-0.544692	2.86897	3.41366
BLOCK27/SES273/SA273S13	SES099	-0.813812	2.77533	3.58914
BLOCK27/SES273/SA273S13	SES104	-1.31904	2.2701	3.58914
BLOCK27/SES273/SA273S13	SES206	-1.27329	2.31585	3.58914
BLOCK27/SES273/SA273S13	SES292	-0.986047	2.60309	3.58914
BLOCK27/SES273/SA273S21	SES099	-0.572848	2.61667	3.18952
BLOCK27/SES273/SA273S21	SES148	-1.87386	1.31566	3.18952
BLOCK27/SES273/SA273S21	SES149	-0.763228	2.42629	3.18952
BLOCK27/SES273/SA273S21	SES177	-1.54501	1.6445	3.18952
BLOCK27/SES273/SA273S25	SES104	-1.10582	1.73689	2.84272
BLOCK27/SES273/SA273S25	SES125	-1.5971	1.24562	2.84272
BLOCK27/SES273/SA273S25	SES158	-0.189361	2.65336	2.84272
BLOCK27/SES273/SA273S25	SES206	-0.433867	2.40885	2.84272
BLOCK27/SES273/SA273S27	SES099	-0.544974	3.18042	3.72539
BLOCK27/SES273/SA273S27	SES104	-0.979472	2.74592	3.72539
BLOCK27/SES273/SA273S27	SES149	-0.753256	2.97213	3.72539
BLOCK27/SES273/SA273S27	SES275	-1.23129	2.4941	3.72539
BLOCK27/SES274/SA274S10	SES105	-1.96379	2.05606	4.01985
BLOCK27/SES274/SA274S10	SES125	-2.05335	1.9665	4.01985
BLOCK27/SES274/SA274S10	SES129	-0.545522	3.47433	4.01985
BLOCK27/SES274/SA274S10	SES158	-3.05505	0.9648	4.01985
BLOCK27/SES274/SA274S11	SES105	-0.945155	2.88323	3.82839
BLOCK27/SES274/SA274S11	SES149	-1.74616	2.08223	3.82839
BLOCK27/SES274/SA274S11	SES158	-1.43829	2.3901	3.82839
BLOCK27/SES274/SA274S11	SES275	-0.326169	3.50222	3.82839
BLOCK27/SES274/SA274S21	SES105	-1.98717	2.30459	4.29176
BLOCK27/SES274/SA274S21	SES129	-0.602302	3.68946	4.29176
BLOCK27/SES274/SA274S21	SES149	-1.48908	2.80269	4.29176
BLOCK27/SES274/SA274S21	SES158	-3.44295	0.848811	4.29176
BLOCK27/SES274/SA274S24	SES105	-1.70337	2.40792	4.11129
BLOCK27/SES274/SA274S24	SES129	-0.398418	3.71287	4.11129
BLOCK27/SES274/SA274S24	SES149	-2.19204	1.91925	4.11129
BLOCK27/SES274/SA274S24	SES158	-4.04737	0.063923	4.11129
BLOCK27/SES274/SA274S29	SES105	-1.71517	1.85111	3.56629
BLOCK27/SES274/SA274S29	SES106	-2.26713	1.29915	3.56629
BLOCK27/SES274/SA274S29	SES120	-0.882954	2.68333	3.56629
BLOCK27/SES274/SA274S29	SES275	-0.961377	2.60491	3.56629
BLOCK27/SES276/SA276S16	SES148	-0.885232	2.39771	3.28294
BLOCK27/SES276/SA276S16	SES172	-0.411033	2.8719	3.28294
BLOCK27/SES276/SA276S16	SES180	-1.70093	1.582	3.28294
BLOCK27/SES276/SA276S16	SES292	-0.823958	2.45898	3.28294
BLOCK27/SES276/SA276S17	SES101	-0.716156	2.48587	3.20203
BLOCK27/SES276/SA276S17	SES177	-1.44947	1.75256	3.20203
BLOCK27/SES276/SA276S17	SES180	-0.831571	2.37046	3.20203
BLOCK27/SES276/SA276S17	SES292	-1.20008	2.00195	3.20203
BLOCK27/SES276/SA276S24	SES101	0.0211687	3.65763	3.63646
BLOCK27/SES276/SA276S24	SES177	-0.57587	3.06059	3.63646
BLOCK27/SES276/SA276S24	SES180	-0.99277	2.64369	3.63646
BLOCK27/SES276/SA276S24	SES292	-1.82626	1.8102	3.63646
BLOCK27/SES276/SA276S26	SES101	-0.955333	2.92429	3.87963
BLOCK27/SES276/SA276S26	SES177	-0.190337	3.68929	3.87963
BLOCK27/SES276/SA276S26	SES180	0.246495	4.12612	3.87963
BLOCK27/SES276/SA276S26	SES292	0.25316	4.13279	3.87963
BLOCK27/SES276/SA276S28	SES101	-0.440941	3.52641	3.96735
BLOCK27/SES276/SA276S28	SES177	-1.26143	2.70592	3.96735
BLOCK27/SES276/SA276S28	SES180	0.0138438	3.9812	3.96735
BLOCK27/SES276/SA276S28	SES292	-0.66767	3.29968	3.96735
BLOCK27/SES277/SA277S12	SES101	-0.768641	1.27809	2.04673
BLOCK27/SES277/SA277S12	SES177	-1.69112	0.355607	2.04673
BLOCK27/SES277/SA277S12	SES180	-2.44476	-0.398031	2.04673
BLOCK27/SES277/SA277S12	SES292	-2.89036	-0.84363	2.04673
BLOCK27/SES277/SA277S14	SES177	-1.35031	0.629332	1.97964
BLOCK27/SES277/SA277S14	SES180	-3.18736	-1.20772	1.97964
BLOCK27/SES277/SA277S14	SES189	-0.474614	1.50503	1.97964
BLOCK27/SES277/SA277S14	SES292	-2.25717	-0.277521	1.97964
BLOCK27/SES277/SA277S21	SES177	-0.677668	2.04966	2.72733
BLOCK27/SES277/SA277S21	SES180	-1.6596	1.06773	2.72733
BLOCK27/SES277/SA277S21	SES189	0.633035	3.36036	2.72733
BLOCK27/SES277/SA277S21	SES292	-2.37815	0.349176	2.72733
BLOCK27/SES277/SA277S24	SES144	-1.60422	-0.0395449	1.56468
BLOCK27/SES277/SA277S24	SES177	-1.63663	-0.0719544	1.56468
BLOCK27/SES277/SA277S24	SES180	-3.19024	-1.62556	1.56468
BLOCK27/SES277/SA277S24	SES189	-0.452144	1.11253	1.56468
BLOCK27/SES277/SA277S29	SES177	-0.937446	2.60137	3.53881
BLOCK27/SES277/SA277S29	SES180	-1.60766	1.93115	3.53881
BLOCK27/SES277/SA277S29	SES202	-1.23542	2.30339	3.53881
BLOCK27/SES277/SA277S29	SES292	-2.1818	1.35701	3.53881
BLOCK27/SES279/SA279S09	SES120	-1.00721	2.2182	3.22541
BLOCK27/SES279/SA279S09	SES146	-1.85034	1.37506	3.22541
BLOCK27/SES279/SA279S09	SES206	-1.24673	1.97867	3.22541
BLOCK27/SES279/SA279S09	SES226	-2.37231	0.853094	3.22541
BLOCK27/SES279/SA279S10	SES099	-0.0226307	3.11825	3.14088
BLOCK27/SES279/SA279S10	SES206	-0.414676	2.7262	3.14088
BLOCK27/SES279/SA279S10	SES226	-1.42054	1.72034	3.14088
BLOCK27/SES279/SA279S10	SES292	-0.386761	2.75412	3.14088
BLOCK27/SES279/SA279S20	SES099	-1.28341	1.50228	2.78569
BLOCK27/SES279/SA279S20	SES206	-0.745738	2.03995	2.78569
BLOCK27/SES279/SA279S20	SES226	-1.73703	1.04866	2.78569
BLOCK27/SES279/SA279S20	SES292	-0.149663	2.63602	2.78569
BLOCK27/SES279/SA279S26	SES099	-1.01262	1.87398	2.8866
BLOCK27/SES279/SA279S26	SES206	-0.339676	2.54693	2.8866
BLOCK27/SES279/SA279S26	SES226	-1.80237	1.08424	2.8866
BLOCK27/SES279/SA279S26	SES292	-0.451013	2.43559	2.8866
BLOCK27/SES279/SA279S28	SES099	-0.386955	3.94313	4.33009
BLOCK27/SES279/SA279S28	SES120	-0.361727	3.96836	4.33009
BLOCK27/SES279/SA279S28	SES177	-0.880378	3.44971	4.33009
BLOCK27/SES279/SA279S28	SES206	-0.321174	4.00891	4.33009
BLOCK29/SES290/SA290S12	SES162	-0.200934	4.40278	4.60372
BLOCK29/SES290/SA290S12	SES177	-0.507943	4.09577	4.60372
BLOCK29/SES290/SA290S12	SES180	-1.43301	3.17071	4.60372
BLOCK29/SES290/SA290S12	SES292	-1.13629	3.46743	4.60372
BLOCK29/SES290/SA290S13	SES007	0.104343	3.93205	3.82771
BLOCK29/SES290/SA290S13	SES162	-1.52951	2.2982	3.82771
BLOCK29/SES290/SA290S13	SES177	-0.277874	3.54983	3.82771
BLOCK29/SES290/SA290S13	SES180	-0.552132	3.27558	3.82771
BLOCK29/SES290/SA290S22	SES177	-0.0211923	3.71236	3.73355
BLOCK29/SES290/SA290S22	SES180	-0.792778	2.94077	3.73355
BLOCK29/SES290/SA290S22	SES202	-0.676769	3.05678	3.73355
BLOCK29/SES290/SA290S22	SES292	-0.799625	2.93392	3.73355
BLOCK29/SES290/SA290S25	SES162	-0.854889	3.47814	4.33303
BLOCK29/SES290/SA290S25	SES177	-0.720176	3.61286	4.33303
BLOCK29/SES290/SA290S25	SES180	-0.807992	3.52504	4.33303
BLOCK29/SES290/SA290S25	SES292	-0.78151	3.55152	4.33303
BLOCK29/SES290/SA290S29	SES177	-0.296035	3.38173	3.67777
BLOCK29/SES290/SA290S29	SES180	-0.514464	3.1633	3.67777
BLOCK29/SES290/SA290S29	SES275	-0.577085	3.10068	3.67777
BLOCK29/SES290/SA290S29	SES292	-0.589487	3.08828	3.67777
BLOCK29/SES291/SA291S11	SES105	-2.48243	-0.397677	2.08476
BLOCK29/SES291/SA291S11	SES125	-0.643652	1.4411	2.08476
BLOCK29/SES291/SA291S11	SES158	-0.802682	1.28207	2.08476
BLOCK29/SES291/SA291S11	SES275	-2.22382	-0.139068	2.08476
BLOCK29/SES291/SA291S12	SES158	0.640476	2.97309	2.33262
BLOCK29/SES291/SA291S12	SES226	-1.0056	1.32702	2.33262
BLOCK29/SES291/SA291S12	SES270	0.640308	2.97292	2.33262
BLOCK29/SES291/SA291S12	SES275	-3.77888	-1.44626	2.33262
BLOCK29/SES291/SA291S22	SES082	-0.859801	2.18561	3.04541
BLOCK29/SES291/SA291S22	SES158	-1.02518	2.02023	3.04541
BLOCK29/SES291/SA291S22	SES259	-1.64987	1.39554	3.04541
BLOCK29/SES291/SA291S22	SES275	-2.45941	0.585996	3.04541
BLOCK29/SES291/SA291S24	SES104	0.201352	3.523	3.32165
BLOCK29/SES291/SA291S24	SES125	-0.236935	3.08471	3.32165
BLOCK29/SES291/SA291S24	SES158	0.0386345	3.36028	3.32165
BLOCK29/SES291/SA291S24	SES275	-2.40749	0.914157	3.32165
BLOCK29/SES291/SA291S27	SES158	0.313978	3.53133	3.21735
BLOCK29/SES291/SA291S27	SES172	-3.02915	0.188205	3.21735
BLOCK29/SES291/SA291S27	SES275	-2.5109	0.706454	3.21735
BLOCK29/SES291/SA291S27	SES292	-1.18641	2.03094	3.21735
