BLOCK00/SES002/SA002S12	SES002	1.93442	-52.2447	-54.1791
BLOCK00/SES002/SA002S13	SES002	1.57646	-53.102	-54.6785
BLOCK00/SES002/SA002S23	SES002	1.89986	-52.2815	-54.1814
BLOCK00/SES002/SA002S26	SES002	2.15055	-52.2822	-54.4327
BLOCK00/SES002/SA002S28	SES002	1.54436	-52.7959	-54.3403
BLOCK00/SES007/SA007S14	SES007	-nan	-nan	-56.7325
BLOCK00/SES007/SA007S15	SES007	-nan	-nan	-56.8689
BLOCK00/SES007/SA007S24	SES007	-nan	-nan	-56.6708
BLOCK00/SES007/SA007S27	SES007	-nan	-nan	-56.8108
BLOCK00/SES007/SA007S29	SES007	-nan	-nan	-55.8583
BLOCK00/SES008/SA008S11	SES008	2.4256	-54.4114	-56.837
BLOCK00/SES008/SA008S12	SES008	1.94447	-54.5376	-56.4821
BLOCK00/SES008/SA008S19	SES008	2.79549	-53.8539	-56.6494
BLOCK00/SES008/SA008S22	SES008	2.40834	-54.6886	-57.0969
BLOCK00/SES008/SA008S29	SES008	2.44681	-54.0843	-56.5312
BLOCK01/SES014/SA014S10	SES014	2.17916	-52.9039	-55.083
BLOCK01/SES014/SA014S12	SES014	2.97522	-51.0498	-54.025
BLOCK01/SES014/SA014S24	SES014	1.71978	-52.7324	-54.4522
BLOCK01/SES014/SA014S26	SES014	2.61573	-50.5079	-53.1237
BLOCK01/SES014/SA014S28	SES014	2.38674	-52.4144	-54.8011
BLOCK01/SES016/SA016S12	SES016	1.43099	-57.047	-58.478
BLOCK01/SES016/SA016S13	SES016	2.38927	-55.8522	-58.2414
BLOCK01/SES016/SA016S22	SES016	1.85289	-56.2691	-58.122
BLOCK01/SES016/SA016S25	SES016	2.18875	-54.0452	-56.234
BLOCK01/SES016/SA016S27	SES016	2.98949	-54.0392	-57.0287
BLOCK01/SES019/SA019S13	SES019	2.60969	-53.702	-56.3117
BLOCK01/SES019/SA019S14	SES019	2.13698	-53.2843	-55.4213
BLOCK01/SES019/SA019S22	SES019	2.30174	-53.2381	-55.5398
BLOCK01/SES019/SA019S25	SES019	1.91396	-54.3297	-56.2437
BLOCK01/SES019/SA019S29	SES019	3.31251	-53.3702	-56.6827
BLOCK02/SES029/SA029S11	SES029	2.17496	-54.9983	-57.1733
BLOCK02/SES029/SA029S12	SES029	1.82298	-55.0042	-56.8272
BLOCK02/SES029/SA029S20	SES029	1.65215	-56.4008	-58.0529
BLOCK02/SES029/SA029S25	SES029	2.28759	-54.803	-57.0906
BLOCK02/SES029/SA029S28	SES029	1.78065	-55.3262	-57.1068
BLOCK04/SES042/SA042S12	SES042	2.9202	-51.5583	-54.4785
BLOCK04/SES042/SA042S15	SES042	2.07741	-52.2115	-54.2889
BLOCK04/SES042/SA042S22	SES042	3.6731	-49.8904	-53.5635
BLOCK04/SES042/SA042S25	SES042	2.00153	-52.424	-54.4255
BLOCK04/SES042/SA042S27	SES042	2.67842	-50.8623	-53.5407
BLOCK04/SES048/SA048S11	SES048	1.79223	-53.5799	-55.3722
BLOCK04/SES048/SA048S12	SES048	1.79124	-53.3802	-55.1714
BLOCK04/SES048/SA048S20	SES048	1.60026	-53.679	-55.2793
BLOCK04/SES048/SA048S23	SES048	2.19558	-53.9615	-56.1571
BLOCK04/SES048/SA048S27	SES048	2.02911	-53.342	-55.3711
BLOCK06/SES060/SA060S11	SES060	2.52493	-54.6515	-57.1764
BLOCK06/SES060/SA060S12	SES060	1.6063	-56.9604	-58.5667
BLOCK06/SES060/SA060S22	SES060	1.6211	-55.5616	-57.1827
BLOCK06/SES060/SA060S24	SES060	1.89093	-54.4025	-56.2935
BLOCK06/SES060/SA060S28	SES060	2.61126	-53.0866	-55.6979
BLOCK06/SES062/SA062S10	SES062	2.39816	-53.8279	-56.226
BLOCK06/SES062/SA062S11	SES062	2.40083	-54.3987	-56.7995
BLOCK06/SES062/SA062S21	SES062	2.76965	-52.469	-55.2386
BLOCK06/SES062/SA062S26	SES062	2.56108	-53.632	-56.193
BLOCK06/SES062/SA062S29	SES062	2.72121	-53.3332	-56.0544
BLOCK06/SES068/SA068S14	SES068	2.15559	-54.9482	-57.1038
BLOCK06/SES068/SA068S15	SES068	2.98666	-53.5002	-56.4868
BLOCK06/SES068/SA068S23	SES068	1.93605	-55.1071	-57.0432
BLOCK06/SES068/SA068S27	SES068	3.18626	-54.9182	-58.1045
BLOCK06/SES068/SA068S29	SES068	2.46047	-54.1701	-56.6306
BLOCK08/SES082/SA082S12	SES082	1.29109	-53.4806	-54.7717
BLOCK08/SES082/SA082S14	SES082	1.46042	-53.8492	-55.3096
BLOCK08/SES082/SA082S21	SES082	1.6732	-53.8805	-55.5537
BLOCK08/SES082/SA082S24	SES082	1.73011	-53.6481	-55.3782
BLOCK08/SES082/SA082S28	SES082	1.2294	-54.3631	-55.5925
BLOCK08/SES083/SA083S14	SES083	1.31553	-55.5048	-56.8203
BLOCK08/SES083/SA083S15	SES083	1.66445	-55.2825	-56.9469
BLOCK08/SES083/SA083S24	SES083	1.72198	-55.2832	-57.0052
BLOCK08/SES083/SA083S26	SES083	1.17678	-54.6678	-55.8445
BLOCK08/SES083/SA083S29	SES083	1.12888	-55.3212	-56.4501
BLOCK08/SES085/SA085S10	SES085	1.40032	-55.5689	-56.9692
BLOCK08/SES085/SA085S13	SES085	1.74334	-56.05	-57.7934
BLOCK08/SES085/SA085S22	SES085	1.24353	-57.8007	-59.0443
BLOCK08/SES085/SA085S26	SES085	2.01323	-55.9689	-57.9821
BLOCK08/SES085/SA085S28	SES085	1.37745	-55.0793	-56.4568
BLOCK08/SES087/SA087S15	SES087	1.55885	-52.4604	-54.0193
BLOCK08/SES087/SA087S16	SES087	1.58911	-53.1339	-54.723
BLOCK08/SES087/SA087S24	SES087	1.68062	-52.7397	-54.4203
BLOCK08/SES087/SA087S26	SES087	1.51934	-52.1296	-53.649
BLOCK08/SES087/SA087S29	SES087	1.90933	-52.703	-54.6123
BLOCK09/SES099/SA099S15	SES099	2.08072	-53.3486	-55.4293
BLOCK09/SES099/SA099S16	SES099	2.0337	-53.5677	-55.6014
BLOCK09/SES099/SA099S24	SES099	2.05474	-52.7184	-54.7731
BLOCK09/SES099/SA099S26	SES099	2.40613	-52.5368	-54.9429
BLOCK09/SES099/SA099S29	SES099	2.03465	-52.8421	-54.8767
BLOCK10/SES101/SA101S11	SES101	1.82906	-54.1413	-55.9704
BLOCK10/SES101/SA101S13	SES101	1.71447	-54.7534	-56.4678
BLOCK10/SES101/SA101S22	SES101	1.77439	-55.2243	-56.9987
BLOCK10/SES101/SA101S24	SES101	2.05913	-54.312	-56.3711
BLOCK10/SES101/SA101S28	SES101	1.00259	-56.3688	-57.3714
BLOCK10/SES104/SA104S11	SES104	1.27106	-52.586	-53.857
BLOCK10/SES104/SA104S12	SES104	1.92109	-52.4449	-54.366
BLOCK10/SES104/SA104S21	SES104	1.50895	-53.3344	-54.8434
BLOCK10/SES104/SA104S24	SES104	1.90891	-52.9532	-54.8621
BLOCK10/SES104/SA104S28	SES104	2.12527	-52.643	-54.7682
BLOCK10/SES105/SA105S12	SES105	1.78021	-54.5547	-56.3349
BLOCK10/SES105/SA105S13	SES105	1.32402	-54.8276	-56.1516
BLOCK10/SES105/SA105S22	SES105	1.51285	-55.3288	-56.8416
BLOCK10/SES105/SA105S26	SES105	1.60106	-54.6701	-56.2711
BLOCK10/SES105/SA105S29	SES105	1.57174	-55.0128	-56.5845
BLOCK10/SES106/SA106S09	SES106	0.607891	-55.1779	-55.7858
BLOCK10/SES106/SA106S11	SES106	1.6123	-52.5605	-54.1728
BLOCK10/SES106/SA106S22	SES106	1.97707	-53.3753	-55.3523
BLOCK10/SES106/SA106S27	SES106	1.34492	-53.473	-54.8179
BLOCK10/SES106/SA106S29	SES106	1.35584	-52.3874	-53.7432
BLOCK11/SES117/SA117S12	SES117	0.828922	-55.9712	-56.8002
BLOCK11/SES117/SA117S13	SES117	0.862061	-55.4867	-56.3488
BLOCK11/SES117/SA117S23	SES117	2.57272	-56.1996	-58.7723
BLOCK11/SES117/SA117S25	SES117	1.78263	-55.8143	-57.5969
BLOCK11/SES117/SA117S28	SES117	1.97842	-55.8766	-57.855
BLOCK12/SES120/SA120S08	SES120	1.80586	-56.1786	-57.9844
BLOCK12/SES120/SA120S11	SES120	1.22086	-56.838	-58.0588
BLOCK12/SES120/SA120S22	SES120	1.50111	-55.329	-56.8301
BLOCK12/SES120/SA120S24	SES120	2.39014	-54.7042	-57.0943
BLOCK12/SES120/SA120S28	SES120	1.47252	-56.6986	-58.1712
BLOCK12/SES125/SA125S13	SES125	2.1578	-52.0143	-54.1721
BLOCK12/SES125/SA125S14	SES125	1.76343	-52.7075	-54.4709
BLOCK12/SES125/SA125S25	SES125	2.77034	-51.678	-54.4483
BLOCK12/SES125/SA125S27	SES125	2.4479	-51.4936	-53.9415
BLOCK12/SES125/SA125S29	SES125	2.34181	-52.2629	-54.6047
BLOCK12/SES127/SA127S11	SES127	2.17561	-54.5577	-56.7333
BLOCK12/SES127/SA127S12	SES127	2.03515	-54.678	-56.7131
BLOCK12/SES127/SA127S23	SES127	2.1801	-55.0966	-57.2767
BLOCK12/SES127/SA127S25	SES127	1.0867	-56.2375	-57.3242
BLOCK12/SES127/SA127S27	SES127	2.73445	-55.0036	-57.738
BLOCK12/SES129/SA129S11	SES129	2.85894	-53.0221	-55.8811
BLOCK12/SES129/SA129S12	SES129	2.78052	-52.9809	-55.7614
BLOCK12/SES129/SA129S22	SES129	2.23468	-53.1026	-55.3373
BLOCK12/SES129/SA129S27	SES129	3.08107	-52.2728	-55.3539
BLOCK12/SES129/SA129S29	SES129	3.55769	-52.1624	-55.7201
BLOCK14/SES142/SA142S11	SES142	3.61185	-55.187	-58.7989
BLOCK14/SES142/SA142S12	SES142	2.94381	-55.7882	-58.732
BLOCK14/SES142/SA142S24	SES142	4.86409	-54.9221	-59.7862
BLOCK14/SES142/SA142S27	SES142	3.84119	-54.1453	-57.9865
BLOCK14/SES142/SA142S29	SES142	3.81441	-54.1562	-57.9706
BLOCK14/SES143/SA143S12	SES143	2.39021	-55.1803	-57.5705
BLOCK14/SES143/SA143S13	SES143	2.36843	-55.3267	-57.6952
BLOCK14/SES143/SA143S23	SES143	2.66957	-55.689	-58.3586
BLOCK14/SES143/SA143S25	SES143	2.54261	-55.7634	-58.306
BLOCK14/SES143/SA143S28	SES143	2.32232	-54.7897	-57.112
BLOCK14/SES144/SA144S09	SES144	1.54317	-54.3894	-55.9326
BLOCK14/SES144/SA144S11	SES144	1.53849	-55.4735	-57.012
BLOCK14/SES144/SA144S21	SES144	1.43616	-55.2093	-56.6454
BLOCK14/SES144/SA144S25	SES144	0.812954	-55.2762	-56.0891
BLOCK14/SES144/SA144S29	SES144	1.43876	-55.2888	-56.7276
BLOCK14/SES146/SA146S14	SES146	1.33039	-54.8463	-56.1767
BLOCK14/SES146/SA146S15	SES146	1.35918	-54.9141	-56.2733
BLOCK14/SES146/SA146S24	SES146	1.6438	-54.799	-56.4429
BLOCK14/SES146/SA146S26	SES146	1.42567	-55.3724	-56.7981
BLOCK14/SES146/SA146S29	SES146	1.15961	-55.442	-56.6016
BLOCK14/SES147/SA147S11	SES147	2.64869	-55.1755	-57.8242
BLOCK14/SES147/SA147S13	SES147	2.58951	-54.3658	-56.9553
BLOCK14/SES147/SA147S23	SES147	2.73542	-56.0521	-58.7875
BLOCK14/SES147/SA147S26	SES147	2.58048	-55.1285	-57.709
BLOCK14/SES147/SA147S28	SES147	2.81368	-54.9312	-57.7448
BLOCK14/SES148/SA148S10	SES148	2.10695	-53.7385	-55.8455
BLOCK14/SES148/SA148S12	SES148	1.80967	-55.1078	-56.9175
BLOCK14/SES148/SA148S22	SES148	1.93418	-53.9776	-55.9117
BLOCK14/SES148/SA148S26	SES148	2.31369	-54.4087	-56.7224
BLOCK14/SES148/SA148S29	SES148	1.93933	-54.8197	-56.759
BLOCK14/SES149/SA149S13	SES149	1.57507	-54.2219	-55.797
BLOCK14/SES149/SA149S14	SES149	1.14772	-53.763	-54.9107
BLOCK14/SES149/SA149S24	SES149	1.46503	-53.7055	-55.1705
BLOCK14/SES149/SA149S26	SES149	1.7056	-53.4366	-55.1422
BLOCK14/SES149/SA149S28	SES149	2.75802	-52.6024	-55.3604
BLOCK15/SES158/SA158S13	SES158	1.50924	-54.0238	-55.5331
BLOCK15/SES158/SA158S14	SES158	1.88251	-53.4514	-55.334
BLOCK15/SES158/SA158S23	SES158	1.57362	-53.6711	-55.2447
BLOCK15/SES158/SA158S26	SES158	2.5483	-53.2093	-55.7576
BLOCK15/SES158/SA158S28	SES158	1.22287	-53.8537	-55.0766
BLOCK16/SES162/SA162S10	SES162	1.36797	-55.4033	-56.7712
BLOCK16/SES162/SA162S11	SES162	2.353	-54.9391	-57.2921
BLOCK16/SES162/SA162S21	SES162	3.0332	-54.5611	-57.5943
BLOCK16/SES162/SA162S24	SES162	2.79837	-54.8218	-57.6202
BLOCK16/SES162/SA162S27	SES162	2.52256	-55.5653	-58.0879
BLOCK16/SES167/SA167S14	SES167	2.92304	-54.0092	-56.9322
BLOCK16/SES167/SA167S15	SES167	2.56477	-55.0913	-57.656
BLOCK16/SES167/SA167S21	SES167	2.38524	-54.0478	-56.433
BLOCK16/SES167/SA167S25	SES167	2.44006	-54.701	-57.141
BLOCK16/SES167/SA167S29	SES167	3.67228	-53.4251	-57.0974
BLOCK17/SES172/SA172S12	SES172	2.79835	-54.9588	-57.7571
BLOCK17/SES172/SA172S13	SES172	2.59895	-55.2929	-57.8919
BLOCK17/SES172/SA172S23	SES172	2.67088	-54.1061	-56.777
BLOCK17/SES172/SA172S27	SES172	2.53749	-55.2324	-57.7699
BLOCK17/SES172/SA172S29	SES172	2.73399	-55.0652	-57.7992
BLOCK17/SES175/SA175S11	SES175	3.04611	-55.1003	-58.1464
BLOCK17/SES175/SA175S13	SES175	2.67361	-54.129	-56.8027
BLOCK17/SES175/SA175S23	SES175	2.96635	-54.6787	-57.645
BLOCK17/SES175/SA175S25	SES175	2.3003	-56.1137	-58.414
BLOCK17/SES175/SA175S28	SES175	3.23648	-54.6232	-57.8597
BLOCK17/SES177/SA177S15	SES177	1.9105	-55.0203	-56.9308
BLOCK17/SES177/SA177S17	SES177	1.68896	-55.2642	-56.9531
BLOCK17/SES177/SA177S23	SES177	1.82417	-55.1275	-56.9517
BLOCK17/SES177/SA177S26	SES177	2.20007	-53.8528	-56.0529
BLOCK17/SES177/SA177S28	SES177	2.61391	-54.0876	-56.7015
BLOCK18/SES180/SA180S13	SES180	2.07579	-55.3366	-57.4124
BLOCK18/SES180/SA180S15	SES180	1.81335	-55.3464	-57.1597
BLOCK18/SES180/SA180S24	SES180	2.077	-54.2168	-56.2938
BLOCK18/SES180/SA180S26	SES180	2.21927	-54.7435	-56.9628
BLOCK18/SES180/SA180S29	SES180	2.06934	-55.0838	-57.1531
BLOCK18/SES183/SA183S13	SES183	2.0938	-55.4078	-57.5016
BLOCK18/SES183/SA183S14	SES183	1.70832	-55.1538	-56.8622
BLOCK18/SES183/SA183S24	SES183	2.4776	-55.4028	-57.8804
BLOCK18/SES183/SA183S27	SES183	2.29456	-54.5508	-56.8453
BLOCK18/SES183/SA183S29	SES183	2.32769	-54.2568	-56.5845
BLOCK18/SES187/SA187S13	SES187	2.24383	-56.4473	-58.6911
BLOCK18/SES187/SA187S14	SES187	2.19426	-55.6593	-57.8535
BLOCK18/SES187/SA187S24	SES187	2.84056	-56.2538	-59.0944
BLOCK18/SES187/SA187S27	SES187	2.09428	-55.6896	-57.7839
BLOCK18/SES187/SA187S29	SES187	2.42603	-56.2081	-58.6342
BLOCK18/SES189/SA189S10	SES189	3.61022	-57.3309	-60.9411
BLOCK18/SES189/SA189S13	SES189	4.0057	-58.1242	-62.1299
BLOCK18/SES189/SA189S24	SES189	4.46436	-57.2255	-61.6898
BLOCK18/SES189/SA189S26	SES189	3.2911	-57.072	-60.3631
BLOCK18/SES189/SA189S29	SES189	4.09877	-56.7579	-60.8567
BLOCK20/SES202/SA202S12	SES202	2.71397	-55.5906	-58.3045
BLOCK20/SES202/SA202S14	SES202	3.91163	-54.3183	-58.2299
BLOCK20/SES202/SA202S24	SES202	3.21589	-55.0708	-58.2867
BLOCK20/SES202/SA202S27	SES202	4.066	-53.5786	-57.6446
BLOCK20/SES202/SA202S29	SES202	4.39532	-54.1201	-58.5154
BLOCK20/SES206/SA206S15	SES206	1.88893	-52.7214	-54.6104
BLOCK20/SES206/SA206S17	SES206	2.07642	-52.3694	-54.4458
BLOCK20/SES206/SA206S24	SES206	2.10111	-52.2645	-54.3656
BLOCK20/SES206/SA206S27	SES206	1.78395	-52.8832	-54.6672
BLOCK20/SES206/SA206S29	SES206	1.90697	-51.5638	-53.4708
BLOCK22/SES226/SA226S12	SES226	1.18093	-53.8598	-55.0407
BLOCK22/SES226/SA226S13	SES226	1.17379	-54.331	-55.5048
BLOCK22/SES226/SA226S20	SES226	1.47049	-53.5665	-55.037
BLOCK22/SES226/SA226S23	SES226	1.20333	-53.457	-54.6603
BLOCK22/SES226/SA226S28	SES226	1.86111	-52.7328	-54.5939
BLOCK25/SES259/SA259S13	SES259	2.35655	-52.309	-54.6656
BLOCK25/SES259/SA259S14	SES259	1.56802	-52.8944	-54.4624
BLOCK25/SES259/SA259S22	SES259	2.15482	-52.1849	-54.3397
BLOCK25/SES259/SA259S24	SES259	2.23587	-51.3563	-53.5921
BLOCK25/SES259/SA259S28	SES259	2.11456	-51.6484	-53.7629
BLOCK27/SES270/SA270S14	SES270	1.79229	-53.8608	-55.6531
BLOCK27/SES270/SA270S16	SES270	1.56182	-53.6848	-55.2466
BLOCK27/SES270/SA270S22	SES270	1.60963	-53.4682	-55.0779
BLOCK27/SES270/SA270S26	SES270	1.45451	-54.1393	-55.5938
BLOCK27/SES270/SA270S28	SES270	1.51496	-53.5752	-55.0902
BLOCK27/SES275/SA275S17	SES275	2.4705	-54.8907	-57.3612
BLOCK27/SES275/SA275S18	SES275	2.4062	-55.221	-57.6272
BLOCK27/SES275/SA275S24	SES275	2.03033	-55.3515	-57.3818
BLOCK27/SES275/SA275S26	SES275	1.89782	-54.2526	-56.1505
BLOCK27/SES275/SA275S28	SES275	1.42404	-54.1418	-55.5658
BLOCK29/SES292/SA292S10	SES292	1.11252	-55.6655	-56.778
BLOCK29/SES292/SA292S12	SES292	0.885975	-57.1293	-58.0153
BLOCK29/SES292/SA292S22	SES292	2.17854	-54.5379	-56.7164
BLOCK29/SES292/SA292S24	SES292	0.952015	-55.4072	-56.3592
BLOCK29/SES292/SA292S27	SES292	1.70878	-54.6898	-56.3986
BLOCK00/SES001/SA001S14	SES062	0.424423	-54.6831	-55.1075
BLOCK00/SES001/SA001S14	SES082	-0.455074	-55.5626	-55.1075
BLOCK00/SES001/SA001S14	SES106	-1.79222	-56.8997	-55.1075
BLOCK00/SES001/SA001S14	SES206	-1.49616	-56.6037	-55.1075
BLOCK00/SES001/SA001S15	SES062	0.440777	-53.8965	-54.3373
BLOCK00/SES001/SA001S15	SES104	-0.695744	-55.0331	-54.3373
BLOCK00/SES001/SA001S15	SES106	-1.3542	-55.6915	-54.3373
BLOCK00/SES001/SA001S15	SES206	-1.4325	-55.7698	-54.3373
BLOCK00/SES001/SA001S24	SES062	-0.477325	-55.7149	-55.2376
BLOCK00/SES001/SA001S24	SES082	-0.632065	-55.8697	-55.2376
BLOCK00/SES001/SA001S24	SES087	-0.661198	-55.8988	-55.2376
BLOCK00/SES001/SA001S24	SES206	-0.437916	-55.6755	-55.2376
BLOCK00/SES001/SA001S27	SES062	0.224327	-54.6367	-54.861
BLOCK00/SES001/SA001S27	SES082	-0.43082	-55.2918	-54.861
BLOCK00/SES001/SA001S27	SES087	-0.498142	-55.3591	-54.861
BLOCK00/SES001/SA001S27	SES206	-0.484734	-55.3457	-54.861
BLOCK00/SES001/SA001S29	SES062	0.00346756	-55.6234	-55.6269
BLOCK00/SES001/SA001S29	SES082	-0.427849	-56.0547	-55.6269
BLOCK00/SES001/SA001S29	SES158	-0.383934	-56.0108	-55.6269
BLOCK00/SES001/SA001S29	SES206	-1.67612	-57.303	-55.6269
BLOCK00/SES003/SA003S11	SES002	0.439484	-54.6066	-55.046
BLOCK00/SES003/SA003S11	SES019	0.169079	-54.877	-55.046
BLOCK00/SES003/SA003S11	SES082	1.03903	-54.007	-55.046
BLOCK00/SES003/SA003S11	SES125	0.455112	-54.5909	-55.046
BLOCK00/SES003/SA003S15	SES016	-1.97644	-56.6023	-54.6258
BLOCK00/SES003/SA003S15	SES019	0.381393	-54.2445	-54.6258
BLOCK00/SES003/SA003S15	SES062	-0.615368	-55.2412	-54.6258
BLOCK00/SES003/SA003S15	SES206	0.898418	-53.7274	-54.6258
BLOCK00/SES003/SA003S22	SES002	0.169724	-54.8294	-54.9991
BLOCK00/SES003/SA003S22	SES062	-0.142437	-55.1416	-54.9991
BLOCK00/SES003/SA003S22	SES082	0.626785	-54.3723	-54.9991
BLOCK00/SES003/SA003S22	SES087	-0.0824356	-55.0816	-54.9991
BLOCK00/SES003/SA003S25	SES062	-0.585041	-55.8061	-55.221
BLOCK00/SES003/SA003S25	SES082	1.14487	-54.0761	-55.221
BLOCK00/SES003/SA003S25	SES087	-0.780403	-56.0014	-55.221
BLOCK00/SES003/SA003S25	SES206	0.0107231	-55.2103	-55.221
BLOCK00/SES003/SA003S29	SES002	-0.204662	-55.1469	-54.9423
BLOCK00/SES003/SA003S29	SES062	-0.175663	-55.1179	-54.9423
BLOCK00/SES003/SA003S29	SES082	0.704147	-54.2381	-54.9423
BLOCK00/SES003/SA003S29	SES087	0.0561218	-54.8862	-54.9423
BLOCK00/SES004/SA004S12	SES083	0.480743	-57.3927	-57.8734
BLOCK00/SES004/SA004S12	SES148	0.660088	-57.2133	-57.8734
BLOCK00/SES004/SA004S12	SES172	0.958359	-56.915	-57.8734
BLOCK00/SES004/SA004S12	SES292	0.355995	-57.5174	-57.8734
BLOCK00/SES004/SA004S17	SES083	0.5228	-57.2313	-57.7541
BLOCK00/SES004/SA004S17	SES162	1.18044	-56.5737	-57.7541
BLOCK00/SES004/SA004S17	SES172	1.07543	-56.6787	-57.7541
BLOCK00/SES004/SA004S17	SES292	0.694462	-57.0596	-57.7541
BLOCK00/SES004/SA004S24	SES083	0.626694	-57.0181	-57.6448
BLOCK00/SES004/SA004S24	SES148	0.852783	-56.792	-57.6448
BLOCK00/SES004/SA004S24	SES172	1.36957	-56.2752	-57.6448
BLOCK00/SES004/SA004S24	SES292	1.02209	-56.6227	-57.6448
BLOCK00/SES004/SA004S26	SES083	1.2552	-56.3953	-57.6505
BLOCK00/SES004/SA004S26	SES127	1.21807	-56.4324	-57.6505
BLOCK00/SES004/SA004S26	SES148	1.15117	-56.4993	-57.6505
BLOCK00/SES004/SA004S26	SES292	1.22041	-56.4301	-57.6505
BLOCK00/SES004/SA004S28	SES083	0.983883	-57.0411	-58.025
BLOCK00/SES004/SA004S28	SES127	0.246235	-57.7787	-58.025
BLOCK00/SES004/SA004S28	SES187	1.34796	-56.677	-58.025
BLOCK00/SES004/SA004S28	SES292	0.609566	-57.4154	-58.025
BLOCK00/SES006/SA006S10	SES014	-0.192368	-56.6614	-56.4691
BLOCK00/SES006/SA006S10	SES158	0.50703	-55.962	-56.4691
BLOCK00/SES006/SA006S10	SES226	-0.692554	-57.1616	-56.4691
BLOCK00/SES006/SA006S10	SES270	0.668587	-55.8005	-56.4691
BLOCK00/SES006/SA006S11	SES158	0.561474	-55.5365	-56.098
BLOCK00/SES006/SA006S11	SES226	-0.398697	-56.4967	-56.098
BLOCK00/SES006/SA006S11	SES270	0.586014	-55.512	-56.098
BLOCK00/SES006/SA006S11	SES275	-1.61235	-57.7103	-56.098
BLOCK00/SES006/SA006S23	SES062	-1.39368	-56.2481	-54.8544
BLOCK00/SES006/SA006S23	SES105	-1.13079	-55.9852	-54.8544
BLOCK00/SES006/SA006S23	SES158	0.19994	-54.6544	-54.8544
BLOCK00/SES006/SA006S23	SES275	-1.06429	-55.9187	-54.8544
BLOCK00/SES006/SA006S26	SES104	0.523312	-54.4192	-54.9425
BLOCK00/SES006/SA006S26	SES158	1.28637	-53.6562	-54.9425
BLOCK00/SES006/SA006S26	SES270	0.88467	-54.0579	-54.9425
BLOCK00/SES006/SA006S26	SES275	-1.26693	-56.2095	-54.9425
BLOCK00/SES006/SA006S28	SES007	-nan	-nan	-56.0932
BLOCK00/SES006/SA006S28	SES105	-0.548008	-56.6412	-56.0932
BLOCK00/SES006/SA006S28	SES158	0.550671	-55.5425	-56.0932
BLOCK00/SES006/SA006S28	SES275	-1.34499	-57.4382	-56.0932
BLOCK00/SES009/SA009S12	SES083	0.955097	-55.6414	-56.5965
BLOCK00/SES009/SA009S12	SES148	1.56646	-55.03	-56.5965
BLOCK00/SES009/SA009S12	SES177	-0.224773	-56.8212	-56.5965
BLOCK00/SES009/SA009S12	SES292	2.138	-54.4585	-56.5965
BLOCK00/SES009/SA009S15	SES007	-nan	-nan	-56.1004
BLOCK00/SES009/SA009S15	SES099	-3.66049	-59.7609	-56.1004
BLOCK00/SES009/SA009S15	SES148	1.21487	-54.8855	-56.1004
BLOCK00/SES009/SA009S15	SES172	1.12904	-54.9713	-56.1004
BLOCK00/SES009/SA009S24	SES146	1.61413	-54.7453	-56.3595
BLOCK00/SES009/SA009S24	SES148	1.533	-54.8265	-56.3595
BLOCK00/SES009/SA009S24	SES177	-0.0550003	-56.4145	-56.3595
BLOCK00/SES009/SA009S24	SES292	1.98673	-54.3727	-56.3595
BLOCK00/SES009/SA009S26	SES083	0.874622	-56.1848	-57.0594
BLOCK00/SES009/SA009S26	SES101	0.998638	-56.0608	-57.0594
BLOCK00/SES009/SA009S26	SES120	1.33993	-55.7195	-57.0594
BLOCK00/SES009/SA009S26	SES177	-0.167847	-57.2273	-57.0594
BLOCK00/SES009/SA009S29	SES083	1.4623	-55.0286	-56.4909
BLOCK00/SES009/SA009S29	SES101	1.40078	-55.0901	-56.4909
BLOCK00/SES009/SA009S29	SES177	0.317276	-56.1736	-56.4909
BLOCK00/SES009/SA009S29	SES292	2.10942	-54.3815	-56.4909
BLOCK01/SES011/SA011S10	SES019	1.29433	-54.3074	-55.6018
BLOCK01/SES011/SA011S10	SES042	1.37625	-54.2255	-55.6018
BLOCK01/SES011/SA011S10	SES082	0.554951	-55.0468	-55.6018
BLOCK01/SES011/SA011S10	SES206	1.47019	-54.1316	-55.6018
BLOCK01/SES011/SA011S11	SES019	0.265633	-54.7986	-55.0643
BLOCK01/SES011/SA011S11	SES042	0.227051	-54.8372	-55.0643
BLOCK01/SES011/SA011S11	SES082	-0.402534	-55.4668	-55.0643
BLOCK01/SES011/SA011S11	SES206	0.374302	-54.69	-55.0643
BLOCK01/SES011/SA011S22	SES019	0.540215	-54.4691	-55.0093
BLOCK01/SES011/SA011S22	SES042	0.690048	-54.3192	-55.0093
BLOCK01/SES011/SA011S22	SES082	0.315144	-54.6941	-55.0093
BLOCK01/SES011/SA011S22	SES206	0.54092	-54.4684	-55.0093
BLOCK01/SES011/SA011S24	SES019	0.525063	-54.0738	-54.5988
BLOCK01/SES011/SA011S24	SES042	1.42221	-53.1766	-54.5988
BLOCK01/SES011/SA011S24	SES104	0.929447	-53.6694	-54.5988
BLOCK01/SES011/SA011S24	SES206	1.30502	-53.2938	-54.5988
BLOCK01/SES011/SA011S27	SES082	0.919495	-53.8076	-54.7271
BLOCK01/SES011/SA011S27	SES087	0.766884	-53.9602	-54.7271
BLOCK01/SES011/SA011S27	SES125	1.48138	-53.2457	-54.7271
BLOCK01/SES011/SA011S27	SES206	0.936508	-53.7906	-54.7271
BLOCK01/SES012/SA012S11	SES007	-nan	-nan	-53.7893
BLOCK01/SES012/SA012S11	SES082	0.886726	-52.9026	-53.7893
BLOCK01/SES012/SA012S11	SES083	-0.916752	-54.7061	-53.7893
BLOCK01/SES012/SA012S11	SES206	1.22865	-52.5607	-53.7893
BLOCK01/SES012/SA012S14	SES082	0.765327	-53.3345	-54.0998
BLOCK01/SES012/SA012S14	SES087	0.0435905	-54.0562	-54.0998
BLOCK01/SES012/SA012S14	SES206	0.836227	-53.2636	-54.0998
BLOCK01/SES012/SA012S14	SES292	-1.3933	-55.4931	-54.0998
BLOCK01/SES012/SA012S24	SES082	1.07349	-53.4536	-54.5271
BLOCK01/SES012/SA012S24	SES087	0.487934	-54.0392	-54.5271
BLOCK01/SES012/SA012S24	SES120	-1.70843	-56.2355	-54.5271
BLOCK01/SES012/SA012S24	SES206	0.461617	-54.0655	-54.5271
BLOCK01/SES012/SA012S26	SES019	0.0988083	-54.1065	-54.2053
BLOCK01/SES012/SA012S26	SES082	0.413292	-53.792	-54.2053
BLOCK01/SES012/SA012S26	SES206	1.20815	-52.9971	-54.2053
BLOCK01/SES012/SA012S26	SES292	-1.7835	-55.9888	-54.2053
BLOCK01/SES012/SA012S29	SES062	-0.23621	-54.9971	-54.7609
BLOCK01/SES012/SA012S29	SES082	0.653069	-54.1078	-54.7609
BLOCK01/SES012/SA012S29	SES083	-0.663235	-55.4241	-54.7609
BLOCK01/SES012/SA012S29	SES206	1.11386	-53.647	-54.7609
BLOCK01/SES013/SA013S16	SES062	-1.99025	-56.7182	-54.728
BLOCK01/SES013/SA013S16	SES106	1.02034	-53.7077	-54.728
BLOCK01/SES013/SA013S16	SES206	0.794079	-53.9339	-54.728
BLOCK01/SES013/SA013S16	SES226	0.719097	-54.0089	-54.728
BLOCK01/SES013/SA013S17	SES062	-1.37981	-55.5954	-54.2155
BLOCK01/SES013/SA013S17	SES106	1.04516	-53.1704	-54.2155
BLOCK01/SES013/SA013S17	SES206	1.20948	-53.0061	-54.2155
BLOCK01/SES013/SA013S17	SES226	0.657692	-53.5579	-54.2155
BLOCK01/SES013/SA013S23	SES104	0.765404	-54.2849	-55.0503
BLOCK01/SES013/SA013S23	SES106	1.07417	-53.9761	-55.0503
BLOCK01/SES013/SA013S23	SES206	0.816154	-54.2341	-55.0503
BLOCK01/SES013/SA013S23	SES270	0.990341	-54.0599	-55.0503
BLOCK01/SES013/SA013S25	SES042	0.387753	-54.0661	-54.4538
BLOCK01/SES013/SA013S25	SES104	1.0789	-53.3749	-54.4538
BLOCK01/SES013/SA013S25	SES106	1.48764	-52.9662	-54.4538
BLOCK01/SES013/SA013S25	SES206	0.968704	-53.4851	-54.4538
BLOCK01/SES013/SA013S29	SES062	-1.90496	-56.4411	-54.5362
BLOCK01/SES013/SA013S29	SES104	0.707806	-53.8284	-54.5362
BLOCK01/SES013/SA013S29	SES106	1.19069	-53.3455	-54.5362
BLOCK01/SES013/SA013S29	SES206	0.588448	-53.9477	-54.5362
BLOCK02/SES021/SA021S13	SES016	-1.61459	-55.7884	-54.1738
BLOCK02/SES021/SA021S13	SES029	-1.48486	-55.6586	-54.1738
BLOCK02/SES021/SA021S13	SES087	0.377415	-53.7964	-54.1738
BLOCK02/SES021/SA021S13	SES206	0.548252	-53.6255	-54.1738
BLOCK02/SES021/SA021S15	SES087	1.28408	-52.6778	-53.9619
BLOCK02/SES021/SA021S15	SES125	1.84961	-52.1123	-53.9619
BLOCK02/SES021/SA021S15	SES206	1.75723	-52.2047	-53.9619
BLOCK02/SES021/SA021S15	SES226	1.43524	-52.5267	-53.9619
BLOCK02/SES021/SA021S23	SES062	-1.1636	-56.5032	-55.3396
BLOCK02/SES021/SA021S23	SES087	0.253483	-55.0861	-55.3396
BLOCK02/SES021/SA021S23	SES206	0.479919	-54.8597	-55.3396
BLOCK02/SES021/SA021S23	SES226	0.558098	-54.7815	-55.3396
BLOCK02/SES021/SA021S27	SES002	-0.152775	-55.1515	-54.9987
BLOCK02/SES021/SA021S27	SES016	-1.55108	-56.5498	-54.9987
BLOCK02/SES021/SA021S27	SES019	-0.115509	-55.1142	-54.9987
BLOCK02/SES021/SA021S27	SES062	-0.154572	-55.1533	-54.9987
BLOCK02/SES021/SA021S29	SES087	0.637318	-54.0532	-54.6905
BLOCK02/SES021/SA021S29	SES125	1.40861	-53.2819	-54.6905
BLOCK02/SES021/SA021S29	SES206	1.22285	-53.4676	-54.6905
BLOCK02/SES021/SA021S29	SES226	0.990826	-53.6996	-54.6905
BLOCK04/SES043/SA043S09	SES083	0.362362	-57.0054	-57.3678
BLOCK04/SES043/SA043S09	SES101	-0.146034	-57.5138	-57.3678
BLOCK04/SES043/SA043S09	SES144	1.32101	-56.0468	-57.3678
BLOCK04/SES043/SA043S09	SES172	-0.408417	-57.7762	-57.3678
BLOCK04/SES043/SA043S11	SES083	0.55069	-54.9525	-55.5032
BLOCK04/SES043/SA043S11	SES101	0.258862	-55.2444	-55.5032
BLOCK04/SES043/SA043S11	SES144	0.812805	-54.6904	-55.5032
BLOCK04/SES043/SA043S11	SES172	0.338619	-55.1646	-55.5032
BLOCK04/SES043/SA043S23	SES083	1.07275	-55.6245	-56.6972
BLOCK04/SES043/SA043S23	SES144	1.49217	-55.205	-56.6972
BLOCK04/SES043/SA043S23	SES177	0.321102	-56.3761	-56.6972
BLOCK04/SES043/SA043S23	SES275	1.19357	-55.5036	-56.6972
BLOCK04/SES043/SA043S26	SES083	0.932224	-55.0092	-55.9414
BLOCK04/SES043/SA043S26	SES101	0.485607	-55.4558	-55.9414
BLOCK04/SES043/SA043S26	SES144	1.08865	-54.8527	-55.9414
BLOCK04/SES043/SA043S26	SES177	0.189884	-55.7515	-55.9414
BLOCK04/SES043/SA043S28	SES016	0.712837	-55.2211	-55.934
BLOCK04/SES043/SA043S28	SES083	1.19862	-54.7354	-55.934
BLOCK04/SES043/SA043S28	SES101	1.07092	-54.8631	-55.934
BLOCK04/SES043/SA043S28	SES144	1.14656	-54.7874	-55.934
BLOCK04/SES044/SA044S10	SES127	0.0968971	-58.4983	-58.5952
BLOCK04/SES044/SA044S10	SES144	1.38467	-57.2105	-58.5952
BLOCK04/SES044/SA044S10	SES147	-0.423611	-59.0188	-58.5952
BLOCK04/SES044/SA044S10	SES148	0.790821	-57.8044	-58.5952
BLOCK04/SES044/SA044S11	SES101	0.221451	-57.6621	-57.8836
BLOCK04/SES044/SA044S11	SES144	1.01006	-56.8735	-57.8836
BLOCK04/SES044/SA044S11	SES147	-0.00801086	-57.8916	-57.8836
BLOCK04/SES044/SA044S11	SES177	0.471722	-57.4119	-57.8836
BLOCK04/SES044/SA044S24	SES007	-nan	-nan	-57.1091
BLOCK04/SES044/SA044S24	SES101	0.53352	-56.5756	-57.1091
BLOCK04/SES044/SA044S24	SES147	-0.929966	-58.0391	-57.1091
BLOCK04/SES044/SA044S24	SES177	-0.0284691	-57.1376	-57.1091
BLOCK04/SES044/SA044S26	SES007	-nan	-nan	-57.046
BLOCK04/SES044/SA044S26	SES016	1.31081	-55.7352	-57.046
BLOCK04/SES044/SA044S26	SES101	0.558281	-56.4877	-57.046
BLOCK04/SES044/SA044S26	SES147	0.671902	-56.3741	-57.046
BLOCK04/SES044/SA044S29	SES007	-nan	-nan	-56.7461
BLOCK04/SES044/SA044S29	SES101	0.882164	-55.864	-56.7461
BLOCK04/SES044/SA044S29	SES147	0.886848	-55.8593	-56.7461
BLOCK04/SES044/SA044S29	SES177	0.712986	-56.0332	-56.7461
BLOCK04/SES046/SA046S13	SES101	0.45359	-58.0437	-58.4973
BLOCK04/SES046/SA046S13	SES144	1.34198	-57.1553	-58.4973
BLOCK04/SES046/SA046S13	SES147	0.889271	-57.608	-58.4973
BLOCK04/SES046/SA046S13	SES177	1.58489	-56.9124	-58.4973
BLOCK04/SES046/SA046S15	SES048	-0.861729	-57.2586	-56.3969
BLOCK04/SES046/SA046S15	SES083	0.641769	-55.7551	-56.3969
BLOCK04/SES046/SA046S15	SES120	0.0620422	-56.3348	-56.3969
BLOCK04/SES046/SA046S15	SES148	0.607838	-55.789	-56.3969
BLOCK04/SES046/SA046S22	SES101	0.753979	-56.6921	-57.4461
BLOCK04/SES046/SA046S22	SES144	0.864468	-56.5816	-57.4461
BLOCK04/SES046/SA046S22	SES147	1.11956	-56.3265	-57.4461
BLOCK04/SES046/SA046S22	SES172	1.25387	-56.1922	-57.4461
BLOCK04/SES046/SA046S25	SES083	0.976192	-55.5844	-56.5606
BLOCK04/SES046/SA046S25	SES127	0.820576	-55.7401	-56.5606
BLOCK04/SES046/SA046S25	SES144	0.0888138	-56.4718	-56.5606
BLOCK04/SES046/SA046S25	SES148	0.570484	-55.9901	-56.5606
BLOCK04/SES046/SA046S28	SES007	-nan	-nan	-57.6291
BLOCK04/SES046/SA046S28	SES105	0.105686	-57.5234	-57.6291
BLOCK04/SES046/SA046S28	SES147	0.73217	-56.8969	-57.6291
BLOCK04/SES046/SA046S28	SES148	1.2156	-56.4135	-57.6291
BLOCK04/SES049/SA049S16	SES104	0.559288	-55.037	-55.5963
BLOCK04/SES049/SA049S16	SES106	0.309528	-55.2868	-55.5963
BLOCK04/SES049/SA049S16	SES120	-1.87125	-57.4676	-55.5963
BLOCK04/SES049/SA049S16	SES206	0.337753	-55.2586	-55.5963
BLOCK04/SES049/SA049S18	SES099	-0.153881	-56.008	-55.8542
BLOCK04/SES049/SA049S18	SES104	-0.030838	-55.885	-55.8542
BLOCK04/SES049/SA049S18	SES125	-0.254372	-56.1085	-55.8542
BLOCK04/SES049/SA049S18	SES206	0.229771	-55.6244	-55.8542
BLOCK04/SES049/SA049S25	SES087	0.551491	-54.8563	-55.4077
BLOCK04/SES049/SA049S25	SES104	0.62635	-54.7814	-55.4077
BLOCK04/SES049/SA049S25	SES125	0.333458	-55.0743	-55.4077
BLOCK04/SES049/SA049S25	SES206	0.705917	-54.7018	-55.4077
BLOCK04/SES049/SA049S27	SES099	0.650902	-54.743	-55.3939
BLOCK04/SES049/SA049S27	SES104	1.17343	-54.2205	-55.3939
BLOCK04/SES049/SA049S27	SES125	0.544872	-54.8491	-55.3939
BLOCK04/SES049/SA049S27	SES206	0.952599	-54.4413	-55.3939
BLOCK04/SES049/SA049S29	SES099	0.942413	-53.6858	-54.6282
BLOCK04/SES049/SA049S29	SES104	1.21295	-53.4153	-54.6282
BLOCK04/SES049/SA049S29	SES125	1.00893	-53.6193	-54.6282
BLOCK04/SES049/SA049S29	SES206	1.27132	-53.3569	-54.6282
BLOCK06/SES063/SA063S09	SES068	0.326637	-56.7961	-57.1227
BLOCK06/SES063/SA063S09	SES083	0.932198	-56.1905	-57.1227
BLOCK06/SES063/SA063S09	SES177	1.38057	-55.7422	-57.1227
BLOCK06/SES063/SA063S09	SES187	1.70668	-55.4161	-57.1227
BLOCK06/SES063/SA063S10	SES068	0.957932	-56.1802	-57.1381
BLOCK06/SES063/SA063S10	SES083	1.40158	-55.7365	-57.1381
BLOCK06/SES063/SA063S10	SES172	2.35834	-54.7798	-57.1381
BLOCK06/SES063/SA063S10	SES187	1.81406	-55.324	-57.1381
BLOCK06/SES063/SA063S20	SES068	0.822559	-56.5456	-57.3682
BLOCK06/SES063/SA063S20	SES083	1.39231	-55.9758	-57.3682
BLOCK06/SES063/SA063S20	SES172	1.83364	-55.5345	-57.3682
BLOCK06/SES063/SA063S20	SES187	2.51353	-54.8546	-57.3682
BLOCK06/SES063/SA063S24	SES029	0.676521	-55.5801	-56.2566
BLOCK06/SES063/SA063S24	SES083	1.54257	-54.714	-56.2566
BLOCK06/SES063/SA063S24	SES177	2.00991	-54.2467	-56.2566
BLOCK06/SES063/SA063S24	SES189	0.857994	-55.3986	-56.2566
BLOCK06/SES063/SA063S27	SES083	1.43636	-56.4906	-57.927
BLOCK06/SES063/SA063S27	SES172	2.17964	-55.7473	-57.927
BLOCK06/SES063/SA063S27	SES187	1.32545	-56.6015	-57.927
BLOCK06/SES063/SA063S27	SES292	0.605694	-57.3213	-57.927
BLOCK06/SES067/SA067S12	SES083	0.662895	-56.2471	-56.91
BLOCK06/SES067/SA067S12	SES172	0.903973	-56.006	-56.91
BLOCK06/SES067/SA067S12	SES202	2.95535	-53.9546	-56.91
BLOCK06/SES067/SA067S12	SES292	0.0266724	-56.8833	-56.91
BLOCK06/SES067/SA067S14	SES085	0.735565	-55.5794	-56.315
BLOCK06/SES067/SA067S14	SES177	1.15437	-55.1606	-56.315
BLOCK06/SES067/SA067S14	SES183	1.1347	-55.1803	-56.315
BLOCK06/SES067/SA067S14	SES202	2.56128	-53.7537	-56.315
BLOCK06/SES067/SA067S21	SES144	1.00152	-57.0377	-58.0392
BLOCK06/SES067/SA067S21	SES177	1.21173	-56.8274	-58.0392
BLOCK06/SES067/SA067S21	SES183	-0.26313	-58.3023	-58.0392
BLOCK06/SES067/SA067S21	SES189	1.83515	-56.204	-58.0392
BLOCK06/SES067/SA067S25	SES085	1.44921	-55.7299	-57.1792
BLOCK06/SES067/SA067S25	SES177	1.773	-55.4062	-57.1792
BLOCK06/SES067/SA067S25	SES183	1.03447	-56.1447	-57.1792
BLOCK06/SES067/SA067S25	SES202	2.74669	-54.4325	-57.1792
BLOCK06/SES067/SA067S29	SES085	1.52862	-55.6206	-57.1492
BLOCK06/SES067/SA067S29	SES177	1.51777	-55.6315	-57.1492
BLOCK06/SES067/SA067S29	SES183	1.19659	-55.9526	-57.1492
BLOCK06/SES067/SA067S29	SES202	3.00694	-54.1423	-57.1492
BLOCK06/SES069/SA069S12	SES029	-0.478329	-55.8778	-55.3995
BLOCK06/SES069/SA069S12	SES082	1.11466	-54.2848	-55.3995
BLOCK06/SES069/SA069S12	SES087	0.609127	-54.7903	-55.3995
BLOCK06/SES069/SA069S12	SES206	0.803528	-54.5959	-55.3995
BLOCK06/SES069/SA069S13	SES029	-0.953922	-56.5263	-55.5724
BLOCK06/SES069/SA069S13	SES087	0.285229	-55.2871	-55.5724
BLOCK06/SES069/SA069S13	SES206	0.0401344	-55.5322	-55.5724
BLOCK06/SES069/SA069S13	SES226	-0.166832	-55.7392	-55.5724
BLOCK06/SES069/SA069S23	SES029	0.0226936	-54.6188	-54.6415
BLOCK06/SES069/SA069S23	SES087	0.0109901	-54.6305	-54.6415
BLOCK06/SES069/SA069S23	SES206	0.806614	-53.8348	-54.6415
BLOCK06/SES069/SA069S23	SES226	0.759151	-53.8823	-54.6415
BLOCK06/SES069/SA069S25	SES087	0.596836	-53.3658	-53.9626
BLOCK06/SES069/SA069S25	SES206	0.794487	-53.1681	-53.9626
BLOCK06/SES069/SA069S25	SES226	0.688831	-53.2738	-53.9626
BLOCK06/SES069/SA069S25	SES270	0.428493	-53.5341	-53.9626
BLOCK06/SES069/SA069S27	SES087	0.0465355	-54.5652	-54.6117
BLOCK06/SES069/SA069S27	SES206	0.998009	-53.6137	-54.6117
BLOCK06/SES069/SA069S27	SES226	1.41636	-53.1954	-54.6117
BLOCK06/SES069/SA069S27	SES270	0.733711	-53.878	-54.6117
BLOCK08/SES081/SA081S11	SES060	1.07523	-56.6033	-57.6785
BLOCK08/SES081/SA081S11	SES062	-0.0575943	-57.7361	-57.6785
BLOCK08/SES081/SA081S11	SES117	0.757721	-56.9208	-57.6785
BLOCK08/SES081/SA081S11	SES162	1.90922	-55.7693	-57.6785
BLOCK08/SES081/SA081S13	SES016	1.42875	-55.2468	-56.6755
BLOCK08/SES081/SA081S13	SES060	2.04071	-54.6348	-56.6755
BLOCK08/SES081/SA081S13	SES068	2.24754	-54.428	-56.6755
BLOCK08/SES081/SA081S13	SES129	1.12569	-55.5498	-56.6755
BLOCK08/SES081/SA081S24	SES060	1.6328	-55.7094	-57.3422
BLOCK08/SES081/SA081S24	SES068	1.72456	-55.6176	-57.3422
BLOCK08/SES081/SA081S24	SES117	1.03017	-56.312	-57.3422
BLOCK08/SES081/SA081S24	SES275	0.586143	-56.7561	-57.3422
BLOCK08/SES081/SA081S27	SES007	-nan	-nan	-57.7636
BLOCK08/SES081/SA081S27	SES060	1.92678	-55.8368	-57.7636
BLOCK08/SES081/SA081S27	SES117	1.42607	-56.3375	-57.7636
BLOCK08/SES081/SA081S27	SES275	1.06867	-56.6949	-57.7636
BLOCK08/SES081/SA081S29	SES007	-nan	-nan	-57.4723
BLOCK08/SES081/SA081S29	SES060	2.06411	-55.4082	-57.4723
BLOCK08/SES081/SA081S29	SES117	1.57459	-55.8978	-57.4723
BLOCK08/SES081/SA081S29	SES275	0.731483	-56.7409	-57.4723
BLOCK08/SES086/SA086S11	SES029	-2.38668	-58.1291	-55.7424
BLOCK08/SES086/SA086S11	SES082	0.577045	-55.1654	-55.7424
BLOCK08/SES086/SA086S11	SES087	0.660084	-55.0824	-55.7424
BLOCK08/SES086/SA086S11	SES206	0.351746	-55.3907	-55.7424
BLOCK08/SES086/SA086S12	SES029	-1.79274	-57.2303	-55.4376
BLOCK08/SES086/SA086S12	SES082	1.01466	-54.4229	-55.4376
BLOCK08/SES086/SA086S12	SES087	1.1203	-54.3173	-55.4376
BLOCK08/SES086/SA086S12	SES206	1.07495	-54.3626	-55.4376
BLOCK08/SES086/SA086S20	SES029	-2.28034	-56.9518	-54.6714
BLOCK08/SES086/SA086S20	SES082	0.734825	-53.9366	-54.6714
BLOCK08/SES086/SA086S20	SES087	1.24153	-53.4299	-54.6714
BLOCK08/SES086/SA086S20	SES206	1.69536	-52.9761	-54.6714
BLOCK08/SES086/SA086S24	SES087	1.29469	-54.5469	-55.8416
BLOCK08/SES086/SA086S24	SES104	1.15556	-54.686	-55.8416
BLOCK08/SES086/SA086S24	SES120	-1.36127	-57.2029	-55.8416
BLOCK08/SES086/SA086S24	SES206	1.81652	-54.0251	-55.8416
BLOCK08/SES086/SA086S28	SES029	-1.27447	-56.1837	-54.9092
BLOCK08/SES086/SA086S28	SES082	1.32814	-53.5811	-54.9092
BLOCK08/SES086/SA086S28	SES087	1.30405	-53.6052	-54.9092
BLOCK08/SES086/SA086S28	SES206	1.53791	-53.3713	-54.9092
BLOCK08/SES089/SA089S13	SES087	-0.365463	-55.404	-55.0386
BLOCK08/SES089/SA089S13	SES206	-0.559544	-55.5981	-55.0386
BLOCK08/SES089/SA089S13	SES226	0.0704193	-54.9681	-55.0386
BLOCK08/SES089/SA089S13	SES270	-0.967987	-56.0065	-55.0386
BLOCK08/SES089/SA089S14	SES062	-0.704216	-55.1033	-54.3991
BLOCK08/SES089/SA089S14	SES087	0.72023	-53.6789	-54.3991
BLOCK08/SES089/SA089S14	SES206	0.496361	-53.9028	-54.3991
BLOCK08/SES089/SA089S14	SES226	0.877785	-53.5213	-54.3991
BLOCK08/SES089/SA089S23	SES087	-0.0857697	-55.3834	-55.2976
BLOCK08/SES089/SA089S23	SES206	-0.383099	-55.6807	-55.2976
BLOCK08/SES089/SA089S23	SES226	0.351032	-54.9466	-55.2976
BLOCK08/SES089/SA089S23	SES270	-0.856735	-56.1544	-55.2976
BLOCK08/SES089/SA089S25	SES062	-0.750401	-55.3204	-54.57
BLOCK08/SES089/SA089S25	SES087	0.161777	-54.4082	-54.57
BLOCK08/SES089/SA089S25	SES206	0.15807	-54.4119	-54.57
BLOCK08/SES089/SA089S25	SES226	0.894123	-53.6758	-54.57
BLOCK08/SES089/SA089S28	SES062	-0.434956	-55.2656	-54.8306
BLOCK08/SES089/SA089S28	SES087	0.435108	-54.3955	-54.8306
BLOCK08/SES089/SA089S28	SES206	0.204979	-54.6257	-54.8306
BLOCK08/SES089/SA089S28	SES226	0.771393	-54.0592	-54.8306
BLOCK09/SES097/SA097S11	SES099	0.70657	-54.775	-55.4815
BLOCK09/SES097/SA097S11	SES125	0.67271	-54.8088	-55.4815
BLOCK09/SES097/SA097S11	SES206	0.269566	-55.212	-55.4815
BLOCK09/SES097/SA097S11	SES226	0.289696	-55.1918	-55.4815
BLOCK09/SES097/SA097S14	SES062	-1.39081	-56.6644	-55.2736
BLOCK09/SES097/SA097S14	SES099	0.31496	-54.9587	-55.2736
BLOCK09/SES097/SA097S14	SES104	0.657585	-54.616	-55.2736
BLOCK09/SES097/SA097S14	SES206	0.544674	-54.7289	-55.2736
BLOCK09/SES097/SA097S22	SES099	1.12844	-54.4624	-55.5908
BLOCK09/SES097/SA097S22	SES206	0.917137	-54.6737	-55.5908
BLOCK09/SES097/SA097S22	SES226	0.889755	-54.7011	-55.5908
BLOCK09/SES097/SA097S22	SES270	1.32264	-54.2682	-55.5908
BLOCK09/SES097/SA097S26	SES099	0.726582	-54.0743	-54.8009
BLOCK09/SES097/SA097S26	SES120	-1.18845	-55.9893	-54.8009
BLOCK09/SES097/SA097S26	SES206	0.259201	-54.5417	-54.8009
BLOCK09/SES097/SA097S26	SES226	0.434593	-54.3663	-54.8009
BLOCK09/SES097/SA097S28	SES099	0.55492	-54.5909	-55.1458
BLOCK09/SES097/SA097S28	SES120	-1.02807	-56.1738	-55.1458
BLOCK09/SES097/SA097S28	SES206	0.178864	-54.9669	-55.1458
BLOCK09/SES097/SA097S28	SES226	0.261734	-54.884	-55.1458
BLOCK09/SES098/SA098S11	SES127	0.243317	-59.0482	-59.2916
BLOCK09/SES098/SA098S11	SES144	0.937569	-58.354	-59.2916
BLOCK09/SES098/SA098S11	SES147	1.16585	-58.1257	-59.2916
BLOCK09/SES098/SA098S11	SES148	0.216213	-59.0753	-59.2916
BLOCK09/SES098/SA098S12	SES127	0.147121	-61.0661	-61.2133
BLOCK09/SES098/SA098S12	SES144	1.29714	-59.9161	-61.2133
BLOCK09/SES098/SA098S12	SES147	1.61026	-59.603	-61.2133
BLOCK09/SES098/SA098S12	SES189	1.67699	-59.5363	-61.2133
BLOCK09/SES098/SA098S20	SES127	0.189545	-59.7142	-59.9037
BLOCK09/SES098/SA098S20	SES147	1.89162	-58.0121	-59.9037
BLOCK09/SES098/SA098S20	SES148	0.228184	-59.6755	-59.9037
BLOCK09/SES098/SA098S20	SES292	-0.601265	-60.505	-59.9037
BLOCK09/SES098/SA098S23	SES127	1.17731	-57.8139	-58.9912
BLOCK09/SES098/SA098S23	SES147	1.89214	-57.0991	-58.9912
BLOCK09/SES098/SA098S23	SES187	2.11159	-56.8796	-58.9912
BLOCK09/SES098/SA098S23	SES292	0.0404892	-58.9507	-58.9912
BLOCK09/SES098/SA098S27	SES127	0.357018	-59.3343	-59.6913
BLOCK09/SES098/SA098S27	SES147	1.83073	-57.8606	-59.6913
BLOCK09/SES098/SA098S27	SES148	0.0595322	-59.6318	-59.6913
BLOCK09/SES098/SA098S27	SES292	-0.802204	-60.4935	-59.6913
BLOCK10/SES102/SA102S13	SES101	1.02505	-56.0724	-57.0974
BLOCK10/SES102/SA102S13	SES105	0.301853	-56.7956	-57.0974
BLOCK10/SES102/SA102S13	SES120	0.426121	-56.6713	-57.0974
BLOCK10/SES102/SA102S13	SES158	-4.75437	-61.8518	-57.0974
BLOCK10/SES102/SA102S14	SES007	-nan	-nan	-56.825
BLOCK10/SES102/SA102S14	SES101	1.68568	-55.1394	-56.825
BLOCK10/SES102/SA102S14	SES105	1.4672	-55.3578	-56.825
BLOCK10/SES102/SA102S14	SES147	-0.353283	-57.1783	-56.825
BLOCK10/SES102/SA102S22	SES007	-nan	-nan	-55.7445
BLOCK10/SES102/SA102S22	SES101	1.23465	-54.5098	-55.7445
BLOCK10/SES102/SA102S22	SES105	1.1595	-54.585	-55.7445
BLOCK10/SES102/SA102S22	SES158	-1.49657	-57.241	-55.7445
BLOCK10/SES102/SA102S25	SES007	-nan	-nan	-56.1665
BLOCK10/SES102/SA102S25	SES101	0.90313	-55.2634	-56.1665
BLOCK10/SES102/SA102S25	SES105	0.794247	-55.3722	-56.1665
BLOCK10/SES102/SA102S25	SES147	-1.3186	-57.4851	-56.1665
BLOCK10/SES102/SA102S27	SES007	-nan	-nan	-57.0371
BLOCK10/SES102/SA102S27	SES101	0.928333	-56.1088	-57.0371
BLOCK10/SES102/SA102S27	SES105	0.978512	-56.0586	-57.0371
BLOCK10/SES102/SA102S27	SES147	-0.474194	-57.5113	-57.0371
BLOCK10/SES103/SA103S14	SES105	-1.3294	-55.8292	-54.4998
BLOCK10/SES103/SA103S14	SES106	0.247517	-54.2523	-54.4998
BLOCK10/SES103/SA103S14	SES120	-1.71846	-56.2183	-54.4998
BLOCK10/SES103/SA103S14	SES206	0.00951767	-54.4903	-54.4998
BLOCK10/SES103/SA103S15	SES099	0.184437	-55.3475	-55.532
BLOCK10/SES103/SA103S15	SES101	-2.63837	-58.1703	-55.532
BLOCK10/SES103/SA103S15	SES104	0.387413	-55.1446	-55.532
BLOCK10/SES103/SA103S15	SES125	0.0409203	-55.4911	-55.532
BLOCK10/SES103/SA103S24	SES104	0.236671	-54.4803	-54.717
BLOCK10/SES103/SA103S24	SES125	-0.106548	-54.8235	-54.717
BLOCK10/SES103/SA103S24	SES148	-1.77082	-56.4878	-54.717
BLOCK10/SES103/SA103S24	SES158	0.418961	-54.298	-54.717
BLOCK10/SES103/SA103S26	SES104	-0.0063591	-55.5247	-55.5183
BLOCK10/SES103/SA103S26	SES106	0.465603	-55.0527	-55.5183
BLOCK10/SES103/SA103S26	SES125	-0.348293	-55.8666	-55.5183
BLOCK10/SES103/SA103S26	SES148	-1.5283	-57.0466	-55.5183
BLOCK10/SES103/SA103S28	SES104	0.0509109	-56.3372	-56.3881
BLOCK10/SES103/SA103S28	SES106	0.164295	-56.2239	-56.3881
BLOCK10/SES103/SA103S28	SES125	-0.351044	-56.7392	-56.3881
BLOCK10/SES103/SA103S28	SES206	-0.841221	-57.2294	-56.3881
BLOCK12/SES121/SA121S12	SES042	-0.548302	-56.2882	-55.7399
BLOCK12/SES121/SA121S12	SES087	-0.235428	-55.9753	-55.7399
BLOCK12/SES121/SA121S12	SES105	-0.716892	-56.4567	-55.7399
BLOCK12/SES121/SA121S12	SES206	0.0505714	-55.6893	-55.7399
BLOCK12/SES121/SA121S14	SES007	-nan	-nan	-56.1273
BLOCK12/SES121/SA121S14	SES105	-1.19715	-57.3244	-56.1273
BLOCK12/SES121/SA121S14	SES106	0.0362625	-56.091	-56.1273
BLOCK12/SES121/SA121S14	SES206	-0.127117	-56.2544	-56.1273
BLOCK12/SES121/SA121S23	SES105	-1.003	-57.9616	-56.9586
BLOCK12/SES121/SA121S23	SES106	0.53944	-56.4191	-56.9586
BLOCK12/SES121/SA121S23	SES120	-1.55216	-58.5107	-56.9586
BLOCK12/SES121/SA121S23	SES206	-0.0721283	-57.0307	-56.9586
BLOCK12/SES121/SA121S25	SES007	-nan	-nan	-56.8163
BLOCK12/SES121/SA121S25	SES105	-1.33827	-58.1546	-56.8163
BLOCK12/SES121/SA121S25	SES106	0.0727158	-56.7436	-56.8163
BLOCK12/SES121/SA121S25	SES206	0.0497665	-56.7666	-56.8163
BLOCK12/SES121/SA121S27	SES087	0.112278	-56.4444	-56.5566
BLOCK12/SES121/SA121S27	SES105	-1.4377	-57.9943	-56.5566
BLOCK12/SES121/SA121S27	SES120	-1.19849	-57.7551	-56.5566
BLOCK12/SES121/SA121S27	SES206	0.305325	-56.2513	-56.5566
BLOCK12/SES124/SA124S16	SES042	0.618134	-54.0643	-54.6825
BLOCK12/SES124/SA124S16	SES082	0.655788	-54.0267	-54.6825
BLOCK12/SES124/SA124S16	SES183	-2.14903	-56.8315	-54.6825
BLOCK12/SES124/SA124S16	SES206	0.554714	-54.1277	-54.6825
BLOCK12/SES124/SA124S17	SES105	-1.05153	-56.4343	-55.3827
BLOCK12/SES124/SA124S17	SES149	-0.0271301	-55.4099	-55.3827
BLOCK12/SES124/SA124S17	SES158	0.0506897	-55.3321	-55.3827
BLOCK12/SES124/SA124S17	SES275	-1.908	-57.2907	-55.3827
BLOCK12/SES124/SA124S23	SES105	-0.75309	-54.5568	-53.8037
BLOCK12/SES124/SA124S23	SES125	1.89541	-51.9083	-53.8037
BLOCK12/SES124/SA124S23	SES129	-1.54916	-55.3529	-53.8037
BLOCK12/SES124/SA124S23	SES158	1.0016	-52.8021	-53.8037
BLOCK12/SES124/SA124S26	SES105	-1.71556	-56.289	-54.5734
BLOCK12/SES124/SA124S26	SES125	1.70998	-52.8634	-54.5734
BLOCK12/SES124/SA124S26	SES129	-2.50533	-57.0787	-54.5734
BLOCK12/SES124/SA124S26	SES158	0.853821	-53.7196	-54.5734
BLOCK12/SES124/SA124S28	SES104	1.20135	-53.162	-54.3634
BLOCK12/SES124/SA124S28	SES106	0.864216	-53.4992	-54.3634
BLOCK12/SES124/SA124S28	SES125	1.27311	-53.0903	-54.3634
BLOCK12/SES124/SA124S28	SES275	-1.9661	-56.3295	-54.3634
BLOCK12/SES126/SA126S13	SES007	-nan	-nan	-58.8159
BLOCK12/SES126/SA126S13	SES162	1.67916	-57.1367	-58.8159
BLOCK12/SES126/SA126S13	SES177	1.49482	-57.3211	-58.8159
BLOCK12/SES126/SA126S13	SES180	1.49075	-57.3252	-58.8159
BLOCK12/SES126/SA126S14	SES144	1.15879	-56.1729	-57.3317
BLOCK12/SES126/SA126S14	SES148	1.02902	-56.3027	-57.3317
BLOCK12/SES126/SA126S14	SES177	1.63983	-55.6919	-57.3317
BLOCK12/SES126/SA126S14	SES180	2.22784	-55.1039	-57.3317
BLOCK12/SES126/SA126S20	SES007	-nan	-nan	-57.466
BLOCK12/SES126/SA126S20	SES162	1.03983	-56.4262	-57.466
BLOCK12/SES126/SA126S20	SES172	-0.0244675	-57.4905	-57.466
BLOCK12/SES126/SA126S20	SES180	0.321041	-57.145	-57.466
BLOCK12/SES126/SA126S24	SES120	0.822517	-57.0764	-57.8989
BLOCK12/SES126/SA126S24	SES162	2.1879	-55.711	-57.8989
BLOCK12/SES126/SA126S24	SES177	1.56635	-56.3326	-57.8989
BLOCK12/SES126/SA126S24	SES180	2.42291	-55.476	-57.8989
BLOCK12/SES126/SA126S26	SES120	0.56543	-57.4156	-57.9811
BLOCK12/SES126/SA126S26	SES177	0.966137	-57.0149	-57.9811
BLOCK12/SES126/SA126S26	SES180	1.51231	-56.4688	-57.9811
BLOCK12/SES126/SA126S26	SES202	0.0836029	-57.8975	-57.9811
BLOCK12/SES128/SA128S10	SES087	-0.344753	-55.1794	-54.8346
BLOCK12/SES128/SA128S10	SES206	0.392418	-54.4422	-54.8346
BLOCK12/SES128/SA128S10	SES226	0.58176	-54.2529	-54.8346
BLOCK12/SES128/SA128S10	SES270	0.0796013	-54.755	-54.8346
BLOCK12/SES128/SA128S12	SES120	-0.968884	-56.0246	-55.0557
BLOCK12/SES128/SA128S12	SES158	0.452965	-54.6028	-55.0557
BLOCK12/SES128/SA128S12	SES206	0.630867	-54.4249	-55.0557
BLOCK12/SES128/SA128S12	SES226	0.713425	-54.3423	-55.0557
BLOCK12/SES128/SA128S21	SES106	-0.36396	-57.4895	-57.1255
BLOCK12/SES128/SA128S21	SES120	0.286911	-56.8386	-57.1255
BLOCK12/SES128/SA128S21	SES206	-0.143082	-57.2686	-57.1255
BLOCK12/SES128/SA128S21	SES226	0.681984	-56.4435	-57.1255
BLOCK12/SES128/SA128S24	SES087	-1.29527	-57.1136	-55.8183
BLOCK12/SES128/SA128S24	SES120	-0.337341	-56.1557	-55.8183
BLOCK12/SES128/SA128S24	SES206	-0.486614	-56.305	-55.8183
BLOCK12/SES128/SA128S24	SES226	-0.0443077	-55.8627	-55.8183
BLOCK12/SES128/SA128S27	SES099	-0.558674	-55.5023	-54.9436
BLOCK12/SES128/SA128S27	SES120	-0.402359	-55.346	-54.9436
BLOCK12/SES128/SA128S27	SES206	-0.133835	-55.0775	-54.9436
BLOCK12/SES128/SA128S27	SES226	0.561089	-54.3825	-54.9436
BLOCK13/SES130/SA130S13	SES143	-0.74379	-59.1554	-58.4116
BLOCK13/SES130/SA130S13	SES144	1.35823	-57.0534	-58.4116
BLOCK13/SES130/SA130S13	SES146	1.46041	-56.9512	-58.4116
BLOCK13/SES130/SA130S13	SES275	0.357269	-58.0544	-58.4116
BLOCK13/SES130/SA130S15	SES143	0.285614	-56.7903	-57.076
BLOCK13/SES130/SA130S15	SES144	1.10652	-55.9694	-57.076
BLOCK13/SES130/SA130S15	SES146	1.29273	-55.7832	-57.076
BLOCK13/SES130/SA130S15	SES275	1.01237	-56.0636	-57.076
BLOCK13/SES130/SA130S23	SES127	-0.639469	-58.4689	-57.8294
BLOCK13/SES130/SA130S23	SES144	0.747276	-57.0821	-57.8294
BLOCK13/SES130/SA130S23	SES146	1.12198	-56.7074	-57.8294
BLOCK13/SES130/SA130S23	SES162	-0.278767	-58.1082	-57.8294
BLOCK13/SES130/SA130S25	SES127	0.0377045	-56.824	-56.8617
BLOCK13/SES130/SA130S25	SES144	1.4473	-55.4144	-56.8617
BLOCK13/SES130/SA130S25	SES146	1.66643	-55.1953	-56.8617
BLOCK13/SES130/SA130S25	SES275	1.3252	-55.5365	-56.8617
BLOCK13/SES130/SA130S28	SES127	1.17557	-56.322	-57.4975
BLOCK13/SES130/SA130S28	SES144	1.71006	-55.7875	-57.4975
BLOCK13/SES130/SA130S28	SES146	1.35762	-56.1399	-57.4975
BLOCK13/SES130/SA130S28	SES275	1.87843	-55.6191	-57.4975
BLOCK13/SES131/SA131S13	SES002	0.0542755	-56.0141	-56.0684
BLOCK13/SES131/SA131S13	SES007	-nan	-nan	-56.0684
BLOCK13/SES131/SA131S13	SES099	-0.275227	-56.3436	-56.0684
BLOCK13/SES131/SA131S13	SES105	-1.46215	-57.5305	-56.0684
BLOCK13/SES131/SA131S14	SES104	0.57209	-54.6738	-55.2459
BLOCK13/SES131/SA131S14	SES106	1.05333	-54.1926	-55.2459
BLOCK13/SES131/SA131S14	SES125	-0.114769	-55.3607	-55.2459
BLOCK13/SES131/SA131S14	SES148	-1.25139	-56.4973	-55.2459
BLOCK13/SES131/SA131S20	SES104	0.0515709	-55.7339	-55.7855
BLOCK13/SES131/SA131S20	SES106	0.904335	-54.8811	-55.7855
BLOCK13/SES131/SA131S20	SES125	-0.273743	-56.0592	-55.7855
BLOCK13/SES131/SA131S20	SES148	-2.02558	-57.811	-55.7855
BLOCK13/SES131/SA131S22	SES099	0.412674	-54.7677	-55.1804
BLOCK13/SES131/SA131S22	SES104	0.736462	-54.4439	-55.1804
BLOCK13/SES131/SA131S22	SES125	0.437008	-54.7433	-55.1804
BLOCK13/SES131/SA131S22	SES206	0.305752	-54.8746	-55.1804
BLOCK13/SES131/SA131S29	SES087	0.392239	-55.3398	-55.732
BLOCK13/SES131/SA131S29	SES104	0.0964851	-55.6355	-55.732
BLOCK13/SES131/SA131S29	SES125	0.0714073	-55.6606	-55.732
BLOCK13/SES131/SA131S29	SES206	0.0608559	-55.6712	-55.732
BLOCK13/SES132/SA132S11	SES083	0.74189	-55.5662	-56.3081
BLOCK13/SES132/SA132S11	SES120	1.54329	-54.7648	-56.3081
BLOCK13/SES132/SA132S11	SES127	1.33461	-54.9735	-56.3081
BLOCK13/SES132/SA132S11	SES275	0.627357	-55.6808	-56.3081
BLOCK13/SES132/SA132S12	SES083	0.442226	-55.3703	-55.8125
BLOCK13/SES132/SA132S12	SES143	1.10931	-54.7032	-55.8125
BLOCK13/SES132/SA132S12	SES144	1.00792	-54.8046	-55.8125
BLOCK13/SES132/SA132S12	SES148	0.885181	-54.9273	-55.8125
BLOCK13/SES132/SA132S22	SES062	1.14642	-55.3893	-56.5357
BLOCK13/SES132/SA132S22	SES083	0.704906	-55.8308	-56.5357
BLOCK13/SES132/SA132S22	SES127	1.40153	-55.1342	-56.5357
BLOCK13/SES132/SA132S22	SES275	0.730408	-55.8053	-56.5357
BLOCK13/SES132/SA132S24	SES007	-nan	-nan	-56.3749
BLOCK13/SES132/SA132S24	SES083	0.770702	-55.6041	-56.3749
BLOCK13/SES132/SA132S24	SES127	0.934513	-55.4403	-56.3749
BLOCK13/SES132/SA132S24	SES275	0.0673943	-56.3075	-56.3749
BLOCK13/SES132/SA132S27	SES083	0.639614	-56.4414	-57.081
BLOCK13/SES132/SA132S27	SES120	1.51696	-55.5641	-57.081
BLOCK13/SES132/SA132S27	SES127	0.947281	-56.1337	-57.081
BLOCK13/SES132/SA132S27	SES275	0.514565	-56.5664	-57.081
BLOCK14/SES141/SA141S09	SES143	1.67188	-55.5205	-57.1923
BLOCK14/SES141/SA141S09	SES144	0.939503	-56.2528	-57.1923
BLOCK14/SES141/SA141S09	SES162	1.81068	-55.3817	-57.1923
BLOCK14/SES141/SA141S09	SES180	1.73043	-55.4619	-57.1923
BLOCK14/SES141/SA141S15	SES127	0.910156	-55.6205	-56.5306
BLOCK14/SES141/SA141S15	SES144	0.745468	-55.7852	-56.5306
BLOCK14/SES141/SA141S15	SES162	1.42849	-55.1022	-56.5306
BLOCK14/SES141/SA141S15	SES180	1.29249	-55.2382	-56.5306
BLOCK14/SES141/SA141S24	SES127	1.6121	-55.3447	-56.9568
BLOCK14/SES141/SA141S24	SES144	0.709202	-56.2476	-56.9568
BLOCK14/SES141/SA141S24	SES162	1.78511	-55.1717	-56.9568
BLOCK14/SES141/SA141S24	SES183	0.501614	-56.4552	-56.9568
BLOCK14/SES141/SA141S26	SES142	1.84399	-55.8329	-57.6769
BLOCK14/SES141/SA141S26	SES144	1.08837	-56.5885	-57.6769
BLOCK14/SES141/SA141S26	SES172	0.755878	-56.921	-57.6769
BLOCK14/SES141/SA141S26	SES180	2.08187	-55.595	-57.6769
BLOCK14/SES141/SA141S29	SES127	1.85275	-55.3679	-57.2207
BLOCK14/SES141/SA141S29	SES142	1.97533	-55.2454	-57.2207
BLOCK14/SES141/SA141S29	SES144	0.880566	-56.3401	-57.2207
BLOCK14/SES141/SA141S29	SES180	2.45868	-54.762	-57.2207
BLOCK15/SES157/SA157S08	SES083	0.738422	-55.9017	-56.6401
BLOCK15/SES157/SA157S08	SES127	0.0174408	-56.6227	-56.6401
BLOCK15/SES157/SA157S08	SES148	1.11563	-55.5245	-56.6401
BLOCK15/SES157/SA157S08	SES292	0.765285	-55.8749	-56.6401
BLOCK15/SES157/SA157S11	SES083	0.395508	-56.2345	-56.63
BLOCK15/SES157/SA157S11	SES127	-0.576046	-57.2061	-56.63
BLOCK15/SES157/SA157S11	SES148	0.540218	-56.0898	-56.63
BLOCK15/SES157/SA157S11	SES292	0.296421	-56.3336	-56.63
BLOCK15/SES157/SA157S21	SES127	-0.476955	-56.7222	-56.2453
BLOCK15/SES157/SA157S21	SES148	0.714088	-55.5312	-56.2453
BLOCK15/SES157/SA157S21	SES158	-2.34711	-58.5924	-56.2453
BLOCK15/SES157/SA157S21	SES292	0.77668	-55.4686	-56.2453
BLOCK15/SES157/SA157S24	SES127	-0.63229	-57.0378	-56.4055
BLOCK15/SES157/SA157S24	SES148	0.95232	-55.4532	-56.4055
BLOCK15/SES157/SA157S24	SES183	0.784691	-55.6208	-56.4055
BLOCK15/SES157/SA157S24	SES292	1.10632	-55.2992	-56.4055
BLOCK15/SES157/SA157S26	SES007	-nan	-nan	-56.2631
BLOCK15/SES157/SA157S26	SES127	0.833458	-55.4296	-56.2631
BLOCK15/SES157/SA157S26	SES147	-1.42089	-57.684	-56.2631
BLOCK15/SES157/SA157S26	SES148	1.0751	-55.188	-56.2631
BLOCK16/SES161/SA161S10	SES007	-nan	-nan	-55.988
BLOCK16/SES161/SA161S10	SES105	-0.269169	-56.2572	-55.988
BLOCK16/SES161/SA161S10	SES158	-0.547623	-56.5357	-55.988
BLOCK16/SES161/SA161S10	SES275	-0.948093	-56.9361	-55.988
BLOCK16/SES161/SA161S12	SES007	-nan	-nan	-55.853
BLOCK16/SES161/SA161S12	SES105	-0.456787	-56.3097	-55.853
BLOCK16/SES161/SA161S12	SES158	0.0553894	-55.7976	-55.853
BLOCK16/SES161/SA161S12	SES275	-0.885658	-56.7386	-55.853
BLOCK16/SES161/SA161S20	SES007	-nan	-nan	-56.5737
BLOCK16/SES161/SA161S20	SES105	-0.830734	-57.4044	-56.5737
BLOCK16/SES161/SA161S20	SES158	-0.80769	-57.3814	-56.5737
BLOCK16/SES161/SA161S20	SES275	-0.963902	-57.5376	-56.5737
BLOCK16/SES161/SA161S23	SES007	-nan	-nan	-55.7903
BLOCK16/SES161/SA161S23	SES105	0.00143433	-55.7889	-55.7903
BLOCK16/SES161/SA161S23	SES148	-0.927925	-56.7182	-55.7903
BLOCK16/SES161/SA161S23	SES158	-0.110645	-55.9009	-55.7903
BLOCK16/SES161/SA161S28	SES007	-nan	-nan	-55.6494
BLOCK16/SES161/SA161S28	SES105	-1.16592	-56.8153	-55.6494
BLOCK16/SES161/SA161S28	SES158	0.417324	-55.2321	-55.6494
BLOCK16/SES161/SA161S28	SES206	-0.364086	-56.0135	-55.6494
BLOCK16/SES164/SA164S11	SES104	0.629284	-54.0405	-54.6698
BLOCK16/SES164/SA164S11	SES125	0.706432	-53.9634	-54.6698
BLOCK16/SES164/SA164S11	SES158	1.1936	-53.4762	-54.6698
BLOCK16/SES164/SA164S11	SES206	0.372177	-54.2976	-54.6698
BLOCK16/SES164/SA164S13	SES099	0.129677	-55.6837	-55.8134
BLOCK16/SES164/SA164S13	SES104	-0.327927	-56.1413	-55.8134
BLOCK16/SES164/SA164S13	SES125	-0.438614	-56.252	-55.8134
BLOCK16/SES164/SA164S13	SES206	-0.17099	-55.9844	-55.8134
BLOCK16/SES164/SA164S24	SES002	0.903503	-54.1907	-55.0942
BLOCK16/SES164/SA164S24	SES099	0.770023	-54.3242	-55.0942
BLOCK16/SES164/SA164S24	SES125	0.24564	-54.8485	-55.0942
BLOCK16/SES164/SA164S24	SES226	0.491177	-54.603	-55.0942
BLOCK16/SES164/SA164S27	SES087	0.0305214	-55.3995	-55.43
BLOCK16/SES164/SA164S27	SES125	0.454082	-54.9759	-55.43
BLOCK16/SES164/SA164S27	SES206	0.173428	-55.2566	-55.43
BLOCK16/SES164/SA164S27	SES226	0.0466919	-55.3833	-55.43
BLOCK16/SES164/SA164S29	SES002	0.416786	-54.529	-54.9458
BLOCK16/SES164/SA164S29	SES019	0.283302	-54.6625	-54.9458
BLOCK16/SES164/SA164S29	SES125	0.457695	-54.4881	-54.9458
BLOCK16/SES164/SA164S29	SES226	-0.0881691	-55.0339	-54.9458
BLOCK16/SES169/SA169S13	SES117	-0.0133514	-56.6634	-56.65
BLOCK16/SES169/SA169S13	SES144	0.71183	-55.9382	-56.65
BLOCK16/SES169/SA169S13	SES146	0.861214	-55.7888	-56.65
BLOCK16/SES169/SA169S13	SES162	-0.635098	-57.2851	-56.65
BLOCK16/SES169/SA169S14	SES144	1.07541	-54.999	-56.0744
BLOCK16/SES169/SA169S14	SES148	1.10168	-54.9727	-56.0744
BLOCK16/SES169/SA169S14	SES177	0.19006	-55.8843	-56.0744
BLOCK16/SES169/SA169S14	SES180	-0.360802	-56.4352	-56.0744
BLOCK16/SES169/SA169S24	SES117	0.155365	-57.3351	-57.4905
BLOCK16/SES169/SA169S24	SES144	0.824074	-56.6664	-57.4905
BLOCK16/SES169/SA169S24	SES146	1.06131	-56.4292	-57.4905
BLOCK16/SES169/SA169S24	SES162	0.167583	-57.3229	-57.4905
BLOCK16/SES169/SA169S27	SES127	1.00166	-56.0063	-57.008
BLOCK16/SES169/SA169S27	SES129	1.42992	-55.578	-57.008
BLOCK16/SES169/SA169S27	SES144	1.0685	-55.9395	-57.008
BLOCK16/SES169/SA169S27	SES146	1.53682	-55.4711	-57.008
BLOCK16/SES169/SA169S29	SES144	0.919788	-54.9644	-55.8841
BLOCK16/SES169/SA169S29	SES162	-0.118881	-56.003	-55.8841
BLOCK16/SES169/SA169S29	SES177	-0.585636	-56.4698	-55.8841
BLOCK16/SES169/SA169S29	SES180	-0.569611	-56.4538	-55.8841
BLOCK17/SES171/SA171S12	SES083	0.542988	-56.2974	-56.8404
BLOCK17/SES171/SA171S12	SES148	0.894932	-55.9455	-56.8404
BLOCK17/SES171/SA171S12	SES172	0.981087	-55.8593	-56.8404
BLOCK17/SES171/SA171S12	SES292	0.38065	-56.4597	-56.8404
BLOCK17/SES171/SA171S15	SES148	0.877819	-57.4916	-58.3695
BLOCK17/SES171/SA171S15	SES177	0.425896	-57.9436	-58.3695
BLOCK17/SES171/SA171S15	SES180	-0.579399	-58.9489	-58.3695
BLOCK17/SES171/SA171S15	SES292	-0.756939	-59.1264	-58.3695
BLOCK17/SES171/SA171S22	SES007	-nan	-nan	-56.2317
BLOCK17/SES171/SA171S22	SES148	1.09952	-55.1322	-56.2317
BLOCK17/SES171/SA171S22	SES177	1.1171	-55.1146	-56.2317
BLOCK17/SES171/SA171S22	SES180	0.553745	-55.678	-56.2317
BLOCK17/SES171/SA171S25	SES101	-0.269615	-59.1715	-58.9019
BLOCK17/SES171/SA171S25	SES120	-0.616833	-59.5187	-58.9019
BLOCK17/SES171/SA171S25	SES177	0.745255	-58.1566	-58.9019
BLOCK17/SES171/SA171S25	SES180	0.265072	-58.6368	-58.9019
BLOCK17/SES171/SA171S27	SES177	1.38566	-56.141	-57.5267
BLOCK17/SES171/SA171S27	SES180	0.544701	-56.982	-57.5267
BLOCK17/SES171/SA171S27	SES189	1.02857	-56.4981	-57.5267
BLOCK17/SES171/SA171S27	SES292	0.0504303	-57.4763	-57.5267
BLOCK17/SES173/SA173S13	SES162	0.900276	-58.2622	-59.1625
BLOCK17/SES173/SA173S13	SES177	1.00605	-58.1564	-59.1625
BLOCK17/SES173/SA173S13	SES180	0.693871	-58.4686	-59.1625
BLOCK17/SES173/SA173S13	SES292	-1.21726	-60.3797	-59.1625
BLOCK17/SES173/SA173S14	SES007	-nan	-nan	-59.3576
BLOCK17/SES173/SA173S14	SES162	1.00483	-58.3527	-59.3576
BLOCK17/SES173/SA173S14	SES177	0.9487	-58.4089	-59.3576
BLOCK17/SES173/SA173S14	SES180	0.85836	-58.4992	-59.3576
BLOCK17/SES173/SA173S24	SES144	1.51406	-59.0579	-60.5719
BLOCK17/SES173/SA173S24	SES162	0.770638	-59.8013	-60.5719
BLOCK17/SES173/SA173S24	SES177	0.519772	-60.0522	-60.5719
BLOCK17/SES173/SA173S24	SES180	0.434475	-60.1375	-60.5719
BLOCK17/SES173/SA173S27	SES162	0.731758	-58.0447	-58.7764
BLOCK17/SES173/SA173S27	SES177	0.70808	-58.0684	-58.7764
BLOCK17/SES173/SA173S27	SES180	0.634243	-58.1422	-58.7764
BLOCK17/SES173/SA173S27	SES292	-1.22868	-60.0051	-58.7764
BLOCK17/SES173/SA173S29	SES162	0.882748	-59.1773	-60.06
BLOCK17/SES173/SA173S29	SES175	1.74681	-58.3132	-60.06
BLOCK17/SES173/SA173S29	SES177	0.811535	-59.2485	-60.06
BLOCK17/SES173/SA173S29	SES292	-1.34584	-61.4059	-60.06
BLOCK18/SES182/SA182S10	SES144	0.602818	-55.5984	-56.2013
BLOCK18/SES182/SA182S10	SES177	0.148338	-56.0529	-56.2013
BLOCK18/SES182/SA182S10	SES180	0.326511	-55.8748	-56.2013
BLOCK18/SES182/SA182S10	SES275	0.176624	-56.0246	-56.2013
BLOCK18/SES182/SA182S12	SES144	0.904381	-55.3533	-56.2577
BLOCK18/SES182/SA182S12	SES177	0.725033	-55.5327	-56.2577
BLOCK18/SES182/SA182S12	SES180	0.723545	-55.5342	-56.2577
BLOCK18/SES182/SA182S12	SES275	0.290554	-55.9672	-56.2577
BLOCK18/SES182/SA182S21	SES117	1.26399	-56.8046	-58.0686
BLOCK18/SES182/SA182S21	SES144	0.939518	-57.1291	-58.0686
BLOCK18/SES182/SA182S21	SES162	1.82653	-56.2421	-58.0686
BLOCK18/SES182/SA182S21	SES180	1.86199	-56.2066	-58.0686
BLOCK18/SES182/SA182S23	SES117	0.813145	-56.1291	-56.9423
BLOCK18/SES182/SA182S23	SES144	0.584164	-56.3581	-56.9423
BLOCK18/SES182/SA182S23	SES180	0.933655	-56.0086	-56.9423
BLOCK18/SES182/SA182S23	SES275	0.313244	-56.629	-56.9423
BLOCK18/SES182/SA182S25	SES007	-nan	-nan	-57.8548
BLOCK18/SES182/SA182S25	SES162	1.63594	-56.2189	-57.8548
BLOCK18/SES182/SA182S25	SES177	1.46538	-56.3894	-57.8548
BLOCK18/SES182/SA182S25	SES180	1.60192	-56.2529	-57.8548
BLOCK18/SES184/SA184S12	SES177	1.25533	-55.8468	-57.1021
BLOCK18/SES184/SA184S12	SES180	0.864021	-56.2381	-57.1021
BLOCK18/SES184/SA184S12	SES189	-0.3312	-57.4333	-57.1021
BLOCK18/SES184/SA184S12	SES292	0.545284	-56.5568	-57.1021
BLOCK18/SES184/SA184S13	SES101	0.233913	-57.1386	-57.3725
BLOCK18/SES184/SA184S13	SES177	1.06894	-56.3035	-57.3725
BLOCK18/SES184/SA184S13	SES180	0.818722	-56.5538	-57.3725
BLOCK18/SES184/SA184S13	SES292	0.955589	-56.4169	-57.3725
BLOCK18/SES184/SA184S22	SES177	1.15451	-55.8694	-57.0239
BLOCK18/SES184/SA184S22	SES180	1.13896	-55.8849	-57.0239
BLOCK18/SES184/SA184S22	SES189	-0.192154	-57.216	-57.0239
BLOCK18/SES184/SA184S22	SES292	0.736687	-56.2872	-57.0239
BLOCK18/SES184/SA184S25	SES101	1.88151	-54.9232	-56.8047
BLOCK18/SES184/SA184S25	SES177	1.74907	-55.0556	-56.8047
BLOCK18/SES184/SA184S25	SES180	1.40567	-55.399	-56.8047
BLOCK18/SES184/SA184S25	SES292	2.04062	-54.7641	-56.8047
BLOCK18/SES184/SA184S27	SES083	1.20167	-55.6812	-56.8829
BLOCK18/SES184/SA184S27	SES177	1.03423	-55.8486	-56.8829
BLOCK18/SES184/SA184S27	SES202	-0.208466	-57.0913	-56.8829
BLOCK18/SES184/SA184S27	SES292	1.06892	-55.8139	-56.8829
BLOCK20/SES204/SA204S12	SES062	-0.935013	-55.8571	-54.9221
BLOCK20/SES204/SA204S12	SES083	-1.20541	-56.1275	-54.9221
BLOCK20/SES204/SA204S12	SES206	1.08203	-53.84	-54.9221
BLOCK20/SES204/SA204S12	SES226	0.509914	-54.4122	-54.9221
BLOCK20/SES204/SA204S14	SES068	-1.45943	-55.7349	-54.2754
BLOCK20/SES204/SA204S14	SES087	0.708923	-53.5665	-54.2754
BLOCK20/SES204/SA204S14	SES206	0.445602	-53.8298	-54.2754
BLOCK20/SES204/SA204S14	SES226	0.628586	-53.6468	-54.2754
BLOCK20/SES204/SA204S22	SES068	-1.77091	-56.9923	-55.2214
BLOCK20/SES204/SA204S22	SES082	-0.4114	-55.6328	-55.2214
BLOCK20/SES204/SA204S22	SES083	-1.47264	-56.694	-55.2214
BLOCK20/SES204/SA204S22	SES206	0.731709	-54.4897	-55.2214
BLOCK20/SES204/SA204S25	SES062	-1.59321	-56.5258	-54.9326
BLOCK20/SES204/SA204S25	SES083	-1.53914	-56.4717	-54.9326
BLOCK20/SES204/SA204S25	SES206	0.734665	-54.1979	-54.9326
BLOCK20/SES204/SA204S25	SES226	0.196106	-54.7365	-54.9326
BLOCK20/SES204/SA204S27	SES068	-2.42846	-57.4344	-55.0059
BLOCK20/SES204/SA204S27	SES082	0.0652924	-54.9406	-55.0059
BLOCK20/SES204/SA204S27	SES087	0.426323	-54.5796	-55.0059
BLOCK20/SES204/SA204S27	SES206	0.540813	-54.4651	-55.0059
BLOCK20/SES207/SA207S10	SES127	0.683926	-56.2522	-56.9361
BLOCK20/SES207/SA207S10	SES183	0.691124	-56.245	-56.9361
BLOCK20/SES207/SA207S10	SES189	0.487816	-56.4483	-56.9361
BLOCK20/SES207/SA207S10	SES292	0.305225	-56.6309	-56.9361
BLOCK20/SES207/SA207S11	SES127	0.508038	-57.1133	-57.6214
BLOCK20/SES207/SA207S11	SES183	1.49614	-56.1252	-57.6214
BLOCK20/SES207/SA207S11	SES187	1.59126	-56.0301	-57.6214
BLOCK20/SES207/SA207S11	SES292	0.660011	-56.9614	-57.6214
BLOCK20/SES207/SA207S25	SES068	1.08778	-56.8309	-57.9187
BLOCK20/SES207/SA207S25	SES083	0.959602	-56.9591	-57.9187
BLOCK20/SES207/SA207S25	SES127	1.16859	-56.7501	-57.9187
BLOCK20/SES207/SA207S25	SES187	1.72214	-56.1965	-57.9187
BLOCK20/SES207/SA207S27	SES127	0.365597	-57.4046	-57.7702
BLOCK20/SES207/SA207S27	SES183	1.11874	-56.6515	-57.7702
BLOCK20/SES207/SA207S27	SES187	1.25858	-56.5116	-57.7702
BLOCK20/SES207/SA207S27	SES292	0.355228	-57.415	-57.7702
BLOCK20/SES207/SA207S29	SES083	1.06866	-56.819	-57.8876
BLOCK20/SES207/SA207S29	SES085	1.38103	-56.5066	-57.8876
BLOCK20/SES207/SA207S29	SES172	1.21563	-56.672	-57.8876
BLOCK20/SES207/SA207S29	SES189	0.846989	-57.0406	-57.8876
BLOCK22/SES221/SA221S12	SES068	0.724335	-57.7566	-58.4809
BLOCK22/SES221/SA221S12	SES143	1.76207	-56.7188	-58.4809
BLOCK22/SES221/SA221S12	SES175	2.59869	-55.8822	-58.4809
BLOCK22/SES221/SA221S12	SES202	2.54346	-55.9374	-58.4809
BLOCK22/SES221/SA221S15	SES085	0.202431	-59.9286	-60.1311
BLOCK22/SES221/SA221S15	SES143	1.81965	-58.3114	-60.1311
BLOCK22/SES221/SA221S15	SES175	1.56367	-58.5674	-60.1311
BLOCK22/SES221/SA221S15	SES187	2.5584	-57.5726	-60.1311
BLOCK22/SES221/SA221S23	SES068	0.476814	-58.4093	-58.8862
BLOCK22/SES221/SA221S23	SES143	1.48555	-57.4006	-58.8862
BLOCK22/SES221/SA221S23	SES175	2.37048	-56.5157	-58.8862
BLOCK22/SES221/SA221S23	SES189	2.62598	-56.2602	-58.8862
BLOCK22/SES221/SA221S27	SES085	0.827324	-58.7954	-59.6227
BLOCK22/SES221/SA221S27	SES143	2.12167	-57.5011	-59.6227
BLOCK22/SES221/SA221S27	SES175	1.70855	-57.9142	-59.6227
BLOCK22/SES221/SA221S27	SES189	3.42345	-56.1993	-59.6227
BLOCK22/SES221/SA221S29	SES085	0.427341	-60.4518	-60.8792
BLOCK22/SES221/SA221S29	SES143	1.61924	-59.2599	-60.8792
BLOCK22/SES221/SA221S29	SES175	1.25427	-59.6249	-60.8792
BLOCK22/SES221/SA221S29	SES187	2.40247	-58.4767	-60.8792
BLOCK22/SES223/SA223S11	SES143	1.50216	-57.2229	-58.7251
BLOCK22/SES223/SA223S11	SES144	0.424938	-58.3001	-58.7251
BLOCK22/SES223/SA223S11	SES175	1.36695	-57.3581	-58.7251
BLOCK22/SES223/SA223S11	SES187	1.66168	-57.0634	-58.7251
BLOCK22/SES223/SA223S13	SES068	-0.027256	-59.1719	-59.1446
BLOCK22/SES223/SA223S13	SES143	0.853138	-58.2915	-59.1446
BLOCK22/SES223/SA223S13	SES146	-0.267273	-59.4119	-59.1446
BLOCK22/SES223/SA223S13	SES202	0.790424	-58.3542	-59.1446
BLOCK22/SES223/SA223S22	SES143	1.59031	-57.326	-58.9163
BLOCK22/SES223/SA223S22	SES144	0.830296	-58.086	-58.9163
BLOCK22/SES223/SA223S22	SES175	1.35141	-57.5649	-58.9163
BLOCK22/SES223/SA223S22	SES187	1.94112	-56.9752	-58.9163
BLOCK22/SES223/SA223S25	SES068	0.113289	-58.8652	-58.9785
BLOCK22/SES223/SA223S25	SES143	1.21887	-57.7596	-58.9785
BLOCK22/SES223/SA223S25	SES175	1.47952	-57.499	-58.9785
BLOCK22/SES223/SA223S25	SES187	1.77182	-57.2066	-58.9785
BLOCK22/SES223/SA223S27	SES143	1.74275	-57.6441	-59.3868
BLOCK22/SES223/SA223S27	SES146	0.631935	-58.7549	-59.3868
BLOCK22/SES223/SA223S27	SES187	1.855	-57.5318	-59.3868
BLOCK22/SES223/SA223S27	SES292	-0.147381	-59.5342	-59.3868
BLOCK27/SES273/SA273S12	SES099	1.24273	-52.7489	-53.9916
BLOCK27/SES273/SA273S12	SES104	1.75812	-52.2335	-53.9916
BLOCK27/SES273/SA273S12	SES125	1.25417	-52.7374	-53.9916
BLOCK27/SES273/SA273S12	SES206	1.68855	-52.3031	-53.9916
BLOCK27/SES273/SA273S13	SES099	0.77039	-53.073	-53.8434
BLOCK27/SES273/SA273S13	SES104	0.875217	-52.9681	-53.8434
BLOCK27/SES273/SA273S13	SES206	1.35202	-52.4913	-53.8434
BLOCK27/SES273/SA273S13	SES292	-1.30441	-55.1478	-53.8434
BLOCK27/SES273/SA273S21	SES099	0.868568	-52.1834	-53.052
BLOCK27/SES273/SA273S21	SES148	-2.08548	-55.1375	-53.052
BLOCK27/SES273/SA273S21	SES149	0.45787	-52.5941	-53.052
BLOCK27/SES273/SA273S21	SES177	-2.75508	-55.8071	-53.052
BLOCK27/SES273/SA273S25	SES104	1.00126	-52.7668	-53.768
BLOCK27/SES273/SA273S25	SES125	1.04253	-52.7255	-53.768
BLOCK27/SES273/SA273S25	SES158	1.14328	-52.6248	-53.768
BLOCK27/SES273/SA273S25	SES206	1.5094	-52.2586	-53.768
BLOCK27/SES273/SA273S27	SES099	1.31069	-52.9085	-54.2192
BLOCK27/SES273/SA273S27	SES104	0.748268	-53.4709	-54.2192
BLOCK27/SES273/SA273S27	SES149	1.08602	-53.1332	-54.2192
BLOCK27/SES273/SA273S27	SES275	-0.268089	-54.4873	-54.2192
BLOCK27/SES274/SA274S10	SES105	-0.879066	-54.8636	-53.9845
BLOCK27/SES274/SA274S10	SES125	0.914742	-53.0698	-53.9845
BLOCK27/SES274/SA274S10	SES129	-0.570946	-54.5555	-53.9845
BLOCK27/SES274/SA274S10	SES158	-0.0883713	-54.0729	-53.9845
BLOCK27/SES274/SA274S11	SES105	-0.991318	-54.6754	-53.6841
BLOCK27/SES274/SA274S11	SES149	0.0926552	-53.5914	-53.6841
BLOCK27/SES274/SA274S11	SES158	0.242283	-53.4418	-53.6841
BLOCK27/SES274/SA274S11	SES275	-1.03444	-54.7185	-53.6841
BLOCK27/SES274/SA274S21	SES105	-1.00049	-55.0295	-54.029
BLOCK27/SES274/SA274S21	SES129	-1.00146	-55.0305	-54.029
BLOCK27/SES274/SA274S21	SES149	-0.227024	-54.256	-54.029
BLOCK27/SES274/SA274S21	SES158	-0.446621	-54.4756	-54.029
BLOCK27/SES274/SA274S24	SES105	-1.69149	-54.9158	-53.2243
BLOCK27/SES274/SA274S24	SES129	-1.50448	-54.7288	-53.2243
BLOCK27/SES274/SA274S24	SES149	-0.301205	-53.5255	-53.2243
BLOCK27/SES274/SA274S24	SES158	-0.0918655	-53.3162	-53.2243
BLOCK27/SES274/SA274S29	SES105	-0.959187	-54.8911	-53.9319
BLOCK27/SES274/SA274S29	SES106	0.029438	-53.9025	-53.9319
BLOCK27/SES274/SA274S29	SES120	-1.27474	-55.2067	-53.9319
BLOCK27/SES274/SA274S29	SES275	-0.895916	-54.8279	-53.9319
BLOCK27/SES276/SA276S16	SES148	1.0942	-56.4632	-57.5574
BLOCK27/SES276/SA276S16	SES172	0.706547	-56.8509	-57.5574
BLOCK27/SES276/SA276S16	SES180	-0.619381	-58.1768	-57.5574
BLOCK27/SES276/SA276S16	SES292	1.53361	-56.0238	-57.5574
BLOCK27/SES276/SA276S17	SES101	0.623341	-56.7214	-57.3447
BLOCK27/SES276/SA276S17	SES177	0.484615	-56.8601	-57.3447
BLOCK27/SES276/SA276S17	SES180	0.298035	-57.0467	-57.3447
BLOCK27/SES276/SA276S17	SES292	0.881207	-56.4635	-57.3447
BLOCK27/SES276/SA276S24	SES101	1.10147	-56.0065	-57.1079
BLOCK27/SES276/SA276S24	SES177	0.635303	-56.4726	-57.1079
BLOCK27/SES276/SA276S24	SES180	0.306179	-56.8018	-57.1079
BLOCK27/SES276/SA276S24	SES292	1.34457	-55.7634	-57.1079
BLOCK27/SES276/SA276S26	SES101	0.267853	-57.3825	-57.6503
BLOCK27/SES276/SA276S26	SES177	0.94931	-56.701	-57.6503
BLOCK27/SES276/SA276S26	SES180	0.826359	-56.824	-57.6503
BLOCK27/SES276/SA276S26	SES292	0.903324	-56.747	-57.6503
BLOCK27/SES276/SA276S28	SES101	0.806324	-56.9924	-57.7988
BLOCK27/SES276/SA276S28	SES177	1.09182	-56.707	-57.7988
BLOCK27/SES276/SA276S28	SES180	0.949913	-56.8489	-57.7988
BLOCK27/SES276/SA276S28	SES292	1.12724	-56.6715	-57.7988
BLOCK27/SES277/SA277S12	SES101	0.495007	-56.9223	-57.4173
BLOCK27/SES277/SA277S12	SES177	-0.224091	-57.6414	-57.4173
BLOCK27/SES277/SA277S12	SES180	0.41925	-56.998	-57.4173
BLOCK27/SES277/SA277S12	SES292	-0.0325699	-57.4498	-57.4173
BLOCK27/SES277/SA277S14	SES177	0.792446	-57.0091	-57.8015
BLOCK27/SES277/SA277S14	SES180	-0.0935516	-57.8951	-57.8015
BLOCK27/SES277/SA277S14	SES189	1.13721	-56.6643	-57.8015
BLOCK27/SES277/SA277S14	SES292	-0.584419	-58.386	-57.8015
BLOCK27/SES277/SA277S21	SES177	0.874054	-55.9896	-56.8636
BLOCK27/SES277/SA277S21	SES180	0.337971	-56.5257	-56.8636
BLOCK27/SES277/SA277S21	SES189	0.656754	-56.2069	-56.8636
BLOCK27/SES277/SA277S21	SES292	0.13876	-56.7249	-56.8636
BLOCK27/SES277/SA277S24	SES144	0.33363	-58.0135	-58.3471
BLOCK27/SES277/SA277S24	SES177	0.415199	-57.9319	-58.3471
BLOCK27/SES277/SA277S24	SES180	0.0581665	-58.2889	-58.3471
BLOCK27/SES277/SA277S24	SES189	0.593739	-57.7534	-58.3471
BLOCK27/SES277/SA277S29	SES177	1.76661	-55.3294	-57.0961
BLOCK27/SES277/SA277S29	SES180	1.40368	-55.6924	-57.0961
BLOCK27/SES277/SA277S29	SES202	1.23027	-55.8658	-57.0961
BLOCK27/SES277/SA277S29	SES292	0.437496	-56.6586	-57.0961
BLOCK27/SES279/SA279S09	SES120	-0.270248	-55.4915	-55.2212
BLOCK27/SES279/SA279S09	SES146	0.121021	-55.1002	-55.2212
BLOCK27/SES279/SA279S09	SES206	-0.0271759	-55.2484	-55.2212
BLOCK27/SES279/SA279S09	SES226	-0.218964	-55.4402	-55.2212
BLOCK27/SES279/SA279S10	SES099	-0.633598	-54.9935	-54.3599
BLOCK27/SES279/SA279S10	SES206	-0.118027	-54.478	-54.3599
BLOCK27/SES279/SA279S10	SES226	0.179413	-54.1805	-54.3599
BLOCK27/SES279/SA279S10	SES292	-0.647583	-55.0075	-54.3599
BLOCK27/SES279/SA279S20	SES099	-1.01633	-56.5044	-55.488
BLOCK27/SES279/SA279S20	SES206	-0.232864	-55.7209	-55.488
BLOCK27/SES279/SA279S20	SES226	0.144791	-55.3433	-55.488
BLOCK27/SES279/SA279S20	SES292	0.165615	-55.3224	-55.488
BLOCK27/SES279/SA279S26	SES099	-0.684856	-56.0517	-55.3669
BLOCK27/SES279/SA279S26	SES206	0.158344	-55.2085	-55.3669
BLOCK27/SES279/SA279S26	SES226	0.268826	-55.098	-55.3669
BLOCK27/SES279/SA279S26	SES292	-0.111053	-55.4779	-55.3669
BLOCK27/SES279/SA279S28	SES099	-0.466286	-55.0678	-54.6015
BLOCK27/SES279/SA279S28	SES120	-0.00505829	-54.6066	-54.6015
BLOCK27/SES279/SA279S28	SES177	-1.54487	-56.1464	-54.6015
BLOCK27/SES279/SA279S28	SES206	-0.233051	-54.8346	-54.6015
BLOCK29/SES290/SA290S12	SES162	1.36467	-56.2806	-57.6452
BLOCK29/SES290/SA290S12	SES177	1.41937	-56.2259	-57.6452
BLOCK29/SES290/SA290S12	SES180	0.485989	-57.1593	-57.6452
BLOCK29/SES290/SA290S12	SES292	-0.295509	-57.9408	-57.6452
BLOCK29/SES290/SA290S13	SES007	-nan	-nan	-58.7273
BLOCK29/SES290/SA290S13	SES162	0.846375	-57.8809	-58.7273
BLOCK29/SES290/SA290S13	SES177	1.18328	-57.544	-58.7273
BLOCK29/SES290/SA290S13	SES180	0.788086	-57.9392	-58.7273
BLOCK29/SES290/SA290S22	SES177	1.48096	-56.2537	-57.7347
BLOCK29/SES290/SA290S22	SES180	1.5585	-56.1762	-57.7347
BLOCK29/SES290/SA290S22	SES202	1.77222	-55.9625	-57.7347
BLOCK29/SES290/SA290S22	SES292	0.0607758	-57.6739	-57.7347
BLOCK29/SES290/SA290S25	SES162	1.71053	-55.6105	-57.3211
BLOCK29/SES290/SA290S25	SES177	1.42163	-55.8994	-57.3211
BLOCK29/SES290/SA290S25	SES180	1.62442	-55.6966	-57.3211
BLOCK29/SES290/SA290S25	SES292	0.185326	-57.1357	-57.3211
BLOCK29/SES290/SA290S29	SES177	1.55072	-55.3241	-56.8748
BLOCK29/SES290/SA290S29	SES180	1.5318	-55.343	-56.8748
BLOCK29/SES290/SA290S29	SES275	0.193527	-56.6813	-56.8748
BLOCK29/SES290/SA290S29	SES292	0.725063	-56.1497	-56.8748
BLOCK29/SES291/SA291S11	SES105	-1.57087	-56.9347	-55.3639
BLOCK29/SES291/SA291S11	SES125	0.973537	-54.3903	-55.3639
BLOCK29/SES291/SA291S11	SES158	0.824841	-54.539	-55.3639
BLOCK29/SES291/SA291S11	SES275	-1.65405	-57.0179	-55.3639
BLOCK29/SES291/SA291S12	SES158	0.856163	-53.7046	-54.5607
BLOCK29/SES291/SA291S12	SES226	0.270996	-54.2897	-54.5607
BLOCK29/SES291/SA291S12	SES270	1.32684	-53.2339	-54.5607
BLOCK29/SES291/SA291S12	SES275	-1.78149	-56.3422	-54.5607
BLOCK29/SES291/SA291S22	SES082	0.412842	-54.239	-54.6519
BLOCK29/SES291/SA291S22	SES158	0.818199	-53.8337	-54.6519
BLOCK29/SES291/SA291S22	SES259	0.512844	-54.139	-54.6519
BLOCK29/SES291/SA291S22	SES275	-1.43662	-56.0885	-54.6519
BLOCK29/SES291/SA291S24	SES104	1.81212	-51.9349	-53.7471
BLOCK29/SES291/SA291S24	SES125	1.54585	-52.2012	-53.7471
BLOCK29/SES291/SA291S24	SES158	1.22392	-52.5232	-53.7471
BLOCK29/SES291/SA291S24	SES275	-1.41306	-55.1601	-53.7471
BLOCK29/SES291/SA291S27	SES158	1.79354	-53.2815	-55.075
BLOCK29/SES291/SA291S27	SES172	-1.8373	-56.9123	-55.075
BLOCK29/SES291/SA291S27	SES275	-1.46628	-56.5413	-55.075
BLOCK29/SES291/SA291S27	SES292	-1.43275	-56.5078	-55.075
